#-----------------------------------------------------------
# Vivado v2023.2 (64-bit)
# SW Build 4029153 on Fri Oct 13 20:14:34 MDT 2023
# IP Build 4028589 on Sat Oct 14 00:45:43 MDT 2023
# SharedData Build 4025554 on Tue Oct 10 17:18:54 MDT 2023
# Start of session at: Fri Apr 19 13:29:24 2024
# Process ID: 23480
# Current directory: C:/XilinxDev/SOC/Seppe-en-Kobe/VHDL/ip_repo
# Command line: vivado.exe -gui_launcher_event rodinguilauncherevent8168 C:\XilinxDev\SOC\Seppe-en-Kobe\VHDL\ip_repo\edit_Speedsensor_v1_0.xpr
# Log file: C:/XilinxDev/SOC/Seppe-en-Kobe/VHDL/ip_repo/vivado.log
# Journal file: C:/XilinxDev/SOC/Seppe-en-Kobe/VHDL/ip_repo\vivado.jou
# Running On: Beta, OS: Windows, CPU Frequency: 3493 MHz, CPU Physical cores: 11, Host memory: 16312 MB
#-----------------------------------------------------------
start_gui
open_project C:/XilinxDev/SOC/Seppe-en-Kobe/VHDL/ip_repo/edit_Speedsensor_v1_0.xpr
WARNING: [Board 49-26] cannot add Board Part xilinx.com:ac701:part0:1.4 available at C:/Xilinx/Vivado/2023.2/data/xhub/boards/XilinxBoardStore/boards/Xilinx/ac701/1.4/board.xml as part xc7a200tfbg676-2 specified in board_part file is either invalid or not available
WARNING: [Board 49-26] cannot add Board Part xilinx.com:k24c:part0:1.0 available at C:/Xilinx/Vivado/2023.2/data/xhub/boards/XilinxBoardStore/boards/Xilinx/k24c/1.0/board.xml as part xck24-ubva530-2lv-c specified in board_part file is either invalid or not available
WARNING: [Board 49-26] cannot add Board Part xilinx.com:k24i:part0:1.0 available at C:/Xilinx/Vivado/2023.2/data/xhub/boards/XilinxBoardStore/boards/Xilinx/k24i/1.0/board.xml as part xck24-ubva530-2lvi-i specified in board_part file is either invalid or not available
WARNING: [Board 49-26] cannot add Board Part xilinx.com:k26c:part0:1.2 available at C:/Xilinx/Vivado/2023.2/data/xhub/boards/XilinxBoardStore/boards/Xilinx/k26c/1.2/board.xml as part xck26-sfvc784-2lv-c specified in board_part file is either invalid or not available
WARNING: [Board 49-26] cannot add Board Part xilinx.com:k26c:part0:1.3 available at C:/Xilinx/Vivado/2023.2/data/xhub/boards/XilinxBoardStore/boards/Xilinx/k26c/1.3/board.xml as part xck26-sfvc784-2lv-c specified in board_part file is either invalid or not available
WARNING: [Board 49-26] cannot add Board Part xilinx.com:k26c:part0:1.4 available at C:/Xilinx/Vivado/2023.2/data/xhub/boards/XilinxBoardStore/boards/Xilinx/k26c/1.4/board.xml as part xck26-sfvc784-2lv-c specified in board_part file is either invalid or not available
WARNING: [Board 49-26] cannot add Board Part xilinx.com:k26i:part0:1.2 available at C:/Xilinx/Vivado/2023.2/data/xhub/boards/XilinxBoardStore/boards/Xilinx/k26i/1.2/board.xml as part xck26-sfvc784-2lvi-i specified in board_part file is either invalid or not available
WARNING: [Board 49-26] cannot add Board Part xilinx.com:k26i:part0:1.3 available at C:/Xilinx/Vivado/2023.2/data/xhub/boards/XilinxBoardStore/boards/Xilinx/k26i/1.3/board.xml as part xck26-sfvc784-2lvi-i specified in board_part file is either invalid or not available
WARNING: [Board 49-26] cannot add Board Part xilinx.com:k26i:part0:1.4 available at C:/Xilinx/Vivado/2023.2/data/xhub/boards/XilinxBoardStore/boards/Xilinx/k26i/1.4/board.xml as part xck26-sfvc784-2lvi-i specified in board_part file is either invalid or not available
WARNING: [Board 49-26] cannot add Board Part xilinx.com:kc705:part0:1.6 available at C:/Xilinx/Vivado/2023.2/data/xhub/boards/XilinxBoardStore/boards/Xilinx/kc705/1.6/board.xml as part xc7k325tffg900-2 specified in board_part file is either invalid or not available
WARNING: [Board 49-26] cannot add Board Part xilinx.com:kcu105:part0:1.6 available at C:/Xilinx/Vivado/2023.2/data/xhub/boards/XilinxBoardStore/boards/Xilinx/kcu105/1.6/board.xml as part xcku040-ffva1156-2-e specified in board_part file is either invalid or not available
WARNING: [Board 49-26] cannot add Board Part xilinx.com:kcu105:part0:1.7 available at C:/Xilinx/Vivado/2023.2/data/xhub/boards/XilinxBoardStore/boards/Xilinx/kcu105/1.7/board.xml as part xcku040-ffva1156-2-e specified in board_part file is either invalid or not available
WARNING: [Board 49-26] cannot add Board Part xilinx.com:kcu116:part0:1.4 available at C:/Xilinx/Vivado/2023.2/data/xhub/boards/XilinxBoardStore/boards/Xilinx/kcu116/1.4/board.xml as part xcku5p-ffvb676-2-e specified in board_part file is either invalid or not available
WARNING: [Board 49-26] cannot add Board Part xilinx.com:kcu116:part0:1.5 available at C:/Xilinx/Vivado/2023.2/data/xhub/boards/XilinxBoardStore/boards/Xilinx/kcu116/1.5/board.xml as part xcku5p-ffvb676-2-e specified in board_part file is either invalid or not available
WARNING: [Board 49-26] cannot add Board Part xilinx.com:kcu1500:part0:1.2 available at C:/Xilinx/Vivado/2023.2/data/xhub/boards/XilinxBoardStore/boards/Xilinx/kcu1500/1.2/board.xml as part xcku115-flvb2104-2-e specified in board_part file is either invalid or not available
WARNING: [Board 49-26] cannot add Board Part xilinx.com:kd240_som:part0:1.0 available at C:/Xilinx/Vivado/2023.2/data/xhub/boards/XilinxBoardStore/boards/Xilinx/kd240_som/1.0/board.xml as part xck24-ubva530-2lv-c specified in board_part file is either invalid or not available
WARNING: [Board 49-26] cannot add Board Part xilinx.com:kr260_som:part0:1.0 available at C:/Xilinx/Vivado/2023.2/data/xhub/boards/XilinxBoardStore/boards/Xilinx/kr260_som/1.0/board.xml as part xck26-sfvc784-2lv-c specified in board_part file is either invalid or not available
WARNING: [Board 49-26] cannot add Board Part xilinx.com:kr260_som:part0:1.1 available at C:/Xilinx/Vivado/2023.2/data/xhub/boards/XilinxBoardStore/boards/Xilinx/kr260_som/1.1/board.xml as part xck26-sfvc784-2lv-c specified in board_part file is either invalid or not available
WARNING: [Board 49-26] cannot add Board Part xilinx.com:kv260_som:part0:1.2 available at C:/Xilinx/Vivado/2023.2/data/xhub/boards/XilinxBoardStore/boards/Xilinx/kv260_som/1.2/board.xml as part xck26-sfvc784-2lv-c specified in board_part file is either invalid or not available
WARNING: [Board 49-26] cannot add Board Part xilinx.com:kv260_som:part0:1.3 available at C:/Xilinx/Vivado/2023.2/data/xhub/boards/XilinxBoardStore/boards/Xilinx/kv260_som/1.3/board.xml as part xck26-sfvc784-2lv-c specified in board_part file is either invalid or not available
WARNING: [Board 49-26] cannot add Board Part xilinx.com:kv260_som:part0:1.4 available at C:/Xilinx/Vivado/2023.2/data/xhub/boards/XilinxBoardStore/boards/Xilinx/kv260_som/1.4/board.xml as part xck26-sfvc784-2lv-c specified in board_part file is either invalid or not available
WARNING: [Board 49-26] cannot add Board Part xilinx.com:sp701:part0:1.0 available at C:/Xilinx/Vivado/2023.2/data/xhub/boards/XilinxBoardStore/boards/Xilinx/sp701/1.0/board.xml as part xc7s100fgga676-2 specified in board_part file is either invalid or not available
WARNING: [Board 49-26] cannot add Board Part xilinx.com:sp701:part0:1.1 available at C:/Xilinx/Vivado/2023.2/data/xhub/boards/XilinxBoardStore/boards/Xilinx/sp701/1.1/board.xml as part xc7s100fgga676-2 specified in board_part file is either invalid or not available
WARNING: [Board 49-26] cannot add Board Part xilinx.com:vc707:part0:1.4 available at C:/Xilinx/Vivado/2023.2/data/xhub/boards/XilinxBoardStore/boards/Xilinx/vc707/1.4/board.xml as part xc7vx485tffg1761-2 specified in board_part file is either invalid or not available
WARNING: [Board 49-26] cannot add Board Part xilinx.com:vc709:part0:1.8 available at C:/Xilinx/Vivado/2023.2/data/xhub/boards/XilinxBoardStore/boards/Xilinx/vc709/1.8/board.xml as part xc7vx690tffg1761-2 specified in board_part file is either invalid or not available
WARNING: [Board 49-26] cannot add Board Part xilinx.com:vck190:part0:2.2 available at C:/Xilinx/Vivado/2023.2/data/xhub/boards/XilinxBoardStore/boards/Xilinx/vck190/production/2.2/board.xml as part xcvc1902-vsva2197-2mp-e-s specified in board_part file is either invalid or not available
WARNING: [Board 49-26] cannot add Board Part xilinx.com:vck190:part0:3.0 available at C:/Xilinx/Vivado/2023.2/data/xhub/boards/XilinxBoardStore/boards/Xilinx/vck190/production/3.0/board.xml as part xcvc1902-vsva2197-2mp-e-s specified in board_part file is either invalid or not available
WARNING: [Board 49-26] cannot add Board Part xilinx.com:vck190:part0:3.1 available at C:/Xilinx/Vivado/2023.2/data/xhub/boards/XilinxBoardStore/boards/Xilinx/vck190/production/3.1/board.xml as part xcvc1902-vsva2197-2mp-e-s specified in board_part file is either invalid or not available
WARNING: [Board 49-26] cannot add Board Part xilinx.com:vck190:part0:3.2 available at C:/Xilinx/Vivado/2023.2/data/xhub/boards/XilinxBoardStore/boards/Xilinx/vck190/production/3.2/board.xml as part xcvc1902-vsva2197-2mp-e-s specified in board_part file is either invalid or not available
WARNING: [Board 49-26] cannot add Board Part xilinx.com:vck190_newl:part0:1.0 available at C:/Xilinx/Vivado/2023.2/data/xhub/boards/XilinxBoardStore/boards/Xilinx/vck190_newl/production/1.0/board.xml as part xcvc1902-vsva2197-2mp-e-s specified in board_part file is either invalid or not available
WARNING: [Board 49-26] cannot add Board Part xilinx.com:vck190_newl:part0:1.1 available at C:/Xilinx/Vivado/2023.2/data/xhub/boards/XilinxBoardStore/boards/Xilinx/vck190_newl/production/1.1/board.xml as part xcvc1902-vsva2197-2mp-e-s specified in board_part file is either invalid or not available
WARNING: [Board 49-26] cannot add Board Part xilinx.com:vcu108:part0:1.6 available at C:/Xilinx/Vivado/2023.2/data/xhub/boards/XilinxBoardStore/boards/Xilinx/vcu108/1.6/board.xml as part xcvu095-ffva2104-2-e specified in board_part file is either invalid or not available
WARNING: [Board 49-26] cannot add Board Part xilinx.com:vcu108:part0:1.7 available at C:/Xilinx/Vivado/2023.2/data/xhub/boards/XilinxBoardStore/boards/Xilinx/vcu108/1.7/board.xml as part xcvu095-ffva2104-2-e specified in board_part file is either invalid or not available
WARNING: [Board 49-26] cannot add Board Part xilinx.com:vcu110:part0:1.4 available at C:/Xilinx/Vivado/2023.2/data/xhub/boards/XilinxBoardStore/boards/Xilinx/vcu110/1.4/board.xml as part xcvu190-flgc2104-2-e specified in board_part file is either invalid or not available
WARNING: [Board 49-26] cannot add Board Part xilinx.com:vcu118:part0:2.0 available at C:/Xilinx/Vivado/2023.2/data/xhub/boards/XilinxBoardStore/boards/Xilinx/vcu118/2.0/board.xml as part xcvu9p-flga2104-2l-e specified in board_part file is either invalid or not available
WARNING: [Board 49-26] cannot add Board Part xilinx.com:vcu118:part0:2.3 available at C:/Xilinx/Vivado/2023.2/data/xhub/boards/XilinxBoardStore/boards/Xilinx/vcu118/2.3/board.xml as part xcvu9p-flga2104-2l-e specified in board_part file is either invalid or not available
WARNING: [Board 49-26] cannot add Board Part xilinx.com:vcu118:part0:2.4 available at C:/Xilinx/Vivado/2023.2/data/xhub/boards/XilinxBoardStore/boards/Xilinx/vcu118/2.4/board.xml as part xcvu9p-flga2104-2l-e specified in board_part file is either invalid or not available
WARNING: [Board 49-26] cannot add Board Part xilinx.com:vcu128:part0:1.0 available at C:/Xilinx/Vivado/2023.2/data/xhub/boards/XilinxBoardStore/boards/Xilinx/vcu128/production/1.0/board.xml as part xcvu37p-fsvh2892-2l-e specified in board_part file is either invalid or not available
WARNING: [Board 49-26] cannot add Board Part xilinx.com:vcu129:part0:1.0 available at C:/Xilinx/Vivado/2023.2/data/xhub/boards/XilinxBoardStore/boards/Xilinx/vcu129/production/1.0/board.xml as part xcvu29p-fsga2577-2l-e specified in board_part file is either invalid or not available
WARNING: [Board 49-26] cannot add Board Part xilinx.com:vcu1525:part0:1.3 available at C:/Xilinx/Vivado/2023.2/data/xhub/boards/XilinxBoardStore/boards/Xilinx/vcu1525/1.3/board.xml as part xcvu9p-fsgd2104-2l-e specified in board_part file is either invalid or not available
WARNING: [Board 49-26] cannot add Board Part xilinx.com:vek280:part0:1.0 available at C:/Xilinx/Vivado/2023.2/data/xhub/boards/XilinxBoardStore/boards/Xilinx/vek280/production/1.0/board.xml as part xcve2802-vsvh1760-2mp-e-s specified in board_part file is either invalid or not available
WARNING: [Board 49-26] cannot add Board Part xilinx.com:vek280_es:part0:1.0 available at C:/Xilinx/Vivado/2023.2/data/xhub/boards/XilinxBoardStore/boards/Xilinx/vek280/es/rev_a/1.0/board.xml as part xcve2802-vsvh1760-2lp-e-s-es1 specified in board_part file is either invalid or not available
WARNING: [Board 49-26] cannot add Board Part xilinx.com:vek280_es:part0:1.1 available at C:/Xilinx/Vivado/2023.2/data/xhub/boards/XilinxBoardStore/boards/Xilinx/vek280/es/rev_a/1.1/board.xml as part xcve2802-vsvh1760-2lp-e-s-es1 specified in board_part file is either invalid or not available
WARNING: [Board 49-26] cannot add Board Part xilinx.com:vek280_es_revb:part0:1.0 available at C:/Xilinx/Vivado/2023.2/data/xhub/boards/XilinxBoardStore/boards/Xilinx/vek280/es/rev_b/1.0/board.xml as part xcve2802-vsvh1760-2mp-e-s-es1 specified in board_part file is either invalid or not available
WARNING: [Board 49-26] cannot add Board Part xilinx.com:vek280_es_revb:part0:1.1 available at C:/Xilinx/Vivado/2023.2/data/xhub/boards/XilinxBoardStore/boards/Xilinx/vek280/es/rev_b/1.1/board.xml as part xcve2802-vsvh1760-2mp-e-s-es1 specified in board_part file is either invalid or not available
WARNING: [Board 49-26] cannot add Board Part xilinx.com:vermeo_t1_mpsoc:part0:1.0 available at C:/Xilinx/Vivado/2023.2/data/xhub/boards/XilinxBoardStore/boards/Xilinx/vermeo_t1_mpsoc/1.0/board.xml as part xczu19eg-ffvd1760-2l-e specified in board_part file is either invalid or not available
WARNING: [Board 49-26] cannot add Board Part xilinx.com:vermeo_t1_rfsoc:part0:1.0 available at C:/Xilinx/Vivado/2023.2/data/xhub/boards/XilinxBoardStore/boards/Xilinx/vermeo_t1_rfsoc/1.0/board.xml as part xczu21dr-ffvd1156-2l-e specified in board_part file is either invalid or not available
WARNING: [Board 49-26] cannot add Board Part xilinx.com:vhk158:part0:1.0 available at C:/Xilinx/Vivado/2023.2/data/xhub/boards/XilinxBoardStore/boards/Xilinx/vhk158/production/1.0/board.xml as part xcvh1582-vsva3697-2mp-e-s specified in board_part file is either invalid or not available
WARNING: [Board 49-26] cannot add Board Part xilinx.com:vhk158:part0:1.1 available at C:/Xilinx/Vivado/2023.2/data/xhub/boards/XilinxBoardStore/boards/Xilinx/vhk158/production/1.1/board.xml as part xcvh1582-vsva3697-2mp-e-s specified in board_part file is either invalid or not available
WARNING: [Board 49-26] cannot add Board Part xilinx.com:vhk158_es:part0:1.0 available at C:/Xilinx/Vivado/2023.2/data/xhub/boards/XilinxBoardStore/boards/Xilinx/vhk158/es/1.0/board.xml as part xcvh1582-vsva3697-2mp-e-s-es1 specified in board_part file is either invalid or not available
WARNING: [Board 49-26] cannot add Board Part xilinx.com:vhk158_es:part0:1.1 available at C:/Xilinx/Vivado/2023.2/data/xhub/boards/XilinxBoardStore/boards/Xilinx/vhk158/es/1.1/board.xml as part xcvh1582-vsva3697-2mp-e-s-es1 specified in board_part file is either invalid or not available
WARNING: [Board 49-26] cannot add Board Part xilinx.com:vmk180:part0:2.2 available at C:/Xilinx/Vivado/2023.2/data/xhub/boards/XilinxBoardStore/boards/Xilinx/vmk180/production/2.2/board.xml as part xcvm1802-vsva2197-2mp-e-s specified in board_part file is either invalid or not available
WARNING: [Board 49-26] cannot add Board Part xilinx.com:vmk180:part0:3.0 available at C:/Xilinx/Vivado/2023.2/data/xhub/boards/XilinxBoardStore/boards/Xilinx/vmk180/production/3.0/board.xml as part xcvm1802-vsva2197-2mp-e-s specified in board_part file is either invalid or not available
WARNING: [Board 49-26] cannot add Board Part xilinx.com:vmk180:part0:3.1 available at C:/Xilinx/Vivado/2023.2/data/xhub/boards/XilinxBoardStore/boards/Xilinx/vmk180/production/3.1/board.xml as part xcvm1802-vsva2197-2mp-e-s specified in board_part file is either invalid or not available
WARNING: [Board 49-26] cannot add Board Part xilinx.com:vmk180:part0:3.2 available at C:/Xilinx/Vivado/2023.2/data/xhub/boards/XilinxBoardStore/boards/Xilinx/vmk180/production/3.2/board.xml as part xcvm1802-vsva2197-2mp-e-s specified in board_part file is either invalid or not available
WARNING: [Board 49-26] cannot add Board Part xilinx.com:vmk180_newl:part0:1.0 available at C:/Xilinx/Vivado/2023.2/data/xhub/boards/XilinxBoardStore/boards/Xilinx/vmk180_newl/production/1.0/board.xml as part xcvm1802-vsva2197-2mp-e-s specified in board_part file is either invalid or not available
WARNING: [Board 49-26] cannot add Board Part xilinx.com:vmk180_newl:part0:1.1 available at C:/Xilinx/Vivado/2023.2/data/xhub/boards/XilinxBoardStore/boards/Xilinx/vmk180_newl/production/1.1/board.xml as part xcvm1802-vsva2197-2mp-e-s specified in board_part file is either invalid or not available
WARNING: [Board 49-26] cannot add Board Part xilinx.com:vpk120:part0:1.0 available at C:/Xilinx/Vivado/2023.2/data/xhub/boards/XilinxBoardStore/boards/Xilinx/vpk120/production/1.0/board.xml as part xcvp1202-vsva2785-2mp-e-s specified in board_part file is either invalid or not available
WARNING: [Board 49-26] cannot add Board Part xilinx.com:vpk120:part0:1.1 available at C:/Xilinx/Vivado/2023.2/data/xhub/boards/XilinxBoardStore/boards/Xilinx/vpk120/production/1.1/board.xml as part xcvp1202-vsva2785-2mp-e-s specified in board_part file is either invalid or not available
WARNING: [Board 49-26] cannot add Board Part xilinx.com:vpk120:part0:1.2 available at C:/Xilinx/Vivado/2023.2/data/xhub/boards/XilinxBoardStore/boards/Xilinx/vpk120/production/1.2/board.xml as part xcvp1202-vsva2785-2mp-e-s specified in board_part file is either invalid or not available
WARNING: [Board 49-26] cannot add Board Part xilinx.com:vpk180:part0:1.0 available at C:/Xilinx/Vivado/2023.2/data/xhub/boards/XilinxBoardStore/boards/Xilinx/vpk180/production/1.0/board.xml as part xcvp1802-lsvc4072-2mp-e-s specified in board_part file is either invalid or not available
WARNING: [Board 49-26] cannot add Board Part xilinx.com:vpk180:part0:1.1 available at C:/Xilinx/Vivado/2023.2/data/xhub/boards/XilinxBoardStore/boards/Xilinx/vpk180/production/1.1/board.xml as part xcvp1802-lsvc4072-2mp-e-s specified in board_part file is either invalid or not available
WARNING: [Board 49-26] cannot add Board Part xilinx.com:zcu102:part0:3.3 available at C:/Xilinx/Vivado/2023.2/data/xhub/boards/XilinxBoardStore/boards/Xilinx/zcu102/3.3/board.xml as part xczu9eg-ffvb1156-2-e specified in board_part file is either invalid or not available
WARNING: [Board 49-26] cannot add Board Part xilinx.com:zcu102:part0:3.4 available at C:/Xilinx/Vivado/2023.2/data/xhub/boards/XilinxBoardStore/boards/Xilinx/zcu102/3.4/board.xml as part xczu9eg-ffvb1156-2-e specified in board_part file is either invalid or not available
WARNING: [Board 49-26] cannot add Board Part xilinx.com:zcu104:part0:1.1 available at C:/Xilinx/Vivado/2023.2/data/xhub/boards/XilinxBoardStore/boards/Xilinx/zcu104/1.1/board.xml as part xczu7ev-ffvc1156-2-e specified in board_part file is either invalid or not available
WARNING: [Board 49-26] cannot add Board Part xilinx.com:zcu106:part0:2.4 available at C:/Xilinx/Vivado/2023.2/data/xhub/boards/XilinxBoardStore/boards/Xilinx/zcu106/2.4/board.xml as part xczu7ev-ffvc1156-2-e specified in board_part file is either invalid or not available
WARNING: [Board 49-26] cannot add Board Part xilinx.com:zcu106:part0:2.5 available at C:/Xilinx/Vivado/2023.2/data/xhub/boards/XilinxBoardStore/boards/Xilinx/zcu106/2.5/board.xml as part xczu7ev-ffvc1156-2-e specified in board_part file is either invalid or not available
WARNING: [Board 49-26] cannot add Board Part xilinx.com:zcu106:part0:2.6 available at C:/Xilinx/Vivado/2023.2/data/xhub/boards/XilinxBoardStore/boards/Xilinx/zcu106/2.6/board.xml as part xczu7ev-ffvc1156-2-e specified in board_part file is either invalid or not available
WARNING: [Board 49-26] cannot add Board Part xilinx.com:zcu111:part0:1.2 available at C:/Xilinx/Vivado/2023.2/data/xhub/boards/XilinxBoardStore/boards/Xilinx/zcu111/1.2/board.xml as part xczu28dr-ffvg1517-2-e specified in board_part file is either invalid or not available
WARNING: [Board 49-26] cannot add Board Part xilinx.com:zcu111:part0:1.3 available at C:/Xilinx/Vivado/2023.2/data/xhub/boards/XilinxBoardStore/boards/Xilinx/zcu111/1.3/board.xml as part xczu28dr-ffvg1517-2-e specified in board_part file is either invalid or not available
WARNING: [Board 49-26] cannot add Board Part xilinx.com:zcu111:part0:1.4 available at C:/Xilinx/Vivado/2023.2/data/xhub/boards/XilinxBoardStore/boards/Xilinx/zcu111/1.4/board.xml as part xczu28dr-ffvg1517-2-e specified in board_part file is either invalid or not available
WARNING: [Board 49-26] cannot add Board Part xilinx.com:zcu1275:part0:1.0 available at C:/Xilinx/Vivado/2023.2/data/xhub/boards/XilinxBoardStore/boards/Xilinx/zcu1275/1.0/board.xml as part xczu29dr-ffvf1760-2-e specified in board_part file is either invalid or not available
WARNING: [Board 49-26] cannot add Board Part xilinx.com:zcu1285:part0:1.0 available at C:/Xilinx/Vivado/2023.2/data/xhub/boards/XilinxBoardStore/boards/Xilinx/zcu1285/1.0/board.xml as part xczu39dr-ffvf1760-2-i specified in board_part file is either invalid or not available
WARNING: [Board 49-26] cannot add Board Part xilinx.com:zcu208:part0:2.0 available at C:/Xilinx/Vivado/2023.2/data/xhub/boards/XilinxBoardStore/boards/Xilinx/zcu208/production/2.0/board.xml as part xczu48dr-fsvg1517-2-e specified in board_part file is either invalid or not available
WARNING: [Board 49-26] cannot add Board Part xilinx.com:zcu208ld:part0:2.0 available at C:/Xilinx/Vivado/2023.2/data/xhub/boards/XilinxBoardStore/boards/Xilinx/zcu208ld/production/2.0/board.xml as part xczu58dr-fsvg1517-2-i specified in board_part file is either invalid or not available
WARNING: [Board 49-26] cannot add Board Part xilinx.com:zcu216:part0:2.0 available at C:/Xilinx/Vivado/2023.2/data/xhub/boards/XilinxBoardStore/boards/Xilinx/zcu216/production/2.0/board.xml as part xczu49dr-ffvf1760-2-e specified in board_part file is either invalid or not available
WARNING: [Board 49-26] cannot add Board Part xilinx.com:zcu216ld:part0:2.0 available at C:/Xilinx/Vivado/2023.2/data/xhub/boards/XilinxBoardStore/boards/Xilinx/zcu216ld/production/2.0/board.xml as part xczu59dr-ffvf1760-2-i specified in board_part file is either invalid or not available
WARNING: [Board 49-26] cannot add Board Part xilinx.com:zcu670:part0:2.0 available at C:/Xilinx/Vivado/2023.2/data/xhub/boards/XilinxBoardStore/boards/Xilinx/zcu670/2.0/board.xml as part xczu67dr-fsve1156-2-i specified in board_part file is either invalid or not available
WARNING: [Board 49-26] cannot add Board Part xilinx.com:zcu670ld:part0:1.0 available at C:/Xilinx/Vivado/2023.2/data/xhub/boards/XilinxBoardStore/boards/Xilinx/zcu670ld/1.0/board.xml as part xczu57dr-fsve1156-2-i specified in board_part file is either invalid or not available
WARNING: [filemgmt 56-3] IP Repository Path: Could not find the directory 'C:/XilinxDev/SOC/Seppe-en-Kobe/hardware_block/ip_repo/SpeedSensor_1_0'.
INFO: [filemgmt 56-3] Default IP Output Path : Could not find the directory 'C:/XilinxDev/SOC/Seppe-en-Kobe/VHDL/ip_repo/edit_Speedsensor_v1_0.gen/sources_1'.
Scanning sources...
Finished scanning sources
INFO: [IP_Flow 19-234] Refreshing IP repositories
INFO: [IP_Flow 19-1700] Loaded user IP repository 'c:/XilinxDev/SOC/Seppe-en-Kobe/VHDL/ip_repo/Speedsensor_1_0'.
WARNING: [IP_Flow 19-2207] Repository 'c:/XilinxDev/SOC/Seppe-en-Kobe/VHDL/ip_repo/Speedsensor_1_0' already exists; ignoring attempt to add it again.
INFO: [IP_Flow 19-1700] Loaded user IP repository 'c:/XilinxDev/SOC/Seppe-en-Kobe/VHDL/ip_repo/Speedsensor_1_0'.
WARNING: [IP_Flow 19-2248] Failed to load user IP repository 'c:/XilinxDev/SOC/Seppe-en-Kobe/hardware_block/ip_repo/SpeedSensor_1_0'; Can't find the specified path.
If this directory should no longer be in your list of user repositories, go to the IP Settings dialog and remove it.
INFO: [IP_Flow 19-2313] Loaded Vivado IP repository 'C:/Xilinx/Vivado/2023.2/data/ip'.
open_project: Time (s): cpu = 00:00:09 ; elapsed = 00:00:16 . Memory (MB): peak = 1436.609 ; gain = 383.238
update_compile_order -fileset sources_1
add_files -norecurse C:/XilinxDev/SOC/Seppe-en-Kobe/hardware_block/Speed_Sensor/Speed_Sensor.srcs/sources_1/new/Speed_Sensor.vhd
WARNING: [filemgmt 56-199] Attempt to get parsing info during refresh. "On-the-fly" syntax checking information may be incorrect. [C:\XilinxDev\SOC\Seppe-en-Kobe\VHDL\ip_repo\Speedsensor_1_0\hdl\Speedsensor_v1_0_S00_AXI.vhd:]
WARNING: [filemgmt 56-199] Attempt to get parsing info during refresh. "On-the-fly" syntax checking information may be incorrect. [C:\XilinxDev\SOC\Seppe-en-Kobe\VHDL\ip_repo\Speedsensor_1_0\hdl\Speedsensor_v1_0.vhd:]
ERROR: [Common 17-180] Spawn failed: No error
update_compile_order -fileset sources_1
WARNING: [filemgmt 56-199] Attempt to get parsing info during refresh. "On-the-fly" syntax checking information may be incorrect. [C:\XilinxDev\SOC\Seppe-en-Kobe\VHDL\ip_repo\Speedsensor_1_0\hdl\Speedsensor_v1_0_S00_AXI.vhd:]
WARNING: [filemgmt 56-199] Attempt to get parsing info during refresh. "On-the-fly" syntax checking information may be incorrect. [C:\XilinxDev\SOC\Seppe-en-Kobe\VHDL\ip_repo\Speedsensor_1_0\hdl\Speedsensor_v1_0.vhd:]
ERROR: [Common 17-180] Spawn failed: No error
WARNING: [filemgmt 56-199] Attempt to get parsing info during refresh. "On-the-fly" syntax checking information may be incorrect. [C:\XilinxDev\SOC\Seppe-en-Kobe\VHDL\ip_repo\Speedsensor_1_0\hdl\Speedsensor_v1_0_S00_AXI.vhd:]
WARNING: [filemgmt 56-199] Attempt to get parsing info during refresh. "On-the-fly" syntax checking information may be incorrect. [C:\XilinxDev\SOC\Seppe-en-Kobe\VHDL\ip_repo\Speedsensor_1_0\hdl\Speedsensor_v1_0.vhd:]
WARNING: [filemgmt 56-199] Attempt to get parsing info during refresh. "On-the-fly" syntax checking information may be incorrect. [C:\XilinxDev\SOC\Seppe-en-Kobe\hardware_block\Speed_Sensor\Speed_Sensor.srcs\sources_1\new\Speed_Sensor.vhd:]
WARNING: [filemgmt 56-199] Attempt to get parsing info during refresh. "On-the-fly" syntax checking information may be incorrect. [C:\XilinxDev\SOC\Seppe-en-Kobe\VHDL\ip_repo\Speedsensor_1_0\hdl\Speedsensor_v1_0_S00_AXI.vhd:]
WARNING: [filemgmt 56-199] Attempt to get parsing info during refresh. "On-the-fly" syntax checking information may be incorrect. [C:\XilinxDev\SOC\Seppe-en-Kobe\VHDL\ip_repo\Speedsensor_1_0\hdl\Speedsensor_v1_0.vhd:]
WARNING: [filemgmt 56-199] Attempt to get parsing info during refresh. "On-the-fly" syntax checking information may be incorrect. [C:\XilinxDev\SOC\Seppe-en-Kobe\hardware_block\Speed_Sensor\Speed_Sensor.srcs\sources_1\new\Speed_Sensor.vhd:]
ERROR: [Common 17-180] Spawn failed: No error
WARNING: [filemgmt 56-199] Attempt to get parsing info during refresh. "On-the-fly" syntax checking information may be incorrect. [C:\XilinxDev\SOC\Seppe-en-Kobe\VHDL\ip_repo\Speedsensor_1_0\hdl\Speedsensor_v1_0_S00_AXI.vhd:]
WARNING: [filemgmt 56-199] Attempt to get parsing info during refresh. "On-the-fly" syntax checking information may be incorrect. [C:\XilinxDev\SOC\Seppe-en-Kobe\VHDL\ip_repo\Speedsensor_1_0\hdl\Speedsensor_v1_0.vhd:]
WARNING: [filemgmt 56-199] Attempt to get parsing info during refresh. "On-the-fly" syntax checking information may be incorrect. [C:\XilinxDev\SOC\Seppe-en-Kobe\hardware_block\Speed_Sensor\Speed_Sensor.srcs\sources_1\new\Speed_Sensor.vhd:]
WARNING: [filemgmt 56-199] Attempt to get parsing info during refresh. "On-the-fly" syntax checking information may be incorrect. [C:\XilinxDev\SOC\Seppe-en-Kobe\VHDL\ip_repo\Speedsensor_1_0\hdl\Speedsensor_v1_0_S00_AXI.vhd:]
WARNING: [filemgmt 56-199] Attempt to get parsing info during refresh. "On-the-fly" syntax checking information may be incorrect. [C:\XilinxDev\SOC\Seppe-en-Kobe\VHDL\ip_repo\Speedsensor_1_0\hdl\Speedsensor_v1_0.vhd:]
WARNING: [filemgmt 56-199] Attempt to get parsing info during refresh. "On-the-fly" syntax checking information may be incorrect. [C:\XilinxDev\SOC\Seppe-en-Kobe\hardware_block\Speed_Sensor\Speed_Sensor.srcs\sources_1\new\Speed_Sensor.vhd:]
WARNING: [filemgmt 56-199] Attempt to get parsing info during refresh. "On-the-fly" syntax checking information may be incorrect. [C:\XilinxDev\SOC\Seppe-en-Kobe\VHDL\ip_repo\Speedsensor_1_0\hdl\Speedsensor_v1_0_S00_AXI.vhd:]
WARNING: [filemgmt 56-199] Attempt to get parsing info during refresh. "On-the-fly" syntax checking information may be incorrect. [C:\XilinxDev\SOC\Seppe-en-Kobe\VHDL\ip_repo\Speedsensor_1_0\hdl\Speedsensor_v1_0.vhd:]
WARNING: [filemgmt 56-199] Attempt to get parsing info during refresh. "On-the-fly" syntax checking information may be incorrect. [C:\XilinxDev\SOC\Seppe-en-Kobe\hardware_block\Speed_Sensor\Speed_Sensor.srcs\sources_1\new\Speed_Sensor.vhd:]
WARNING: [filemgmt 56-199] Attempt to get parsing info during refresh. "On-the-fly" syntax checking information may be incorrect. [C:\XilinxDev\SOC\Seppe-en-Kobe\VHDL\ip_repo\Speedsensor_1_0\hdl\Speedsensor_v1_0_S00_AXI.vhd:]
WARNING: [filemgmt 56-199] Attempt to get parsing info during refresh. "On-the-fly" syntax checking information may be incorrect. [C:\XilinxDev\SOC\Seppe-en-Kobe\VHDL\ip_repo\Speedsensor_1_0\hdl\Speedsensor_v1_0.vhd:]
WARNING: [filemgmt 56-199] Attempt to get parsing info during refresh. "On-the-fly" syntax checking information may be incorrect. [C:\XilinxDev\SOC\Seppe-en-Kobe\hardware_block\Speed_Sensor\Speed_Sensor.srcs\sources_1\new\Speed_Sensor.vhd:]
ERROR: [Common 17-180] Spawn failed: No error
WARNING: [filemgmt 56-199] Attempt to get parsing info during refresh. "On-the-fly" syntax checking information may be incorrect. [C:\XilinxDev\SOC\Seppe-en-Kobe\VHDL\ip_repo\Speedsensor_1_0\hdl\Speedsensor_v1_0_S00_AXI.vhd:]
WARNING: [filemgmt 56-199] Attempt to get parsing info during refresh. "On-the-fly" syntax checking information may be incorrect. [C:\XilinxDev\SOC\Seppe-en-Kobe\VHDL\ip_repo\Speedsensor_1_0\hdl\Speedsensor_v1_0.vhd:]
WARNING: [filemgmt 56-199] Attempt to get parsing info during refresh. "On-the-fly" syntax checking information may be incorrect. [C:\XilinxDev\SOC\Seppe-en-Kobe\hardware_block\Speed_Sensor\Speed_Sensor.srcs\sources_1\new\Speed_Sensor.vhd:]
WARNING: [filemgmt 56-199] Attempt to get parsing info during refresh. "On-the-fly" syntax checking information may be incorrect. [C:\XilinxDev\SOC\Seppe-en-Kobe\VHDL\ip_repo\Speedsensor_1_0\hdl\Speedsensor_v1_0_S00_AXI.vhd:]
WARNING: [filemgmt 56-199] Attempt to get parsing info during refresh. "On-the-fly" syntax checking information may be incorrect. [C:\XilinxDev\SOC\Seppe-en-Kobe\VHDL\ip_repo\Speedsensor_1_0\hdl\Speedsensor_v1_0.vhd:]
WARNING: [filemgmt 56-199] Attempt to get parsing info during refresh. "On-the-fly" syntax checking information may be incorrect. [C:\XilinxDev\SOC\Seppe-en-Kobe\hardware_block\Speed_Sensor\Speed_Sensor.srcs\sources_1\new\Speed_Sensor.vhd:]
WARNING: [filemgmt 56-199] Attempt to get parsing info during refresh. "On-the-fly" syntax checking information may be incorrect. [C:\XilinxDev\SOC\Seppe-en-Kobe\VHDL\ip_repo\Speedsensor_1_0\hdl\Speedsensor_v1_0_S00_AXI.vhd:]
WARNING: [filemgmt 56-199] Attempt to get parsing info during refresh. "On-the-fly" syntax checking information may be incorrect. [C:\XilinxDev\SOC\Seppe-en-Kobe\VHDL\ip_repo\Speedsensor_1_0\hdl\Speedsensor_v1_0.vhd:]
WARNING: [filemgmt 56-199] Attempt to get parsing info during refresh. "On-the-fly" syntax checking information may be incorrect. [C:\XilinxDev\SOC\Seppe-en-Kobe\hardware_block\Speed_Sensor\Speed_Sensor.srcs\sources_1\new\Speed_Sensor.vhd:]
WARNING: [filemgmt 56-199] Attempt to get parsing info during refresh. "On-the-fly" syntax checking information may be incorrect. [C:\XilinxDev\SOC\Seppe-en-Kobe\VHDL\ip_repo\Speedsensor_1_0\hdl\Speedsensor_v1_0_S00_AXI.vhd:]
WARNING: [filemgmt 56-199] Attempt to get parsing info during refresh. "On-the-fly" syntax checking information may be incorrect. [C:\XilinxDev\SOC\Seppe-en-Kobe\VHDL\ip_repo\Speedsensor_1_0\hdl\Speedsensor_v1_0.vhd:]
WARNING: [filemgmt 56-199] Attempt to get parsing info during refresh. "On-the-fly" syntax checking information may be incorrect. [C:\XilinxDev\SOC\Seppe-en-Kobe\hardware_block\Speed_Sensor\Speed_Sensor.srcs\sources_1\new\Speed_Sensor.vhd:]
WARNING: [filemgmt 56-199] Attempt to get parsing info during refresh. "On-the-fly" syntax checking information may be incorrect. [C:\XilinxDev\SOC\Seppe-en-Kobe\VHDL\ip_repo\Speedsensor_1_0\hdl\Speedsensor_v1_0_S00_AXI.vhd:]
WARNING: [filemgmt 56-199] Attempt to get parsing info during refresh. "On-the-fly" syntax checking information may be incorrect. [C:\XilinxDev\SOC\Seppe-en-Kobe\VHDL\ip_repo\Speedsensor_1_0\hdl\Speedsensor_v1_0.vhd:]
WARNING: [filemgmt 56-199] Attempt to get parsing info during refresh. "On-the-fly" syntax checking information may be incorrect. [C:\XilinxDev\SOC\Seppe-en-Kobe\hardware_block\Speed_Sensor\Speed_Sensor.srcs\sources_1\new\Speed_Sensor.vhd:]
WARNING: [filemgmt 56-199] Attempt to get parsing info during refresh. "On-the-fly" syntax checking information may be incorrect. [C:\XilinxDev\SOC\Seppe-en-Kobe\VHDL\ip_repo\Speedsensor_1_0\hdl\Speedsensor_v1_0_S00_AXI.vhd:]
WARNING: [filemgmt 56-199] Attempt to get parsing info during refresh. "On-the-fly" syntax checking information may be incorrect. [C:\XilinxDev\SOC\Seppe-en-Kobe\VHDL\ip_repo\Speedsensor_1_0\hdl\Speedsensor_v1_0.vhd:]
WARNING: [filemgmt 56-199] Attempt to get parsing info during refresh. "On-the-fly" syntax checking information may be incorrect. [C:\XilinxDev\SOC\Seppe-en-Kobe\hardware_block\Speed_Sensor\Speed_Sensor.srcs\sources_1\new\Speed_Sensor.vhd:]
WARNING: [filemgmt 56-199] Attempt to get parsing info during refresh. "On-the-fly" syntax checking information may be incorrect. [C:\XilinxDev\SOC\Seppe-en-Kobe\VHDL\ip_repo\Speedsensor_1_0\hdl\Speedsensor_v1_0_S00_AXI.vhd:]
WARNING: [filemgmt 56-199] Attempt to get parsing info during refresh. "On-the-fly" syntax checking information may be incorrect. [C:\XilinxDev\SOC\Seppe-en-Kobe\VHDL\ip_repo\Speedsensor_1_0\hdl\Speedsensor_v1_0.vhd:]
WARNING: [filemgmt 56-199] Attempt to get parsing info during refresh. "On-the-fly" syntax checking information may be incorrect. [C:\XilinxDev\SOC\Seppe-en-Kobe\hardware_block\Speed_Sensor\Speed_Sensor.srcs\sources_1\new\Speed_Sensor.vhd:]
WARNING: [filemgmt 56-199] Attempt to get parsing info during refresh. "On-the-fly" syntax checking information may be incorrect. [C:\XilinxDev\SOC\Seppe-en-Kobe\VHDL\ip_repo\Speedsensor_1_0\hdl\Speedsensor_v1_0_S00_AXI.vhd:]
WARNING: [filemgmt 56-199] Attempt to get parsing info during refresh. "On-the-fly" syntax checking information may be incorrect. [C:\XilinxDev\SOC\Seppe-en-Kobe\VHDL\ip_repo\Speedsensor_1_0\hdl\Speedsensor_v1_0.vhd:]
WARNING: [filemgmt 56-199] Attempt to get parsing info during refresh. "On-the-fly" syntax checking information may be incorrect. [C:\XilinxDev\SOC\Seppe-en-Kobe\hardware_block\Speed_Sensor\Speed_Sensor.srcs\sources_1\new\Speed_Sensor.vhd:]
WARNING: [filemgmt 56-199] Attempt to get parsing info during refresh. "On-the-fly" syntax checking information may be incorrect. [C:\XilinxDev\SOC\Seppe-en-Kobe\VHDL\ip_repo\Speedsensor_1_0\hdl\Speedsensor_v1_0_S00_AXI.vhd:]
WARNING: [filemgmt 56-199] Attempt to get parsing info during refresh. "On-the-fly" syntax checking information may be incorrect. [C:\XilinxDev\SOC\Seppe-en-Kobe\VHDL\ip_repo\Speedsensor_1_0\hdl\Speedsensor_v1_0.vhd:]
WARNING: [filemgmt 56-199] Attempt to get parsing info during refresh. "On-the-fly" syntax checking information may be incorrect. [C:\XilinxDev\SOC\Seppe-en-Kobe\hardware_block\Speed_Sensor\Speed_Sensor.srcs\sources_1\new\Speed_Sensor.vhd:]
WARNING: [filemgmt 56-199] Attempt to get parsing info during refresh. "On-the-fly" syntax checking information may be incorrect. [C:\XilinxDev\SOC\Seppe-en-Kobe\VHDL\ip_repo\Speedsensor_1_0\hdl\Speedsensor_v1_0_S00_AXI.vhd:]
WARNING: [filemgmt 56-199] Attempt to get parsing info during refresh. "On-the-fly" syntax checking information may be incorrect. [C:\XilinxDev\SOC\Seppe-en-Kobe\VHDL\ip_repo\Speedsensor_1_0\hdl\Speedsensor_v1_0.vhd:]
WARNING: [filemgmt 56-199] Attempt to get parsing info during refresh. "On-the-fly" syntax checking information may be incorrect. [C:\XilinxDev\SOC\Seppe-en-Kobe\hardware_block\Speed_Sensor\Speed_Sensor.srcs\sources_1\new\Speed_Sensor.vhd:]
WARNING: [filemgmt 56-199] Attempt to get parsing info during refresh. "On-the-fly" syntax checking information may be incorrect. [C:\XilinxDev\SOC\Seppe-en-Kobe\VHDL\ip_repo\Speedsensor_1_0\hdl\Speedsensor_v1_0_S00_AXI.vhd:]
WARNING: [filemgmt 56-199] Attempt to get parsing info during refresh. "On-the-fly" syntax checking information may be incorrect. [C:\XilinxDev\SOC\Seppe-en-Kobe\VHDL\ip_repo\Speedsensor_1_0\hdl\Speedsensor_v1_0.vhd:]
WARNING: [filemgmt 56-199] Attempt to get parsing info during refresh. "On-the-fly" syntax checking information may be incorrect. [C:\XilinxDev\SOC\Seppe-en-Kobe\hardware_block\Speed_Sensor\Speed_Sensor.srcs\sources_1\new\Speed_Sensor.vhd:]
WARNING: [filemgmt 56-199] Attempt to get parsing info during refresh. "On-the-fly" syntax checking information may be incorrect. [C:\XilinxDev\SOC\Seppe-en-Kobe\VHDL\ip_repo\Speedsensor_1_0\hdl\Speedsensor_v1_0_S00_AXI.vhd:]
WARNING: [filemgmt 56-199] Attempt to get parsing info during refresh. "On-the-fly" syntax checking information may be incorrect. [C:\XilinxDev\SOC\Seppe-en-Kobe\VHDL\ip_repo\Speedsensor_1_0\hdl\Speedsensor_v1_0.vhd:]
WARNING: [filemgmt 56-199] Attempt to get parsing info during refresh. "On-the-fly" syntax checking information may be incorrect. [C:\XilinxDev\SOC\Seppe-en-Kobe\VHDL\ip_repo\Speedsensor_1_0\hdl\Speedsensor_v1_0_S00_AXI.vhd:]
WARNING: [filemgmt 56-199] Attempt to get parsing info during refresh. "On-the-fly" syntax checking information may be incorrect. [C:\XilinxDev\SOC\Seppe-en-Kobe\VHDL\ip_repo\Speedsensor_1_0\hdl\Speedsensor_v1_0.vhd:]
WARNING: [filemgmt 56-199] Attempt to get parsing info during refresh. "On-the-fly" syntax checking information may be incorrect. [C:\XilinxDev\SOC\Seppe-en-Kobe\hardware_block\Speed_Sensor\Speed_Sensor.srcs\sources_1\new\Speed_Sensor.vhd:]
WARNING: [filemgmt 56-199] Attempt to get parsing info during refresh. "On-the-fly" syntax checking information may be incorrect. [C:\XilinxDev\SOC\Seppe-en-Kobe\VHDL\ip_repo\Speedsensor_1_0\hdl\Speedsensor_v1_0_S00_AXI.vhd:]
WARNING: [filemgmt 56-199] Attempt to get parsing info during refresh. "On-the-fly" syntax checking information may be incorrect. [C:\XilinxDev\SOC\Seppe-en-Kobe\VHDL\ip_repo\Speedsensor_1_0\hdl\Speedsensor_v1_0.vhd:]
WARNING: [filemgmt 56-199] Attempt to get parsing info during refresh. "On-the-fly" syntax checking information may be incorrect. [C:\XilinxDev\SOC\Seppe-en-Kobe\hardware_block\Speed_Sensor\Speed_Sensor.srcs\sources_1\new\Speed_Sensor.vhd:]
WARNING: [filemgmt 56-199] Attempt to get parsing info during refresh. "On-the-fly" syntax checking information may be incorrect. [C:\XilinxDev\SOC\Seppe-en-Kobe\VHDL\ip_repo\Speedsensor_1_0\hdl\Speedsensor_v1_0_S00_AXI.vhd:]
update_compile_order -fileset sources_1
WARNING: [filemgmt 56-199] Attempt to get parsing info during refresh. "On-the-fly" syntax checking information may be incorrect. [C:\XilinxDev\SOC\Seppe-en-Kobe\VHDL\ip_repo\Speedsensor_1_0\hdl\Speedsensor_v1_0_S00_AXI.vhd:]
WARNING: [filemgmt 56-199] Attempt to get parsing info during refresh. "On-the-fly" syntax checking information may be incorrect. [C:\XilinxDev\SOC\Seppe-en-Kobe\VHDL\ip_repo\Speedsensor_1_0\hdl\Speedsensor_v1_0.vhd:]
WARNING: [filemgmt 56-199] Attempt to get parsing info during refresh. "On-the-fly" syntax checking information may be incorrect. [C:\XilinxDev\SOC\Seppe-en-Kobe\hardware_block\Speed_Sensor\Speed_Sensor.srcs\sources_1\new\Speed_Sensor.vhd:]
WARNING: [filemgmt 56-199] Attempt to get parsing info during refresh. "On-the-fly" syntax checking information may be incorrect. [C:\XilinxDev\SOC\Seppe-en-Kobe\VHDL\ip_repo\Speedsensor_1_0\hdl\Speedsensor_v1_0_S00_AXI.vhd:]
WARNING: [filemgmt 56-199] Attempt to get parsing info during refresh. "On-the-fly" syntax checking information may be incorrect. [C:\XilinxDev\SOC\Seppe-en-Kobe\VHDL\ip_repo\Speedsensor_1_0\hdl\Speedsensor_v1_0_S00_AXI.vhd:]
WARNING: [filemgmt 56-199] Attempt to get parsing info during refresh. "On-the-fly" syntax checking information may be incorrect. [C:\XilinxDev\SOC\Seppe-en-Kobe\VHDL\ip_repo\Speedsensor_1_0\hdl\Speedsensor_v1_0.vhd:]
WARNING: [filemgmt 56-199] Attempt to get parsing info during refresh. "On-the-fly" syntax checking information may be incorrect. [C:\XilinxDev\SOC\Seppe-en-Kobe\hardware_block\Speed_Sensor\Speed_Sensor.srcs\sources_1\new\Speed_Sensor.vhd:]
WARNING: [filemgmt 56-199] Attempt to get parsing info during refresh. "On-the-fly" syntax checking information may be incorrect. [C:\XilinxDev\SOC\Seppe-en-Kobe\VHDL\ip_repo\Speedsensor_1_0\hdl\Speedsensor_v1_0_S00_AXI.vhd:]
WARNING: [filemgmt 56-199] Attempt to get parsing info during refresh. "On-the-fly" syntax checking information may be incorrect. [C:\XilinxDev\SOC\Seppe-en-Kobe\VHDL\ip_repo\Speedsensor_1_0\hdl\Speedsensor_v1_0.vhd:]
WARNING: [filemgmt 56-199] Attempt to get parsing info during refresh. "On-the-fly" syntax checking information may be incorrect. [C:\XilinxDev\SOC\Seppe-en-Kobe\hardware_block\Speed_Sensor\Speed_Sensor.srcs\sources_1\new\Speed_Sensor.vhd:]
WARNING: [filemgmt 56-199] Attempt to get parsing info during refresh. "On-the-fly" syntax checking information may be incorrect. [C:\XilinxDev\SOC\Seppe-en-Kobe\VHDL\ip_repo\Speedsensor_1_0\hdl\Speedsensor_v1_0_S00_AXI.vhd:]
WARNING: [filemgmt 56-199] Attempt to get parsing info during refresh. "On-the-fly" syntax checking information may be incorrect. [C:\XilinxDev\SOC\Seppe-en-Kobe\VHDL\ip_repo\Speedsensor_1_0\hdl\Speedsensor_v1_0.vhd:]
WARNING: [filemgmt 56-199] Attempt to get parsing info during refresh. "On-the-fly" syntax checking information may be incorrect. [C:\XilinxDev\SOC\Seppe-en-Kobe\hardware_block\Speed_Sensor\Speed_Sensor.srcs\sources_1\new\Speed_Sensor.vhd:]
WARNING: [filemgmt 56-199] Attempt to get parsing info during refresh. "On-the-fly" syntax checking information may be incorrect. [C:\XilinxDev\SOC\Seppe-en-Kobe\VHDL\ip_repo\Speedsensor_1_0\hdl\Speedsensor_v1_0_S00_AXI.vhd:]
WARNING: [filemgmt 56-199] Attempt to get parsing info during refresh. "On-the-fly" syntax checking information may be incorrect. [C:\XilinxDev\SOC\Seppe-en-Kobe\VHDL\ip_repo\Speedsensor_1_0\hdl\Speedsensor_v1_0.vhd:]
WARNING: [filemgmt 56-199] Attempt to get parsing info during refresh. "On-the-fly" syntax checking information may be incorrect. [C:\XilinxDev\SOC\Seppe-en-Kobe\hardware_block\Speed_Sensor\Speed_Sensor.srcs\sources_1\new\Speed_Sensor.vhd:]
WARNING: [filemgmt 56-199] Attempt to get parsing info during refresh. "On-the-fly" syntax checking information may be incorrect. [C:\XilinxDev\SOC\Seppe-en-Kobe\VHDL\ip_repo\Speedsensor_1_0\hdl\Speedsensor_v1_0_S00_AXI.vhd:]
WARNING: [filemgmt 56-199] Attempt to get parsing info during refresh. "On-the-fly" syntax checking information may be incorrect. [C:\XilinxDev\SOC\Seppe-en-Kobe\VHDL\ip_repo\Speedsensor_1_0\hdl\Speedsensor_v1_0.vhd:]
WARNING: [filemgmt 56-199] Attempt to get parsing info during refresh. "On-the-fly" syntax checking information may be incorrect. [C:\XilinxDev\SOC\Seppe-en-Kobe\hardware_block\Speed_Sensor\Speed_Sensor.srcs\sources_1\new\Speed_Sensor.vhd:]
WARNING: [filemgmt 56-199] Attempt to get parsing info during refresh. "On-the-fly" syntax checking information may be incorrect. [C:\XilinxDev\SOC\Seppe-en-Kobe\VHDL\ip_repo\Speedsensor_1_0\hdl\Speedsensor_v1_0_S00_AXI.vhd:]
WARNING: [filemgmt 56-199] Attempt to get parsing info during refresh. "On-the-fly" syntax checking information may be incorrect. [C:\XilinxDev\SOC\Seppe-en-Kobe\VHDL\ip_repo\Speedsensor_1_0\hdl\Speedsensor_v1_0.vhd:]
WARNING: [filemgmt 56-199] Attempt to get parsing info during refresh. "On-the-fly" syntax checking information may be incorrect. [C:\XilinxDev\SOC\Seppe-en-Kobe\hardware_block\Speed_Sensor\Speed_Sensor.srcs\sources_1\new\Speed_Sensor.vhd:]
WARNING: [filemgmt 56-199] Attempt to get parsing info during refresh. "On-the-fly" syntax checking information may be incorrect. [C:\XilinxDev\SOC\Seppe-en-Kobe\VHDL\ip_repo\Speedsensor_1_0\hdl\Speedsensor_v1_0_S00_AXI.vhd:]
WARNING: [filemgmt 56-199] Attempt to get parsing info during refresh. "On-the-fly" syntax checking information may be incorrect. [C:\XilinxDev\SOC\Seppe-en-Kobe\VHDL\ip_repo\Speedsensor_1_0\hdl\Speedsensor_v1_0.vhd:]
WARNING: [filemgmt 56-199] Attempt to get parsing info during refresh. "On-the-fly" syntax checking information may be incorrect. [C:\XilinxDev\SOC\Seppe-en-Kobe\hardware_block\Speed_Sensor\Speed_Sensor.srcs\sources_1\new\Speed_Sensor.vhd:]
ipx::open_ipxact_file {C:\XilinxDev\SOC\Seppe-en-Kobe\VHDL\ip_repo\Speedsensor_1_0\component.xml}
WARNING: [IP_Flow 19-4308] Project file 'c:/XilinxDev/SOC/Seppe-en-Kobe/hardware_block/Speed_Sensor/Speed_Sensor.srcs/sources_1/new/Speed_Sensor.vhd' is not found in the component files. It will be added automatically when merging sources and repackaging. Please remove the file from the source project if this is not desired.
WARNING: [IP_Flow 19-4308] Project file 'c:/XilinxDev/SOC/Seppe-en-Kobe/hardware_block/Speed_Sensor/Speed_Sensor.srcs/sources_1/new/Speed_Sensor.vhd' is not found in the component files. It will be added automatically when merging sources and repackaging. Please remove the file from the source project if this is not desired.
ipx::merge_project_changes hdl_parameters [ipx::current_core]
INFO: [IP_Flow 19-3166] Bus Interface 'S00_AXI': References existing memory map 'S00_AXI'.
export_ip_user_files -of_objects  [get_files C:/XilinxDev/SOC/Seppe-en-Kobe/hardware_block/Speed_Sensor/Speed_Sensor.srcs/sources_1/new/Speed_Sensor.vhd] -no_script -reset -force -quiet
remove_files  C:/XilinxDev/SOC/Seppe-en-Kobe/hardware_block/Speed_Sensor/Speed_Sensor.srcs/sources_1/new/Speed_Sensor.vhd
WARNING: [filemgmt 56-199] Attempt to get parsing info during refresh. "On-the-fly" syntax checking information may be incorrect. [C:\XilinxDev\SOC\Seppe-en-Kobe\VHDL\ip_repo\Speedsensor_1_0\hdl\Speedsensor_v1_0_S00_AXI.vhd:]
WARNING: [filemgmt 56-199] Attempt to get parsing info during refresh. "On-the-fly" syntax checking information may be incorrect. [C:\XilinxDev\SOC\Seppe-en-Kobe\VHDL\ip_repo\Speedsensor_1_0\hdl\Speedsensor_v1_0.vhd:]
WARNING: [filemgmt 56-199] Attempt to get parsing info during refresh. "On-the-fly" syntax checking information may be incorrect. [C:\XilinxDev\SOC\Seppe-en-Kobe\hardware_block\Speed_Sensor\Speed_Sensor.srcs\sources_1\new\Speed_Sensor.vhd:]
ERROR: [Common 17-180] Spawn failed: No error
add_files -norecurse C:/XilinxDev/SOC/Seppe-en-Kobe/VHDL/ip_repo/Speedsensor_1_0/hdl/Speed_Sensor.vhd
WARNING: [filemgmt 56-199] Attempt to get parsing info during refresh. "On-the-fly" syntax checking information may be incorrect. [C:\XilinxDev\SOC\Seppe-en-Kobe\VHDL\ip_repo\Speedsensor_1_0\hdl\Speedsensor_v1_0_S00_AXI.vhd:]
WARNING: [filemgmt 56-199] Attempt to get parsing info during refresh. "On-the-fly" syntax checking information may be incorrect. [C:\XilinxDev\SOC\Seppe-en-Kobe\VHDL\ip_repo\Speedsensor_1_0\hdl\Speedsensor_v1_0.vhd:]
WARNING: [filemgmt 56-199] Attempt to get parsing info during refresh. "On-the-fly" syntax checking information may be incorrect. [C:\XilinxDev\SOC\Seppe-en-Kobe\hardware_block\Speed_Sensor\Speed_Sensor.srcs\sources_1\new\Speed_Sensor.vhd:]
ERROR: [Common 17-180] Spawn failed: No error
ipx::merge_project_changes files [ipx::current_core]
WARNING: [IP_Flow 19-5109] File Group 'xilinx_vhdlsynthesis (VHDL Synthesis)': File 'c:/XilinxDev/SOC/Seppe-en-Kobe/hardware_block/Speed_Sensor/Speed_Sensor.srcs/sources_1/new/Speed_Sensor.vhd' does not exist in the project sources. It has been removed from the packaged IP. If still required, please add this file to the project, merge sources and re-package.
WARNING: [IP_Flow 19-5109] File Group 'xilinx_vhdlbehavioralsimulation (VHDL Simulation)': File 'c:/XilinxDev/SOC/Seppe-en-Kobe/hardware_block/Speed_Sensor/Speed_Sensor.srcs/sources_1/new/Speed_Sensor.vhd' does not exist in the project sources. It has been removed from the packaged IP. If still required, please add this file to the project, merge sources and re-package.
ipx::update_checksums [ipx::current_core]
ipx::save_core [ipx::current_core]
WARNING: [filemgmt 56-199] Attempt to get parsing info during refresh. "On-the-fly" syntax checking information may be incorrect. [C:\XilinxDev\SOC\Seppe-en-Kobe\VHDL\ip_repo\Speedsensor_1_0\hdl\Speedsensor_v1_0_S00_AXI.vhd:]
WARNING: [filemgmt 56-199] Attempt to get parsing info during refresh. "On-the-fly" syntax checking information may be incorrect. [C:\XilinxDev\SOC\Seppe-en-Kobe\VHDL\ip_repo\Speedsensor_1_0\hdl\Speedsensor_v1_0.vhd:]
WARNING: [filemgmt 56-199] Attempt to get parsing info during refresh. "On-the-fly" syntax checking information may be incorrect. [C:\XilinxDev\SOC\Seppe-en-Kobe\hardware_block\Speed_Sensor\Speed_Sensor.srcs\sources_1\new\Speed_Sensor.vhd:]
ERROR: [Common 17-180] Spawn failed: No error
set_property core_revision 2 [ipx::current_core]
ipx::create_xgui_files [ipx::current_core]
ipx::update_checksums [ipx::current_core]
ipx::check_integrity [ipx::current_core]
WARNING: [IP_Flow 19-11770] Clock interface 'S00_AXI_CLK' has no FREQ_HZ parameter.
INFO: [IP_Flow 19-2181] Payment Required is not set for this core.
INFO: [IP_Flow 19-2187] The Product Guide file is missing.
INFO: [Ipptcl 7-1486] check_integrity: Integrity check passed.
ipx::save_core [ipx::current_core]
update_ip_catalog -rebuild -repo_path c:/XilinxDev/SOC/Seppe-en-Kobe/VHDL/ip_repo/Speedsensor_1_0
INFO: [IP_Flow 19-725] Reloaded user IP repository 'c:/XilinxDev/SOC/Seppe-en-Kobe/VHDL/ip_repo/Speedsensor_1_0'
ipx::check_integrity -quiet -xrt [ipx::current_core]
ipx::archive_core {c:\XilinxDev\SOC\Seppe-en-Kobe\VHDL\ip_repo\Speedsensor_1_0\xilinx.com_user_Speedsensor_1.0.zip} [ipx::current_core]
WARNING: [filemgmt 56-199] Attempt to get parsing info during refresh. "On-the-fly" syntax checking information may be incorrect. [C:\XilinxDev\SOC\Seppe-en-Kobe\VHDL\ip_repo\Speedsensor_1_0\hdl\Speedsensor_v1_0_S00_AXI.vhd:]
WARNING: [filemgmt 56-199] Attempt to get parsing info during refresh. "On-the-fly" syntax checking information may be incorrect. [C:\XilinxDev\SOC\Seppe-en-Kobe\VHDL\ip_repo\Speedsensor_1_0\hdl\Speedsensor_v1_0.vhd:]
WARNING: [filemgmt 56-199] Attempt to get parsing info during refresh. "On-the-fly" syntax checking information may be incorrect. [C:\XilinxDev\SOC\Seppe-en-Kobe\hardware_block\Speed_Sensor\Speed_Sensor.srcs\sources_1\new\Speed_Sensor.vhd:]
ERROR: [Common 17-180] Spawn failed: No error
set_property core_revision 3 [ipx::current_core]
ipx::create_xgui_files [ipx::current_core]
ipx::update_checksums [ipx::current_core]
ipx::check_integrity [ipx::current_core]
WARNING: [IP_Flow 19-11770] Clock interface 'S00_AXI_CLK' has no FREQ_HZ parameter.
INFO: [IP_Flow 19-2181] Payment Required is not set for this core.
INFO: [IP_Flow 19-2187] The Product Guide file is missing.
INFO: [Ipptcl 7-1486] check_integrity: Integrity check passed.
ipx::save_core [ipx::current_core]
update_ip_catalog -rebuild -repo_path c:/XilinxDev/SOC/Seppe-en-Kobe/VHDL/ip_repo/Speedsensor_1_0
INFO: [IP_Flow 19-725] Reloaded user IP repository 'c:/XilinxDev/SOC/Seppe-en-Kobe/VHDL/ip_repo/Speedsensor_1_0'
ipx::check_integrity -quiet -xrt [ipx::current_core]
ipx::archive_core {c:\XilinxDev\SOC\Seppe-en-Kobe\VHDL\ip_repo\Speedsensor_1_0\xilinx.com_user_Speedsensor_1.0.zip} [ipx::current_core]
WARNING: [filemgmt 56-199] Attempt to get parsing info during refresh. "On-the-fly" syntax checking information may be incorrect. [C:\XilinxDev\SOC\Seppe-en-Kobe\VHDL\ip_repo\Speedsensor_1_0\hdl\Speedsensor_v1_0_S00_AXI.vhd:]
WARNING: [filemgmt 56-199] Attempt to get parsing info during refresh. "On-the-fly" syntax checking information may be incorrect. [C:\XilinxDev\SOC\Seppe-en-Kobe\VHDL\ip_repo\Speedsensor_1_0\hdl\Speedsensor_v1_0.vhd:]
WARNING: [filemgmt 56-199] Attempt to get parsing info during refresh. "On-the-fly" syntax checking information may be incorrect. [C:\XilinxDev\SOC\Seppe-en-Kobe\hardware_block\Speed_Sensor\Speed_Sensor.srcs\sources_1\new\Speed_Sensor.vhd:]
ERROR: [Common 17-180] Spawn failed: No error
close_project
open_project C:/XilinxDev/SOC/MotorTest/MotorTest.xpr
Scanning sources...
Finished scanning sources
INFO: [IP_Flow 19-234] Refreshing IP repositories
INFO: [IP_Flow 19-1704] No user IP repositories specified
INFO: [IP_Flow 19-2313] Loaded Vivado IP repository 'C:/Xilinx/Vivado/2023.2/data/ip'.
update_compile_order -fileset sources_1
open_bd_design {C:/XilinxDev/SOC/MotorTest/MotorTest.srcs/sources_1/bd/design_1/design_1.bd}
Reading block design file <C:/XilinxDev/SOC/MotorTest/MotorTest.srcs/sources_1/bd/design_1/design_1.bd>...
Adding component instance block -- xilinx.com:ip:processing_system7:5.5 - processing_system7_0
Adding component instance block -- xilinx.com:ip:proc_sys_reset:5.0 - rst_ps7_0_50M
Adding component instance block -- xilinx.com:ip:axi_gpio:2.0 - axi_gpio_0
Adding component instance block -- xilinx.com:ip:axi_timer:2.0 - axi_timer_0
Adding component instance block -- xilinx.com:ip:axi_gpio:2.0 - axi_gpio_0
Adding component instance block -- xilinx.com:ip:axi_timer:2.0 - axi_timer_0
Adding component instance block -- xilinx.com:ip:axi_gpio:2.0 - axi_gpio_0
Adding component instance block -- xilinx.com:ip:axi_timer:2.0 - axi_timer_0
Adding component instance block -- xilinx.com:ip:axi_gpio:2.0 - axi_gpio_0
Adding component instance block -- xilinx.com:ip:axi_timer:2.0 - axi_timer_0
Adding component instance block -- xilinx.com:ip:axi_interconnect:2.1 - ps7_0_axi_periph
Adding component instance block -- xilinx.com:ip:axi_crossbar:2.1 - xbar
Successfully read diagram <design_1> from block design file <C:/XilinxDev/SOC/MotorTest/MotorTest.srcs/sources_1/bd/design_1/design_1.bd>
open_bd_design: Time (s): cpu = 00:00:00 ; elapsed = 00:00:06 . Memory (MB): peak = 1692.148 ; gain = 102.281
exit
INFO: [Common 17-206] Exiting Vivado at Fri Apr 19 16:19:48 2024...
