17:37:09 DEBUG : Logs will be stored at 'C:/XilinxDev/neopixel/vitis/IDE.log'.
17:37:15 INFO  : Launching XSCT server: xsct.bat -n  -interactive C:\XilinxDev\neopixel\vitis\temp_xsdb_launch_script.tcl
17:37:15 INFO  : Platform repository initialization has completed.
17:37:15 INFO  : Registering command handlers for Vitis TCF services
17:37:17 INFO  : XSCT server has started successfully.
17:37:17 INFO  : Successfully done setting XSCT server connection channel  
17:37:17 INFO  : plnx-install-location is set to ''
17:37:17 INFO  : Successfully done setting workspace for the tool. 
17:37:17 INFO  : Successfully done query RDI_DATADIR 
17:38:07 INFO  : Result from executing command 'getProjects': SoC_AXI_NeoPixel2
17:38:07 INFO  : Result from executing command 'getPlatforms': 
17:38:08 WARN  : An unexpected exception occurred in the module 'platform project logging'
17:38:08 INFO  : Platform 'SoC_AXI_NeoPixel2' is added to custom repositories.
17:38:17 INFO  : Platform 'SoC_AXI_NeoPixel2' is added to custom repositories.
17:41:51 INFO  : Result from executing command 'getProjects': SoC_AXI_NeoPixel2
17:41:51 INFO  : Result from executing command 'getPlatforms': SoC_AXI_NeoPixel2|C:/XilinxDev/neopixel/vitis/SoC_AXI_NeoPixel2/export/SoC_AXI_NeoPixel2/SoC_AXI_NeoPixel2.xpfm
17:41:52 INFO  : Checking for BSP changes to sync application flags for project 'axi_neopixel'...
17:42:02 INFO  : Connected to target on host '127.0.0.1' and port '3121'.
17:42:03 INFO  : Jtag cable 'Xilinx TUL 1234-tulA' is selected.
17:42:03 INFO  : 'jtag frequency' command is executed.
17:42:03 INFO  : Context for 'APU' is selected.
17:42:03 INFO  : System reset is completed.
17:42:06 INFO  : 'after 3000' command is executed.
17:42:06 INFO  : 'targets -set -filter {jtag_cable_name =~ "Xilinx TUL 1234-tulA" && level==0 && jtag_device_ctx=="jsn-TUL-1234-tulA-23727093-0"}' command is executed.
17:42:08 INFO  : Device configured successfully with "C:/XilinxDev/neopixel/vitis/axi_neopixel/_ide/bitstream/SoC_AXI_NeoPixel2.bit"
17:42:08 INFO  : Context for 'APU' is selected.
17:42:08 INFO  : Hardware design and registers information is loaded from 'C:/XilinxDev/neopixel/vitis/SoC_AXI_NeoPixel2/export/SoC_AXI_NeoPixel2/hw/SoC_AXI_NeoPixel2.xsa'.
17:42:08 INFO  : 'configparams force-mem-access 1' command is executed.
17:42:08 INFO  : Context for 'APU' is selected.
17:42:08 INFO  : Sourcing of 'C:/XilinxDev/neopixel/vitis/axi_neopixel/_ide/psinit/ps7_init.tcl' is done.
17:42:08 INFO  : 'ps7_init' command is executed.
17:42:09 INFO  : 'ps7_post_config' command is executed.
17:42:09 INFO  : Context for processor 'ps7_cortexa9_0' is selected.
17:42:09 INFO  : The application 'C:/XilinxDev/neopixel/vitis/axi_neopixel/Debug/axi_neopixel.elf' is downloaded to processor 'ps7_cortexa9_0'.
17:42:09 INFO  : 'configparams force-mem-access 0' command is executed.
17:42:09 INFO  : ----------------XSDB Script----------------
connect -url tcp:127.0.0.1:3121
targets -set -nocase -filter {name =~"APU*"}
rst -system
after 3000
targets -set -filter {jtag_cable_name =~ "Xilinx TUL 1234-tulA" && level==0 && jtag_device_ctx=="jsn-TUL-1234-tulA-23727093-0"}
fpga -file C:/XilinxDev/neopixel/vitis/axi_neopixel/_ide/bitstream/SoC_AXI_NeoPixel2.bit
targets -set -nocase -filter {name =~"APU*"}
loadhw -hw C:/XilinxDev/neopixel/vitis/SoC_AXI_NeoPixel2/export/SoC_AXI_NeoPixel2/hw/SoC_AXI_NeoPixel2.xsa -mem-ranges [list {0x40000000 0xbfffffff}] -regs
configparams force-mem-access 1
targets -set -nocase -filter {name =~"APU*"}
source C:/XilinxDev/neopixel/vitis/axi_neopixel/_ide/psinit/ps7_init.tcl
ps7_init
ps7_post_config
targets -set -nocase -filter {name =~ "*A9*#0"}
dow C:/XilinxDev/neopixel/vitis/axi_neopixel/Debug/axi_neopixel.elf
configparams force-mem-access 0
----------------End of Script----------------

17:42:09 INFO  : Context for processor 'ps7_cortexa9_0' is selected.
17:42:09 INFO  : 'con' command is executed.
17:42:09 INFO  : ----------------XSDB Script (After Launch)----------------
targets -set -nocase -filter {name =~ "*A9*#0"}
con
----------------End of Script----------------

17:42:09 INFO  : Launch script is exported to file 'C:\XilinxDev\neopixel\vitis\axi_neopixel_system\_ide\scripts\debugger_axi_neopixel-default.tcl'
17:49:32 INFO  : Checking for BSP changes to sync application flags for project 'axi_neopixel'...
17:49:37 INFO  : Disconnected from the channel tcfchan#2.
17:49:38 INFO  : Connected to target on host '127.0.0.1' and port '3121'.
17:49:38 INFO  : Jtag cable 'Xilinx TUL 1234-tulA' is selected.
17:49:38 INFO  : 'jtag frequency' command is executed.
17:49:38 INFO  : Context for 'APU' is selected.
17:49:38 INFO  : System reset is completed.
17:49:41 INFO  : 'after 3000' command is executed.
17:49:41 INFO  : 'targets -set -filter {jtag_cable_name =~ "Xilinx TUL 1234-tulA" && level==0 && jtag_device_ctx=="jsn-TUL-1234-tulA-23727093-0"}' command is executed.
17:49:44 INFO  : Device configured successfully with "C:/XilinxDev/neopixel/vitis/axi_neopixel/_ide/bitstream/SoC_AXI_NeoPixel2.bit"
17:49:44 INFO  : Context for 'APU' is selected.
17:49:44 INFO  : Hardware design and registers information is loaded from 'C:/XilinxDev/neopixel/vitis/SoC_AXI_NeoPixel2/export/SoC_AXI_NeoPixel2/hw/SoC_AXI_NeoPixel2.xsa'.
17:49:44 INFO  : 'configparams force-mem-access 1' command is executed.
17:49:44 INFO  : Context for 'APU' is selected.
17:49:44 INFO  : Sourcing of 'C:/XilinxDev/neopixel/vitis/axi_neopixel/_ide/psinit/ps7_init.tcl' is done.
17:49:44 INFO  : 'ps7_init' command is executed.
17:49:44 INFO  : 'ps7_post_config' command is executed.
17:49:44 INFO  : Context for processor 'ps7_cortexa9_0' is selected.
17:49:44 INFO  : The application 'C:/XilinxDev/neopixel/vitis/axi_neopixel/Debug/axi_neopixel.elf' is downloaded to processor 'ps7_cortexa9_0'.
17:49:44 INFO  : 'configparams force-mem-access 0' command is executed.
17:49:44 INFO  : ----------------XSDB Script----------------
connect -url tcp:127.0.0.1:3121
targets -set -nocase -filter {name =~"APU*"}
rst -system
after 3000
targets -set -filter {jtag_cable_name =~ "Xilinx TUL 1234-tulA" && level==0 && jtag_device_ctx=="jsn-TUL-1234-tulA-23727093-0"}
fpga -file C:/XilinxDev/neopixel/vitis/axi_neopixel/_ide/bitstream/SoC_AXI_NeoPixel2.bit
targets -set -nocase -filter {name =~"APU*"}
loadhw -hw C:/XilinxDev/neopixel/vitis/SoC_AXI_NeoPixel2/export/SoC_AXI_NeoPixel2/hw/SoC_AXI_NeoPixel2.xsa -mem-ranges [list {0x40000000 0xbfffffff}] -regs
configparams force-mem-access 1
targets -set -nocase -filter {name =~"APU*"}
source C:/XilinxDev/neopixel/vitis/axi_neopixel/_ide/psinit/ps7_init.tcl
ps7_init
ps7_post_config
targets -set -nocase -filter {name =~ "*A9*#0"}
dow C:/XilinxDev/neopixel/vitis/axi_neopixel/Debug/axi_neopixel.elf
configparams force-mem-access 0
----------------End of Script----------------

17:49:44 INFO  : Context for processor 'ps7_cortexa9_0' is selected.
17:49:44 INFO  : 'con' command is executed.
17:49:44 INFO  : ----------------XSDB Script (After Launch)----------------
targets -set -nocase -filter {name =~ "*A9*#0"}
con
----------------End of Script----------------

17:49:44 INFO  : Launch script is exported to file 'C:\XilinxDev\neopixel\vitis\axi_neopixel_system\_ide\scripts\debugger_axi_neopixel-default.tcl'
18:00:06 INFO  : Checking for BSP changes to sync application flags for project 'axi_neopixel'...
18:00:21 INFO  : Disconnected from the channel tcfchan#3.
18:00:22 INFO  : Connected to target on host '127.0.0.1' and port '3121'.
18:00:22 INFO  : Jtag cable 'Xilinx TUL 1234-tulA' is selected.
18:00:22 ERROR : port closed
18:00:22 INFO  : ----------------XSDB Script----------------
connect -url tcp:127.0.0.1:3121
----------------End of Script----------------

18:00:22 ERROR : port closed
18:00:52 INFO  : Connected to target on host '127.0.0.1' and port '3121'.
18:00:52 INFO  : Jtag cable 'Xilinx TUL 1234-tulA' is selected.
18:00:52 INFO  : 'jtag frequency' command is executed.
18:00:52 INFO  : Context for 'APU' is selected.
18:00:52 INFO  : System reset is completed.
18:00:55 INFO  : 'after 3000' command is executed.
18:00:55 INFO  : 'targets -set -filter {jtag_cable_name =~ "Xilinx TUL 1234-tulA" && level==0 && jtag_device_ctx=="jsn-TUL-1234-tulA-23727093-0"}' command is executed.
18:00:58 INFO  : Device configured successfully with "C:/XilinxDev/neopixel/vitis/axi_neopixel/_ide/bitstream/SoC_AXI_NeoPixel2.bit"
18:00:58 INFO  : Context for 'APU' is selected.
18:00:58 INFO  : Hardware design and registers information is loaded from 'C:/XilinxDev/neopixel/vitis/SoC_AXI_NeoPixel2/export/SoC_AXI_NeoPixel2/hw/SoC_AXI_NeoPixel2.xsa'.
18:00:58 INFO  : 'configparams force-mem-access 1' command is executed.
18:00:58 INFO  : Context for 'APU' is selected.
18:00:58 INFO  : Sourcing of 'C:/XilinxDev/neopixel/vitis/axi_neopixel/_ide/psinit/ps7_init.tcl' is done.
18:00:58 INFO  : 'ps7_init' command is executed.
18:00:58 INFO  : 'ps7_post_config' command is executed.
18:00:58 INFO  : Context for processor 'ps7_cortexa9_0' is selected.
18:00:58 INFO  : The application 'C:/XilinxDev/neopixel/vitis/axi_neopixel/Debug/axi_neopixel.elf' is downloaded to processor 'ps7_cortexa9_0'.
18:00:58 INFO  : 'configparams force-mem-access 0' command is executed.
18:00:58 INFO  : ----------------XSDB Script----------------
connect -url tcp:127.0.0.1:3121
targets -set -nocase -filter {name =~"APU*"}
rst -system
after 3000
targets -set -filter {jtag_cable_name =~ "Xilinx TUL 1234-tulA" && level==0 && jtag_device_ctx=="jsn-TUL-1234-tulA-23727093-0"}
fpga -file C:/XilinxDev/neopixel/vitis/axi_neopixel/_ide/bitstream/SoC_AXI_NeoPixel2.bit
targets -set -nocase -filter {name =~"APU*"}
loadhw -hw C:/XilinxDev/neopixel/vitis/SoC_AXI_NeoPixel2/export/SoC_AXI_NeoPixel2/hw/SoC_AXI_NeoPixel2.xsa -mem-ranges [list {0x40000000 0xbfffffff}] -regs
configparams force-mem-access 1
targets -set -nocase -filter {name =~"APU*"}
source C:/XilinxDev/neopixel/vitis/axi_neopixel/_ide/psinit/ps7_init.tcl
ps7_init
ps7_post_config
targets -set -nocase -filter {name =~ "*A9*#0"}
dow C:/XilinxDev/neopixel/vitis/axi_neopixel/Debug/axi_neopixel.elf
configparams force-mem-access 0
----------------End of Script----------------

18:00:58 INFO  : Context for processor 'ps7_cortexa9_0' is selected.
18:00:58 INFO  : 'con' command is executed.
18:00:58 INFO  : ----------------XSDB Script (After Launch)----------------
targets -set -nocase -filter {name =~ "*A9*#0"}
con
----------------End of Script----------------

18:00:58 INFO  : Launch script is exported to file 'C:\XilinxDev\neopixel\vitis\axi_neopixel_system\_ide\scripts\debugger_axi_neopixel-default.tcl'
18:02:03 INFO  : Checking for BSP changes to sync application flags for project 'axi_neopixel'...
18:07:27 INFO  : Checking for BSP changes to sync application flags for project 'axi_neopixel'...
18:07:33 INFO  : Checking for BSP changes to sync application flags for project 'axi_neopixel'...
18:07:40 INFO  : Disconnected from the channel tcfchan#4.
18:07:41 INFO  : Connected to target on host '127.0.0.1' and port '3121'.
18:07:41 INFO  : Jtag cable 'Xilinx TUL 1234-tulA' is selected.
18:07:41 INFO  : 'jtag frequency' command is executed.
18:07:41 INFO  : Context for 'APU' is selected.
18:07:41 INFO  : System reset is completed.
18:07:44 INFO  : 'after 3000' command is executed.
18:07:44 INFO  : 'targets -set -filter {jtag_cable_name =~ "Xilinx TUL 1234-tulA" && level==0 && jtag_device_ctx=="jsn-TUL-1234-tulA-23727093-0"}' command is executed.
18:07:47 INFO  : Device configured successfully with "C:/XilinxDev/neopixel/vitis/axi_neopixel/_ide/bitstream/SoC_AXI_NeoPixel2.bit"
18:07:47 INFO  : Context for 'APU' is selected.
18:07:47 INFO  : Hardware design and registers information is loaded from 'C:/XilinxDev/neopixel/vitis/SoC_AXI_NeoPixel2/export/SoC_AXI_NeoPixel2/hw/SoC_AXI_NeoPixel2.xsa'.
18:07:47 INFO  : 'configparams force-mem-access 1' command is executed.
18:07:47 INFO  : Context for 'APU' is selected.
18:07:47 INFO  : Sourcing of 'C:/XilinxDev/neopixel/vitis/axi_neopixel/_ide/psinit/ps7_init.tcl' is done.
18:07:47 INFO  : 'ps7_init' command is executed.
18:07:47 INFO  : 'ps7_post_config' command is executed.
18:07:47 INFO  : Context for processor 'ps7_cortexa9_0' is selected.
18:07:47 INFO  : The application 'C:/XilinxDev/neopixel/vitis/axi_neopixel/Debug/axi_neopixel.elf' is downloaded to processor 'ps7_cortexa9_0'.
18:07:47 INFO  : 'configparams force-mem-access 0' command is executed.
18:07:47 INFO  : ----------------XSDB Script----------------
connect -url tcp:127.0.0.1:3121
targets -set -nocase -filter {name =~"APU*"}
rst -system
after 3000
targets -set -filter {jtag_cable_name =~ "Xilinx TUL 1234-tulA" && level==0 && jtag_device_ctx=="jsn-TUL-1234-tulA-23727093-0"}
fpga -file C:/XilinxDev/neopixel/vitis/axi_neopixel/_ide/bitstream/SoC_AXI_NeoPixel2.bit
targets -set -nocase -filter {name =~"APU*"}
loadhw -hw C:/XilinxDev/neopixel/vitis/SoC_AXI_NeoPixel2/export/SoC_AXI_NeoPixel2/hw/SoC_AXI_NeoPixel2.xsa -mem-ranges [list {0x40000000 0xbfffffff}] -regs
configparams force-mem-access 1
targets -set -nocase -filter {name =~"APU*"}
source C:/XilinxDev/neopixel/vitis/axi_neopixel/_ide/psinit/ps7_init.tcl
ps7_init
ps7_post_config
targets -set -nocase -filter {name =~ "*A9*#0"}
dow C:/XilinxDev/neopixel/vitis/axi_neopixel/Debug/axi_neopixel.elf
configparams force-mem-access 0
----------------End of Script----------------

18:07:47 INFO  : Context for processor 'ps7_cortexa9_0' is selected.
18:07:47 INFO  : 'con' command is executed.
18:07:47 INFO  : ----------------XSDB Script (After Launch)----------------
targets -set -nocase -filter {name =~ "*A9*#0"}
con
----------------End of Script----------------

18:07:47 INFO  : Launch script is exported to file 'C:\XilinxDev\neopixel\vitis\axi_neopixel_system\_ide\scripts\debugger_axi_neopixel-default.tcl'
18:10:20 INFO  : Disconnected from the channel tcfchan#5.
18:10:21 INFO  : Connected to target on host '127.0.0.1' and port '3121'.
18:10:21 INFO  : Jtag cable 'Xilinx TUL 1234-tulA' is selected.
18:10:21 INFO  : 'jtag frequency' command is executed.
18:10:21 INFO  : Context for 'APU' is selected.
18:10:21 INFO  : System reset is completed.
18:10:24 INFO  : 'after 3000' command is executed.
18:10:24 INFO  : 'targets -set -filter {jtag_cable_name =~ "Xilinx TUL 1234-tulA" && level==0 && jtag_device_ctx=="jsn-TUL-1234-tulA-23727093-0"}' command is executed.
18:10:26 INFO  : Device configured successfully with "C:/XilinxDev/neopixel/vitis/axi_neopixel/_ide/bitstream/SoC_AXI_NeoPixel2.bit"
18:10:26 INFO  : Context for 'APU' is selected.
18:10:26 INFO  : Hardware design and registers information is loaded from 'C:/XilinxDev/neopixel/vitis/SoC_AXI_NeoPixel2/export/SoC_AXI_NeoPixel2/hw/SoC_AXI_NeoPixel2.xsa'.
18:10:26 INFO  : 'configparams force-mem-access 1' command is executed.
18:10:26 INFO  : Context for 'APU' is selected.
18:10:26 INFO  : Sourcing of 'C:/XilinxDev/neopixel/vitis/axi_neopixel/_ide/psinit/ps7_init.tcl' is done.
18:10:27 INFO  : 'ps7_init' command is executed.
18:10:27 INFO  : 'ps7_post_config' command is executed.
18:10:27 INFO  : Context for processor 'ps7_cortexa9_0' is selected.
18:10:27 INFO  : The application 'C:/XilinxDev/neopixel/vitis/axi_neopixel/Debug/axi_neopixel.elf' is downloaded to processor 'ps7_cortexa9_0'.
18:10:27 INFO  : 'configparams force-mem-access 0' command is executed.
18:10:27 INFO  : ----------------XSDB Script----------------
connect -url tcp:127.0.0.1:3121
targets -set -nocase -filter {name =~"APU*"}
rst -system
after 3000
targets -set -filter {jtag_cable_name =~ "Xilinx TUL 1234-tulA" && level==0 && jtag_device_ctx=="jsn-TUL-1234-tulA-23727093-0"}
fpga -file C:/XilinxDev/neopixel/vitis/axi_neopixel/_ide/bitstream/SoC_AXI_NeoPixel2.bit
targets -set -nocase -filter {name =~"APU*"}
loadhw -hw C:/XilinxDev/neopixel/vitis/SoC_AXI_NeoPixel2/export/SoC_AXI_NeoPixel2/hw/SoC_AXI_NeoPixel2.xsa -mem-ranges [list {0x40000000 0xbfffffff}] -regs
configparams force-mem-access 1
targets -set -nocase -filter {name =~"APU*"}
source C:/XilinxDev/neopixel/vitis/axi_neopixel/_ide/psinit/ps7_init.tcl
ps7_init
ps7_post_config
targets -set -nocase -filter {name =~ "*A9*#0"}
dow C:/XilinxDev/neopixel/vitis/axi_neopixel/Debug/axi_neopixel.elf
configparams force-mem-access 0
----------------End of Script----------------

18:10:27 INFO  : Context for processor 'ps7_cortexa9_0' is selected.
18:10:27 INFO  : 'con' command is executed.
18:10:27 INFO  : ----------------XSDB Script (After Launch)----------------
targets -set -nocase -filter {name =~ "*A9*#0"}
con
----------------End of Script----------------

18:10:27 INFO  : Launch script is exported to file 'C:\XilinxDev\neopixel\vitis\axi_neopixel_system\_ide\scripts\debugger_axi_neopixel-default.tcl'
18:15:48 INFO  : Checking for BSP changes to sync application flags for project 'axi_neopixel'...
18:15:58 INFO  : Disconnected from the channel tcfchan#6.
18:15:59 INFO  : Connected to target on host '127.0.0.1' and port '3121'.
18:15:59 INFO  : Jtag cable 'Xilinx TUL 1234-tulA' is selected.
18:15:59 ERROR : port closed
18:15:59 INFO  : ----------------XSDB Script----------------
connect -url tcp:127.0.0.1:3121
----------------End of Script----------------

18:15:59 ERROR : port closed
18:16:03 INFO  : Checking for BSP changes to sync application flags for project 'axi_neopixel'...
18:16:06 INFO  : Connected to target on host '127.0.0.1' and port '3121'.
18:16:07 INFO  : Jtag cable 'Xilinx TUL 1234-tulA' is selected.
18:16:07 INFO  : 'jtag frequency' command is executed.
18:16:07 INFO  : Context for 'APU' is selected.
18:16:07 INFO  : System reset is completed.
18:16:10 INFO  : 'after 3000' command is executed.
18:16:10 INFO  : 'targets -set -filter {jtag_cable_name =~ "Xilinx TUL 1234-tulA" && level==0 && jtag_device_ctx=="jsn-TUL-1234-tulA-23727093-0"}' command is executed.
18:16:12 INFO  : Device configured successfully with "C:/XilinxDev/neopixel/vitis/axi_neopixel/_ide/bitstream/SoC_AXI_NeoPixel2.bit"
18:16:12 INFO  : Context for 'APU' is selected.
18:16:12 INFO  : Hardware design and registers information is loaded from 'C:/XilinxDev/neopixel/vitis/SoC_AXI_NeoPixel2/export/SoC_AXI_NeoPixel2/hw/SoC_AXI_NeoPixel2.xsa'.
18:16:12 INFO  : 'configparams force-mem-access 1' command is executed.
18:16:12 INFO  : Context for 'APU' is selected.
18:16:12 INFO  : Sourcing of 'C:/XilinxDev/neopixel/vitis/axi_neopixel/_ide/psinit/ps7_init.tcl' is done.
18:16:12 INFO  : 'ps7_init' command is executed.
18:16:12 INFO  : 'ps7_post_config' command is executed.
18:16:12 INFO  : Context for processor 'ps7_cortexa9_0' is selected.
18:16:12 INFO  : The application 'C:/XilinxDev/neopixel/vitis/axi_neopixel/Debug/axi_neopixel.elf' is downloaded to processor 'ps7_cortexa9_0'.
18:16:12 INFO  : 'configparams force-mem-access 0' command is executed.
18:16:12 INFO  : ----------------XSDB Script----------------
connect -url tcp:127.0.0.1:3121
targets -set -nocase -filter {name =~"APU*"}
rst -system
after 3000
targets -set -filter {jtag_cable_name =~ "Xilinx TUL 1234-tulA" && level==0 && jtag_device_ctx=="jsn-TUL-1234-tulA-23727093-0"}
fpga -file C:/XilinxDev/neopixel/vitis/axi_neopixel/_ide/bitstream/SoC_AXI_NeoPixel2.bit
targets -set -nocase -filter {name =~"APU*"}
loadhw -hw C:/XilinxDev/neopixel/vitis/SoC_AXI_NeoPixel2/export/SoC_AXI_NeoPixel2/hw/SoC_AXI_NeoPixel2.xsa -mem-ranges [list {0x40000000 0xbfffffff}] -regs
configparams force-mem-access 1
targets -set -nocase -filter {name =~"APU*"}
source C:/XilinxDev/neopixel/vitis/axi_neopixel/_ide/psinit/ps7_init.tcl
ps7_init
ps7_post_config
targets -set -nocase -filter {name =~ "*A9*#0"}
dow C:/XilinxDev/neopixel/vitis/axi_neopixel/Debug/axi_neopixel.elf
configparams force-mem-access 0
----------------End of Script----------------

18:16:13 INFO  : Context for processor 'ps7_cortexa9_0' is selected.
18:16:13 INFO  : 'con' command is executed.
18:16:13 INFO  : ----------------XSDB Script (After Launch)----------------
targets -set -nocase -filter {name =~ "*A9*#0"}
con
----------------End of Script----------------

18:16:13 INFO  : Launch script is exported to file 'C:\XilinxDev\neopixel\vitis\axi_neopixel_system\_ide\scripts\debugger_axi_neopixel-default.tcl'
18:17:22 INFO  : Checking for BSP changes to sync application flags for project 'axi_neopixel'...
18:17:32 INFO  : Disconnected from the channel tcfchan#7.
18:17:33 INFO  : Connected to target on host '127.0.0.1' and port '3121'.
18:17:33 INFO  : Jtag cable 'Xilinx TUL 1234-tulA' is selected.
18:17:33 INFO  : 'jtag frequency' command is executed.
18:17:33 INFO  : Context for 'APU' is selected.
18:17:33 INFO  : System reset is completed.
18:17:36 INFO  : 'after 3000' command is executed.
18:17:36 INFO  : 'targets -set -filter {jtag_cable_name =~ "Xilinx TUL 1234-tulA" && level==0 && jtag_device_ctx=="jsn-TUL-1234-tulA-23727093-0"}' command is executed.
18:17:38 INFO  : Device configured successfully with "C:/XilinxDev/neopixel/vitis/axi_neopixel/_ide/bitstream/SoC_AXI_NeoPixel2.bit"
18:17:38 INFO  : Context for 'APU' is selected.
18:17:38 INFO  : Hardware design and registers information is loaded from 'C:/XilinxDev/neopixel/vitis/SoC_AXI_NeoPixel2/export/SoC_AXI_NeoPixel2/hw/SoC_AXI_NeoPixel2.xsa'.
18:17:38 INFO  : 'configparams force-mem-access 1' command is executed.
18:17:38 INFO  : Context for 'APU' is selected.
18:17:38 INFO  : Sourcing of 'C:/XilinxDev/neopixel/vitis/axi_neopixel/_ide/psinit/ps7_init.tcl' is done.
18:17:38 INFO  : 'ps7_init' command is executed.
18:17:38 INFO  : 'ps7_post_config' command is executed.
18:17:38 INFO  : Context for processor 'ps7_cortexa9_0' is selected.
18:17:39 INFO  : The application 'C:/XilinxDev/neopixel/vitis/axi_neopixel/Debug/axi_neopixel.elf' is downloaded to processor 'ps7_cortexa9_0'.
18:17:39 INFO  : 'configparams force-mem-access 0' command is executed.
18:17:39 INFO  : ----------------XSDB Script----------------
connect -url tcp:127.0.0.1:3121
targets -set -nocase -filter {name =~"APU*"}
rst -system
after 3000
targets -set -filter {jtag_cable_name =~ "Xilinx TUL 1234-tulA" && level==0 && jtag_device_ctx=="jsn-TUL-1234-tulA-23727093-0"}
fpga -file C:/XilinxDev/neopixel/vitis/axi_neopixel/_ide/bitstream/SoC_AXI_NeoPixel2.bit
targets -set -nocase -filter {name =~"APU*"}
loadhw -hw C:/XilinxDev/neopixel/vitis/SoC_AXI_NeoPixel2/export/SoC_AXI_NeoPixel2/hw/SoC_AXI_NeoPixel2.xsa -mem-ranges [list {0x40000000 0xbfffffff}] -regs
configparams force-mem-access 1
targets -set -nocase -filter {name =~"APU*"}
source C:/XilinxDev/neopixel/vitis/axi_neopixel/_ide/psinit/ps7_init.tcl
ps7_init
ps7_post_config
targets -set -nocase -filter {name =~ "*A9*#0"}
dow C:/XilinxDev/neopixel/vitis/axi_neopixel/Debug/axi_neopixel.elf
configparams force-mem-access 0
----------------End of Script----------------

18:17:39 INFO  : Context for processor 'ps7_cortexa9_0' is selected.
18:17:39 INFO  : 'con' command is executed.
18:17:39 INFO  : ----------------XSDB Script (After Launch)----------------
targets -set -nocase -filter {name =~ "*A9*#0"}
con
----------------End of Script----------------

18:17:39 INFO  : Launch script is exported to file 'C:\XilinxDev\neopixel\vitis\axi_neopixel_system\_ide\scripts\debugger_axi_neopixel-default.tcl'
18:19:30 INFO  : Checking for BSP changes to sync application flags for project 'axi_neopixel'...
18:19:38 INFO  : Disconnected from the channel tcfchan#8.
18:19:39 INFO  : Connected to target on host '127.0.0.1' and port '3121'.
18:19:39 INFO  : Jtag cable 'Xilinx TUL 1234-tulA' is selected.
18:19:39 INFO  : 'jtag frequency' command is executed.
18:19:40 INFO  : Context for 'APU' is selected.
18:19:40 INFO  : System reset is completed.
18:19:43 INFO  : 'after 3000' command is executed.
18:19:43 INFO  : 'targets -set -filter {jtag_cable_name =~ "Xilinx TUL 1234-tulA" && level==0 && jtag_device_ctx=="jsn-TUL-1234-tulA-23727093-0"}' command is executed.
18:19:45 INFO  : Device configured successfully with "C:/XilinxDev/neopixel/vitis/axi_neopixel/_ide/bitstream/SoC_AXI_NeoPixel2.bit"
18:19:45 INFO  : Context for 'APU' is selected.
18:19:45 INFO  : Hardware design and registers information is loaded from 'C:/XilinxDev/neopixel/vitis/SoC_AXI_NeoPixel2/export/SoC_AXI_NeoPixel2/hw/SoC_AXI_NeoPixel2.xsa'.
18:19:45 INFO  : 'configparams force-mem-access 1' command is executed.
18:19:45 INFO  : Context for 'APU' is selected.
18:19:45 INFO  : Sourcing of 'C:/XilinxDev/neopixel/vitis/axi_neopixel/_ide/psinit/ps7_init.tcl' is done.
18:19:45 INFO  : 'ps7_init' command is executed.
18:19:45 INFO  : 'ps7_post_config' command is executed.
18:19:45 INFO  : Context for processor 'ps7_cortexa9_0' is selected.
18:19:46 INFO  : The application 'C:/XilinxDev/neopixel/vitis/axi_neopixel/Debug/axi_neopixel.elf' is downloaded to processor 'ps7_cortexa9_0'.
18:19:46 INFO  : 'configparams force-mem-access 0' command is executed.
18:19:46 INFO  : ----------------XSDB Script----------------
connect -url tcp:127.0.0.1:3121
targets -set -nocase -filter {name =~"APU*"}
rst -system
after 3000
targets -set -filter {jtag_cable_name =~ "Xilinx TUL 1234-tulA" && level==0 && jtag_device_ctx=="jsn-TUL-1234-tulA-23727093-0"}
fpga -file C:/XilinxDev/neopixel/vitis/axi_neopixel/_ide/bitstream/SoC_AXI_NeoPixel2.bit
targets -set -nocase -filter {name =~"APU*"}
loadhw -hw C:/XilinxDev/neopixel/vitis/SoC_AXI_NeoPixel2/export/SoC_AXI_NeoPixel2/hw/SoC_AXI_NeoPixel2.xsa -mem-ranges [list {0x40000000 0xbfffffff}] -regs
configparams force-mem-access 1
targets -set -nocase -filter {name =~"APU*"}
source C:/XilinxDev/neopixel/vitis/axi_neopixel/_ide/psinit/ps7_init.tcl
ps7_init
ps7_post_config
targets -set -nocase -filter {name =~ "*A9*#0"}
dow C:/XilinxDev/neopixel/vitis/axi_neopixel/Debug/axi_neopixel.elf
configparams force-mem-access 0
----------------End of Script----------------

18:19:46 INFO  : Context for processor 'ps7_cortexa9_0' is selected.
18:19:46 INFO  : 'con' command is executed.
18:19:46 INFO  : ----------------XSDB Script (After Launch)----------------
targets -set -nocase -filter {name =~ "*A9*#0"}
con
----------------End of Script----------------

18:19:46 INFO  : Launch script is exported to file 'C:\XilinxDev\neopixel\vitis\axi_neopixel_system\_ide\scripts\debugger_axi_neopixel-default.tcl'
18:21:20 INFO  : Checking for BSP changes to sync application flags for project 'axi_neopixel'...
18:21:33 INFO  : Checking for BSP changes to sync application flags for project 'axi_neopixel'...
18:21:55 INFO  : Checking for BSP changes to sync application flags for project 'axi_neopixel'...
18:21:59 INFO  : Disconnected from the channel tcfchan#9.
18:22:00 INFO  : Connected to target on host '127.0.0.1' and port '3121'.
18:22:00 INFO  : Jtag cable 'Xilinx TUL 1234-tulA' is selected.
18:22:00 INFO  : 'jtag frequency' command is executed.
18:22:01 INFO  : Context for 'APU' is selected.
18:22:01 INFO  : System reset is completed.
18:22:04 INFO  : 'after 3000' command is executed.
18:22:04 INFO  : 'targets -set -filter {jtag_cable_name =~ "Xilinx TUL 1234-tulA" && level==0 && jtag_device_ctx=="jsn-TUL-1234-tulA-23727093-0"}' command is executed.
18:22:06 INFO  : Device configured successfully with "C:/XilinxDev/neopixel/vitis/axi_neopixel/_ide/bitstream/SoC_AXI_NeoPixel2.bit"
18:22:06 INFO  : Context for 'APU' is selected.
18:22:06 INFO  : Hardware design and registers information is loaded from 'C:/XilinxDev/neopixel/vitis/SoC_AXI_NeoPixel2/export/SoC_AXI_NeoPixel2/hw/SoC_AXI_NeoPixel2.xsa'.
18:22:06 INFO  : 'configparams force-mem-access 1' command is executed.
18:22:06 INFO  : Context for 'APU' is selected.
18:22:06 INFO  : Sourcing of 'C:/XilinxDev/neopixel/vitis/axi_neopixel/_ide/psinit/ps7_init.tcl' is done.
18:22:06 INFO  : 'ps7_init' command is executed.
18:22:06 INFO  : 'ps7_post_config' command is executed.
18:22:06 INFO  : Context for processor 'ps7_cortexa9_0' is selected.
18:22:07 INFO  : The application 'C:/XilinxDev/neopixel/vitis/axi_neopixel/Debug/axi_neopixel.elf' is downloaded to processor 'ps7_cortexa9_0'.
18:22:07 INFO  : 'configparams force-mem-access 0' command is executed.
18:22:07 INFO  : ----------------XSDB Script----------------
connect -url tcp:127.0.0.1:3121
targets -set -nocase -filter {name =~"APU*"}
rst -system
after 3000
targets -set -filter {jtag_cable_name =~ "Xilinx TUL 1234-tulA" && level==0 && jtag_device_ctx=="jsn-TUL-1234-tulA-23727093-0"}
fpga -file C:/XilinxDev/neopixel/vitis/axi_neopixel/_ide/bitstream/SoC_AXI_NeoPixel2.bit
targets -set -nocase -filter {name =~"APU*"}
loadhw -hw C:/XilinxDev/neopixel/vitis/SoC_AXI_NeoPixel2/export/SoC_AXI_NeoPixel2/hw/SoC_AXI_NeoPixel2.xsa -mem-ranges [list {0x40000000 0xbfffffff}] -regs
configparams force-mem-access 1
targets -set -nocase -filter {name =~"APU*"}
source C:/XilinxDev/neopixel/vitis/axi_neopixel/_ide/psinit/ps7_init.tcl
ps7_init
ps7_post_config
targets -set -nocase -filter {name =~ "*A9*#0"}
dow C:/XilinxDev/neopixel/vitis/axi_neopixel/Debug/axi_neopixel.elf
configparams force-mem-access 0
----------------End of Script----------------

18:22:07 INFO  : Context for processor 'ps7_cortexa9_0' is selected.
18:22:07 INFO  : 'con' command is executed.
18:22:07 INFO  : ----------------XSDB Script (After Launch)----------------
targets -set -nocase -filter {name =~ "*A9*#0"}
con
----------------End of Script----------------

18:22:07 INFO  : Launch script is exported to file 'C:\XilinxDev\neopixel\vitis\axi_neopixel_system\_ide\scripts\debugger_axi_neopixel-default.tcl'
18:22:55 INFO  : Disconnected from the channel tcfchan#10.
18:22:56 INFO  : Connected to target on host '127.0.0.1' and port '3121'.
18:22:57 INFO  : Jtag cable 'Xilinx TUL 1234-tulA' is selected.
18:22:57 INFO  : 'jtag frequency' command is executed.
18:22:57 INFO  : Context for 'APU' is selected.
18:22:57 INFO  : System reset is completed.
18:23:00 INFO  : 'after 3000' command is executed.
18:23:00 INFO  : 'targets -set -filter {jtag_cable_name =~ "Xilinx TUL 1234-tulA" && level==0 && jtag_device_ctx=="jsn-TUL-1234-tulA-23727093-0"}' command is executed.
18:23:02 INFO  : Device configured successfully with "C:/XilinxDev/neopixel/vitis/axi_neopixel/_ide/bitstream/SoC_AXI_NeoPixel2.bit"
18:23:02 INFO  : Context for 'APU' is selected.
18:23:02 INFO  : Hardware design and registers information is loaded from 'C:/XilinxDev/neopixel/vitis/SoC_AXI_NeoPixel2/export/SoC_AXI_NeoPixel2/hw/SoC_AXI_NeoPixel2.xsa'.
18:23:02 INFO  : 'configparams force-mem-access 1' command is executed.
18:23:02 INFO  : Context for 'APU' is selected.
18:23:02 INFO  : Sourcing of 'C:/XilinxDev/neopixel/vitis/axi_neopixel/_ide/psinit/ps7_init.tcl' is done.
18:23:02 INFO  : 'ps7_init' command is executed.
18:23:02 INFO  : 'ps7_post_config' command is executed.
18:23:02 INFO  : Context for processor 'ps7_cortexa9_0' is selected.
18:23:03 INFO  : The application 'C:/XilinxDev/neopixel/vitis/axi_neopixel/Debug/axi_neopixel.elf' is downloaded to processor 'ps7_cortexa9_0'.
18:23:03 INFO  : 'configparams force-mem-access 0' command is executed.
18:23:03 INFO  : ----------------XSDB Script----------------
connect -url tcp:127.0.0.1:3121
targets -set -nocase -filter {name =~"APU*"}
rst -system
after 3000
targets -set -filter {jtag_cable_name =~ "Xilinx TUL 1234-tulA" && level==0 && jtag_device_ctx=="jsn-TUL-1234-tulA-23727093-0"}
fpga -file C:/XilinxDev/neopixel/vitis/axi_neopixel/_ide/bitstream/SoC_AXI_NeoPixel2.bit
targets -set -nocase -filter {name =~"APU*"}
loadhw -hw C:/XilinxDev/neopixel/vitis/SoC_AXI_NeoPixel2/export/SoC_AXI_NeoPixel2/hw/SoC_AXI_NeoPixel2.xsa -mem-ranges [list {0x40000000 0xbfffffff}] -regs
configparams force-mem-access 1
targets -set -nocase -filter {name =~"APU*"}
source C:/XilinxDev/neopixel/vitis/axi_neopixel/_ide/psinit/ps7_init.tcl
ps7_init
ps7_post_config
targets -set -nocase -filter {name =~ "*A9*#0"}
dow C:/XilinxDev/neopixel/vitis/axi_neopixel/Debug/axi_neopixel.elf
configparams force-mem-access 0
----------------End of Script----------------

18:23:03 INFO  : Context for processor 'ps7_cortexa9_0' is selected.
18:23:03 INFO  : 'con' command is executed.
18:23:03 INFO  : ----------------XSDB Script (After Launch)----------------
targets -set -nocase -filter {name =~ "*A9*#0"}
con
----------------End of Script----------------

18:23:03 INFO  : Launch script is exported to file 'C:\XilinxDev\neopixel\vitis\axi_neopixel_system\_ide\scripts\debugger_axi_neopixel-default.tcl'
18:23:07 INFO  : Checking for BSP changes to sync application flags for project 'axi_neopixel'...
18:23:14 INFO  : Disconnected from the channel tcfchan#11.
18:23:15 INFO  : Connected to target on host '127.0.0.1' and port '3121'.
18:23:15 INFO  : Jtag cable 'Xilinx TUL 1234-tulA' is selected.
18:23:15 INFO  : 'jtag frequency' command is executed.
18:23:15 INFO  : Context for 'APU' is selected.
18:23:15 INFO  : System reset is completed.
18:23:18 INFO  : 'after 3000' command is executed.
18:23:18 INFO  : 'targets -set -filter {jtag_cable_name =~ "Xilinx TUL 1234-tulA" && level==0 && jtag_device_ctx=="jsn-TUL-1234-tulA-23727093-0"}' command is executed.
18:23:20 INFO  : Device configured successfully with "C:/XilinxDev/neopixel/vitis/axi_neopixel/_ide/bitstream/SoC_AXI_NeoPixel2.bit"
18:23:20 INFO  : Context for 'APU' is selected.
18:23:20 INFO  : Hardware design and registers information is loaded from 'C:/XilinxDev/neopixel/vitis/SoC_AXI_NeoPixel2/export/SoC_AXI_NeoPixel2/hw/SoC_AXI_NeoPixel2.xsa'.
18:23:20 INFO  : 'configparams force-mem-access 1' command is executed.
18:23:20 INFO  : Context for 'APU' is selected.
18:23:20 INFO  : Sourcing of 'C:/XilinxDev/neopixel/vitis/axi_neopixel/_ide/psinit/ps7_init.tcl' is done.
18:23:21 INFO  : 'ps7_init' command is executed.
18:23:21 INFO  : 'ps7_post_config' command is executed.
18:23:21 INFO  : Context for processor 'ps7_cortexa9_0' is selected.
18:23:21 INFO  : The application 'C:/XilinxDev/neopixel/vitis/axi_neopixel/Debug/axi_neopixel.elf' is downloaded to processor 'ps7_cortexa9_0'.
18:23:21 INFO  : 'configparams force-mem-access 0' command is executed.
18:23:21 INFO  : ----------------XSDB Script----------------
connect -url tcp:127.0.0.1:3121
targets -set -nocase -filter {name =~"APU*"}
rst -system
after 3000
targets -set -filter {jtag_cable_name =~ "Xilinx TUL 1234-tulA" && level==0 && jtag_device_ctx=="jsn-TUL-1234-tulA-23727093-0"}
fpga -file C:/XilinxDev/neopixel/vitis/axi_neopixel/_ide/bitstream/SoC_AXI_NeoPixel2.bit
targets -set -nocase -filter {name =~"APU*"}
loadhw -hw C:/XilinxDev/neopixel/vitis/SoC_AXI_NeoPixel2/export/SoC_AXI_NeoPixel2/hw/SoC_AXI_NeoPixel2.xsa -mem-ranges [list {0x40000000 0xbfffffff}] -regs
configparams force-mem-access 1
targets -set -nocase -filter {name =~"APU*"}
source C:/XilinxDev/neopixel/vitis/axi_neopixel/_ide/psinit/ps7_init.tcl
ps7_init
ps7_post_config
targets -set -nocase -filter {name =~ "*A9*#0"}
dow C:/XilinxDev/neopixel/vitis/axi_neopixel/Debug/axi_neopixel.elf
configparams force-mem-access 0
----------------End of Script----------------

18:23:21 INFO  : Context for processor 'ps7_cortexa9_0' is selected.
18:23:21 INFO  : 'con' command is executed.
18:23:21 INFO  : ----------------XSDB Script (After Launch)----------------
targets -set -nocase -filter {name =~ "*A9*#0"}
con
----------------End of Script----------------

18:23:21 INFO  : Launch script is exported to file 'C:\XilinxDev\neopixel\vitis\axi_neopixel_system\_ide\scripts\debugger_axi_neopixel-default.tcl'
18:24:11 INFO  : Checking for BSP changes to sync application flags for project 'axi_neopixel'...
18:24:27 INFO  : Checking for BSP changes to sync application flags for project 'axi_neopixel'...
18:24:32 INFO  : Disconnected from the channel tcfchan#12.
18:24:33 INFO  : Connected to target on host '127.0.0.1' and port '3121'.
18:24:33 INFO  : Jtag cable 'Xilinx TUL 1234-tulA' is selected.
18:24:33 INFO  : 'jtag frequency' command is executed.
18:24:33 INFO  : Context for 'APU' is selected.
18:24:33 INFO  : System reset is completed.
18:24:36 INFO  : 'after 3000' command is executed.
18:24:36 INFO  : 'targets -set -filter {jtag_cable_name =~ "Xilinx TUL 1234-tulA" && level==0 && jtag_device_ctx=="jsn-TUL-1234-tulA-23727093-0"}' command is executed.
18:24:39 INFO  : Device configured successfully with "C:/XilinxDev/neopixel/vitis/axi_neopixel/_ide/bitstream/SoC_AXI_NeoPixel2.bit"
18:24:39 INFO  : Context for 'APU' is selected.
18:24:39 INFO  : Hardware design and registers information is loaded from 'C:/XilinxDev/neopixel/vitis/SoC_AXI_NeoPixel2/export/SoC_AXI_NeoPixel2/hw/SoC_AXI_NeoPixel2.xsa'.
18:24:39 INFO  : 'configparams force-mem-access 1' command is executed.
18:24:39 INFO  : Context for 'APU' is selected.
18:24:39 INFO  : Sourcing of 'C:/XilinxDev/neopixel/vitis/axi_neopixel/_ide/psinit/ps7_init.tcl' is done.
18:24:39 INFO  : 'ps7_init' command is executed.
18:24:39 INFO  : 'ps7_post_config' command is executed.
18:24:39 INFO  : Context for processor 'ps7_cortexa9_0' is selected.
18:24:39 INFO  : The application 'C:/XilinxDev/neopixel/vitis/axi_neopixel/Debug/axi_neopixel.elf' is downloaded to processor 'ps7_cortexa9_0'.
18:24:39 INFO  : 'configparams force-mem-access 0' command is executed.
18:24:39 INFO  : ----------------XSDB Script----------------
connect -url tcp:127.0.0.1:3121
targets -set -nocase -filter {name =~"APU*"}
rst -system
after 3000
targets -set -filter {jtag_cable_name =~ "Xilinx TUL 1234-tulA" && level==0 && jtag_device_ctx=="jsn-TUL-1234-tulA-23727093-0"}
fpga -file C:/XilinxDev/neopixel/vitis/axi_neopixel/_ide/bitstream/SoC_AXI_NeoPixel2.bit
targets -set -nocase -filter {name =~"APU*"}
loadhw -hw C:/XilinxDev/neopixel/vitis/SoC_AXI_NeoPixel2/export/SoC_AXI_NeoPixel2/hw/SoC_AXI_NeoPixel2.xsa -mem-ranges [list {0x40000000 0xbfffffff}] -regs
configparams force-mem-access 1
targets -set -nocase -filter {name =~"APU*"}
source C:/XilinxDev/neopixel/vitis/axi_neopixel/_ide/psinit/ps7_init.tcl
ps7_init
ps7_post_config
targets -set -nocase -filter {name =~ "*A9*#0"}
dow C:/XilinxDev/neopixel/vitis/axi_neopixel/Debug/axi_neopixel.elf
configparams force-mem-access 0
----------------End of Script----------------

18:24:39 INFO  : Context for processor 'ps7_cortexa9_0' is selected.
18:24:39 INFO  : 'con' command is executed.
18:24:39 INFO  : ----------------XSDB Script (After Launch)----------------
targets -set -nocase -filter {name =~ "*A9*#0"}
con
----------------End of Script----------------

18:24:39 INFO  : Launch script is exported to file 'C:\XilinxDev\neopixel\vitis\axi_neopixel_system\_ide\scripts\debugger_axi_neopixel-default.tcl'
18:25:10 INFO  : Checking for BSP changes to sync application flags for project 'axi_neopixel'...
18:25:15 INFO  : Disconnected from the channel tcfchan#13.
18:25:16 INFO  : Connected to target on host '127.0.0.1' and port '3121'.
18:25:16 INFO  : Jtag cable 'Xilinx TUL 1234-tulA' is selected.
18:25:16 INFO  : 'jtag frequency' command is executed.
18:25:16 INFO  : Context for 'APU' is selected.
18:25:16 INFO  : System reset is completed.
18:25:19 INFO  : 'after 3000' command is executed.
18:25:19 INFO  : 'targets -set -filter {jtag_cable_name =~ "Xilinx TUL 1234-tulA" && level==0 && jtag_device_ctx=="jsn-TUL-1234-tulA-23727093-0"}' command is executed.
18:25:21 INFO  : Device configured successfully with "C:/XilinxDev/neopixel/vitis/axi_neopixel/_ide/bitstream/SoC_AXI_NeoPixel2.bit"
18:25:21 INFO  : Context for 'APU' is selected.
18:25:21 INFO  : Hardware design and registers information is loaded from 'C:/XilinxDev/neopixel/vitis/SoC_AXI_NeoPixel2/export/SoC_AXI_NeoPixel2/hw/SoC_AXI_NeoPixel2.xsa'.
18:25:21 INFO  : 'configparams force-mem-access 1' command is executed.
18:25:21 INFO  : Context for 'APU' is selected.
18:25:21 INFO  : Sourcing of 'C:/XilinxDev/neopixel/vitis/axi_neopixel/_ide/psinit/ps7_init.tcl' is done.
18:25:21 INFO  : 'ps7_init' command is executed.
18:25:21 INFO  : 'ps7_post_config' command is executed.
18:25:21 INFO  : Context for processor 'ps7_cortexa9_0' is selected.
18:25:22 INFO  : The application 'C:/XilinxDev/neopixel/vitis/axi_neopixel/Debug/axi_neopixel.elf' is downloaded to processor 'ps7_cortexa9_0'.
18:25:22 INFO  : 'configparams force-mem-access 0' command is executed.
18:25:22 INFO  : ----------------XSDB Script----------------
connect -url tcp:127.0.0.1:3121
targets -set -nocase -filter {name =~"APU*"}
rst -system
after 3000
targets -set -filter {jtag_cable_name =~ "Xilinx TUL 1234-tulA" && level==0 && jtag_device_ctx=="jsn-TUL-1234-tulA-23727093-0"}
fpga -file C:/XilinxDev/neopixel/vitis/axi_neopixel/_ide/bitstream/SoC_AXI_NeoPixel2.bit
targets -set -nocase -filter {name =~"APU*"}
loadhw -hw C:/XilinxDev/neopixel/vitis/SoC_AXI_NeoPixel2/export/SoC_AXI_NeoPixel2/hw/SoC_AXI_NeoPixel2.xsa -mem-ranges [list {0x40000000 0xbfffffff}] -regs
configparams force-mem-access 1
targets -set -nocase -filter {name =~"APU*"}
source C:/XilinxDev/neopixel/vitis/axi_neopixel/_ide/psinit/ps7_init.tcl
ps7_init
ps7_post_config
targets -set -nocase -filter {name =~ "*A9*#0"}
dow C:/XilinxDev/neopixel/vitis/axi_neopixel/Debug/axi_neopixel.elf
configparams force-mem-access 0
----------------End of Script----------------

18:25:22 INFO  : Context for processor 'ps7_cortexa9_0' is selected.
18:25:22 INFO  : 'con' command is executed.
18:25:22 INFO  : ----------------XSDB Script (After Launch)----------------
targets -set -nocase -filter {name =~ "*A9*#0"}
con
----------------End of Script----------------

18:25:22 INFO  : Launch script is exported to file 'C:\XilinxDev\neopixel\vitis\axi_neopixel_system\_ide\scripts\debugger_axi_neopixel-default.tcl'
18:25:47 INFO  : Checking for BSP changes to sync application flags for project 'axi_neopixel'...
18:25:54 INFO  : Disconnected from the channel tcfchan#14.
18:25:55 INFO  : Connected to target on host '127.0.0.1' and port '3121'.
18:25:55 INFO  : Jtag cable 'Xilinx TUL 1234-tulA' is selected.
18:25:55 INFO  : 'jtag frequency' command is executed.
18:25:55 INFO  : Context for 'APU' is selected.
18:25:55 INFO  : System reset is completed.
18:25:58 INFO  : 'after 3000' command is executed.
18:25:58 INFO  : 'targets -set -filter {jtag_cable_name =~ "Xilinx TUL 1234-tulA" && level==0 && jtag_device_ctx=="jsn-TUL-1234-tulA-23727093-0"}' command is executed.
18:26:00 INFO  : Device configured successfully with "C:/XilinxDev/neopixel/vitis/axi_neopixel/_ide/bitstream/SoC_AXI_NeoPixel2.bit"
18:26:00 INFO  : Context for 'APU' is selected.
18:26:00 INFO  : Hardware design and registers information is loaded from 'C:/XilinxDev/neopixel/vitis/SoC_AXI_NeoPixel2/export/SoC_AXI_NeoPixel2/hw/SoC_AXI_NeoPixel2.xsa'.
18:26:00 INFO  : 'configparams force-mem-access 1' command is executed.
18:26:00 INFO  : Context for 'APU' is selected.
18:26:00 INFO  : Sourcing of 'C:/XilinxDev/neopixel/vitis/axi_neopixel/_ide/psinit/ps7_init.tcl' is done.
18:26:01 INFO  : 'ps7_init' command is executed.
18:26:01 INFO  : 'ps7_post_config' command is executed.
18:26:01 INFO  : Context for processor 'ps7_cortexa9_0' is selected.
18:26:01 INFO  : The application 'C:/XilinxDev/neopixel/vitis/axi_neopixel/Debug/axi_neopixel.elf' is downloaded to processor 'ps7_cortexa9_0'.
18:26:01 INFO  : 'configparams force-mem-access 0' command is executed.
18:26:01 INFO  : ----------------XSDB Script----------------
connect -url tcp:127.0.0.1:3121
targets -set -nocase -filter {name =~"APU*"}
rst -system
after 3000
targets -set -filter {jtag_cable_name =~ "Xilinx TUL 1234-tulA" && level==0 && jtag_device_ctx=="jsn-TUL-1234-tulA-23727093-0"}
fpga -file C:/XilinxDev/neopixel/vitis/axi_neopixel/_ide/bitstream/SoC_AXI_NeoPixel2.bit
targets -set -nocase -filter {name =~"APU*"}
loadhw -hw C:/XilinxDev/neopixel/vitis/SoC_AXI_NeoPixel2/export/SoC_AXI_NeoPixel2/hw/SoC_AXI_NeoPixel2.xsa -mem-ranges [list {0x40000000 0xbfffffff}] -regs
configparams force-mem-access 1
targets -set -nocase -filter {name =~"APU*"}
source C:/XilinxDev/neopixel/vitis/axi_neopixel/_ide/psinit/ps7_init.tcl
ps7_init
ps7_post_config
targets -set -nocase -filter {name =~ "*A9*#0"}
dow C:/XilinxDev/neopixel/vitis/axi_neopixel/Debug/axi_neopixel.elf
configparams force-mem-access 0
----------------End of Script----------------

18:26:01 INFO  : Context for processor 'ps7_cortexa9_0' is selected.
18:26:01 INFO  : 'con' command is executed.
18:26:01 INFO  : ----------------XSDB Script (After Launch)----------------
targets -set -nocase -filter {name =~ "*A9*#0"}
con
----------------End of Script----------------

18:26:01 INFO  : Launch script is exported to file 'C:\XilinxDev\neopixel\vitis\axi_neopixel_system\_ide\scripts\debugger_axi_neopixel-default.tcl'
18:26:19 INFO  : Checking for BSP changes to sync application flags for project 'axi_neopixel'...
18:26:25 INFO  : Disconnected from the channel tcfchan#15.
18:26:26 INFO  : Connected to target on host '127.0.0.1' and port '3121'.
18:26:26 INFO  : Jtag cable 'Xilinx TUL 1234-tulA' is selected.
18:26:26 INFO  : 'jtag frequency' command is executed.
18:26:26 INFO  : Context for 'APU' is selected.
18:26:26 INFO  : System reset is completed.
18:26:29 INFO  : 'after 3000' command is executed.
18:26:29 INFO  : 'targets -set -filter {jtag_cable_name =~ "Xilinx TUL 1234-tulA" && level==0 && jtag_device_ctx=="jsn-TUL-1234-tulA-23727093-0"}' command is executed.
18:26:31 INFO  : Device configured successfully with "C:/XilinxDev/neopixel/vitis/axi_neopixel/_ide/bitstream/SoC_AXI_NeoPixel2.bit"
18:26:31 INFO  : Context for 'APU' is selected.
18:26:31 INFO  : Hardware design and registers information is loaded from 'C:/XilinxDev/neopixel/vitis/SoC_AXI_NeoPixel2/export/SoC_AXI_NeoPixel2/hw/SoC_AXI_NeoPixel2.xsa'.
18:26:31 INFO  : 'configparams force-mem-access 1' command is executed.
18:26:31 INFO  : Context for 'APU' is selected.
18:26:31 INFO  : Sourcing of 'C:/XilinxDev/neopixel/vitis/axi_neopixel/_ide/psinit/ps7_init.tcl' is done.
18:26:31 INFO  : 'ps7_init' command is executed.
18:26:31 INFO  : 'ps7_post_config' command is executed.
18:26:31 INFO  : Context for processor 'ps7_cortexa9_0' is selected.
18:26:32 INFO  : The application 'C:/XilinxDev/neopixel/vitis/axi_neopixel/Debug/axi_neopixel.elf' is downloaded to processor 'ps7_cortexa9_0'.
18:26:32 INFO  : 'configparams force-mem-access 0' command is executed.
18:26:32 INFO  : ----------------XSDB Script----------------
connect -url tcp:127.0.0.1:3121
targets -set -nocase -filter {name =~"APU*"}
rst -system
after 3000
targets -set -filter {jtag_cable_name =~ "Xilinx TUL 1234-tulA" && level==0 && jtag_device_ctx=="jsn-TUL-1234-tulA-23727093-0"}
fpga -file C:/XilinxDev/neopixel/vitis/axi_neopixel/_ide/bitstream/SoC_AXI_NeoPixel2.bit
targets -set -nocase -filter {name =~"APU*"}
loadhw -hw C:/XilinxDev/neopixel/vitis/SoC_AXI_NeoPixel2/export/SoC_AXI_NeoPixel2/hw/SoC_AXI_NeoPixel2.xsa -mem-ranges [list {0x40000000 0xbfffffff}] -regs
configparams force-mem-access 1
targets -set -nocase -filter {name =~"APU*"}
source C:/XilinxDev/neopixel/vitis/axi_neopixel/_ide/psinit/ps7_init.tcl
ps7_init
ps7_post_config
targets -set -nocase -filter {name =~ "*A9*#0"}
dow C:/XilinxDev/neopixel/vitis/axi_neopixel/Debug/axi_neopixel.elf
configparams force-mem-access 0
----------------End of Script----------------

18:26:32 INFO  : Context for processor 'ps7_cortexa9_0' is selected.
18:26:32 INFO  : 'con' command is executed.
18:26:32 INFO  : ----------------XSDB Script (After Launch)----------------
targets -set -nocase -filter {name =~ "*A9*#0"}
con
----------------End of Script----------------

18:26:32 INFO  : Launch script is exported to file 'C:\XilinxDev\neopixel\vitis\axi_neopixel_system\_ide\scripts\debugger_axi_neopixel-default.tcl'
18:27:31 INFO  : Checking for BSP changes to sync application flags for project 'axi_neopixel'...
18:27:37 INFO  : Disconnected from the channel tcfchan#16.
18:27:38 INFO  : Connected to target on host '127.0.0.1' and port '3121'.
18:27:38 INFO  : Jtag cable 'Xilinx TUL 1234-tulA' is selected.
18:27:38 INFO  : 'jtag frequency' command is executed.
18:27:38 INFO  : Context for 'APU' is selected.
18:27:38 INFO  : System reset is completed.
18:27:41 INFO  : 'after 3000' command is executed.
18:27:41 INFO  : 'targets -set -filter {jtag_cable_name =~ "Xilinx TUL 1234-tulA" && level==0 && jtag_device_ctx=="jsn-TUL-1234-tulA-23727093-0"}' command is executed.
18:27:43 INFO  : Device configured successfully with "C:/XilinxDev/neopixel/vitis/axi_neopixel/_ide/bitstream/SoC_AXI_NeoPixel2.bit"
18:27:43 INFO  : Context for 'APU' is selected.
18:27:43 INFO  : Hardware design and registers information is loaded from 'C:/XilinxDev/neopixel/vitis/SoC_AXI_NeoPixel2/export/SoC_AXI_NeoPixel2/hw/SoC_AXI_NeoPixel2.xsa'.
18:27:43 INFO  : 'configparams force-mem-access 1' command is executed.
18:27:43 INFO  : Context for 'APU' is selected.
18:27:43 INFO  : Sourcing of 'C:/XilinxDev/neopixel/vitis/axi_neopixel/_ide/psinit/ps7_init.tcl' is done.
18:27:43 INFO  : 'ps7_init' command is executed.
18:27:43 INFO  : 'ps7_post_config' command is executed.
18:27:43 INFO  : Context for processor 'ps7_cortexa9_0' is selected.
18:27:43 INFO  : The application 'C:/XilinxDev/neopixel/vitis/axi_neopixel/Debug/axi_neopixel.elf' is downloaded to processor 'ps7_cortexa9_0'.
18:27:44 INFO  : 'configparams force-mem-access 0' command is executed.
18:27:44 INFO  : ----------------XSDB Script----------------
connect -url tcp:127.0.0.1:3121
targets -set -nocase -filter {name =~"APU*"}
rst -system
after 3000
targets -set -filter {jtag_cable_name =~ "Xilinx TUL 1234-tulA" && level==0 && jtag_device_ctx=="jsn-TUL-1234-tulA-23727093-0"}
fpga -file C:/XilinxDev/neopixel/vitis/axi_neopixel/_ide/bitstream/SoC_AXI_NeoPixel2.bit
targets -set -nocase -filter {name =~"APU*"}
loadhw -hw C:/XilinxDev/neopixel/vitis/SoC_AXI_NeoPixel2/export/SoC_AXI_NeoPixel2/hw/SoC_AXI_NeoPixel2.xsa -mem-ranges [list {0x40000000 0xbfffffff}] -regs
configparams force-mem-access 1
targets -set -nocase -filter {name =~"APU*"}
source C:/XilinxDev/neopixel/vitis/axi_neopixel/_ide/psinit/ps7_init.tcl
ps7_init
ps7_post_config
targets -set -nocase -filter {name =~ "*A9*#0"}
dow C:/XilinxDev/neopixel/vitis/axi_neopixel/Debug/axi_neopixel.elf
configparams force-mem-access 0
----------------End of Script----------------

18:27:44 INFO  : Context for processor 'ps7_cortexa9_0' is selected.
18:27:44 INFO  : 'con' command is executed.
18:27:44 INFO  : ----------------XSDB Script (After Launch)----------------
targets -set -nocase -filter {name =~ "*A9*#0"}
con
----------------End of Script----------------

18:27:44 INFO  : Launch script is exported to file 'C:\XilinxDev\neopixel\vitis\axi_neopixel_system\_ide\scripts\debugger_axi_neopixel-default.tcl'
