
*** Running vivado
    with args -log design_1_clk_wiz_0_1.vds -m64 -product Vivado -mode batch -messageDb vivado.pb -notrace -source design_1_clk_wiz_0_1.tcl


ECHO is off.
ECHO is off.

****** Vivado v2023.2 (64-bit)
  **** SW Build 4029153 on Fri Oct 13 20:14:34 MDT 2023
  **** IP Build 4028589 on Sat Oct 14 00:45:43 MDT 2023
  **** SharedData Build 4025554 on Tue Oct 10 17:18:54 MDT 2023
    ** Copyright 1986-2022 Xilinx, Inc. All Rights Reserved.
    ** Copyright 2022-2023 Advanced Micro Devices, Inc. All Rights Reserved.

source design_1_clk_wiz_0_1.tcl -notrace
create_project: Time (s): cpu = 00:00:00 ; elapsed = 00:00:06 . Memory (MB): peak = 450.230 ; gain = 184.203
INFO: [IP_Flow 19-6924] IPCACHE: Running cache check for IP inst: design_1_clk_wiz_0_1
Command: synth_design -top design_1_clk_wiz_0_1 -part xc7z020clg400-1 -incremental_mode off -mode out_of_context
Starting synth_design
Attempting to get a license for feature 'Synthesis' and/or device 'xc7z020'
INFO: [Common 17-349] Got license for feature 'Synthesis' and/or device 'xc7z020'
INFO: [Device 21-403] Loading part xc7z020clg400-1
INFO: [Synth 8-7079] Multithreading enabled for synth_design using a maximum of 2 processes.
INFO: [Synth 8-7078] Launching helper process for spawning children vivado processes
INFO: [Synth 8-7075] Helper process launched with PID 16644
---------------------------------------------------------------------------------
Starting RTL Elaboration : Time (s): cpu = 00:00:00 ; elapsed = 00:00:05 . Memory (MB): peak = 1326.609 ; gain = 438.555
---------------------------------------------------------------------------------
INFO: [Synth 8-6157] synthesizing module 'design_1_clk_wiz_0_1' [c:/02_PXL/SoC_PXL_2024/hardware_block/Speed_Sensor/Speed_Sensor.gen/sources_1/bd/design_1/ip/design_1_clk_wiz_0_1/design_1_clk_wiz_0_1.v:65]
INFO: [Synth 8-6157] synthesizing module 'design_1_clk_wiz_0_1_clk_wiz' [c:/02_PXL/SoC_PXL_2024/hardware_block/Speed_Sensor/Speed_Sensor.gen/sources_1/bd/design_1/ip/design_1_clk_wiz_0_1/design_1_clk_wiz_0_1_clk_wiz.v:65]
INFO: [Synth 8-6157] synthesizing module 'IBUF' [C:/Xilinx/Vivado/2023.2/scripts/rt/data/unisim_comp.v:73631]
INFO: [Synth 8-6155] done synthesizing module 'IBUF' (0#1) [C:/Xilinx/Vivado/2023.2/scripts/rt/data/unisim_comp.v:73631]
INFO: [Synth 8-6157] synthesizing module 'MMCME2_ADV' [C:/Xilinx/Vivado/2023.2/scripts/rt/data/unisim_comp.v:82174]
	Parameter BANDWIDTH bound to: OPTIMIZED - type: string 
	Parameter CLKFBOUT_MULT_F bound to: 8.000000 - type: double 
	Parameter CLKFBOUT_PHASE bound to: 0.000000 - type: double 
	Parameter CLKFBOUT_USE_FINE_PS bound to: FALSE - type: string 
	Parameter CLKIN1_PERIOD bound to: 8.000000 - type: double 
	Parameter CLKOUT0_DIVIDE_F bound to: 10.000000 - type: double 
	Parameter CLKOUT0_DUTY_CYCLE bound to: 0.500000 - type: double 
	Parameter CLKOUT0_PHASE bound to: 0.000000 - type: double 
	Parameter CLKOUT0_USE_FINE_PS bound to: FALSE - type: string 
	Parameter CLKOUT4_CASCADE bound to: FALSE - type: string 
	Parameter COMPENSATION bound to: ZHOLD - type: string 
	Parameter DIVCLK_DIVIDE bound to: 1 - type: integer 
	Parameter STARTUP_WAIT bound to: FALSE - type: string 
INFO: [Synth 8-6155] done synthesizing module 'MMCME2_ADV' (0#1) [C:/Xilinx/Vivado/2023.2/scripts/rt/data/unisim_comp.v:82174]
INFO: [Synth 8-6157] synthesizing module 'BUFG' [C:/Xilinx/Vivado/2023.2/scripts/rt/data/unisim_comp.v:1951]
INFO: [Synth 8-6155] done synthesizing module 'BUFG' (0#1) [C:/Xilinx/Vivado/2023.2/scripts/rt/data/unisim_comp.v:1951]
INFO: [Synth 8-6155] done synthesizing module 'design_1_clk_wiz_0_1_clk_wiz' (0#1) [c:/02_PXL/SoC_PXL_2024/hardware_block/Speed_Sensor/Speed_Sensor.gen/sources_1/bd/design_1/ip/design_1_clk_wiz_0_1/design_1_clk_wiz_0_1_clk_wiz.v:65]
INFO: [Synth 8-6155] done synthesizing module 'design_1_clk_wiz_0_1' (0#1) [c:/02_PXL/SoC_PXL_2024/hardware_block/Speed_Sensor/Speed_Sensor.gen/sources_1/bd/design_1/ip/design_1_clk_wiz_0_1/design_1_clk_wiz_0_1.v:65]
---------------------------------------------------------------------------------
Finished RTL Elaboration : Time (s): cpu = 00:00:00 ; elapsed = 00:00:06 . Memory (MB): peak = 1434.105 ; gain = 546.051
---------------------------------------------------------------------------------
---------------------------------------------------------------------------------
Start Handling Custom Attributes
---------------------------------------------------------------------------------
---------------------------------------------------------------------------------
Finished Handling Custom Attributes : Time (s): cpu = 00:00:00 ; elapsed = 00:00:06 . Memory (MB): peak = 1434.105 ; gain = 546.051
---------------------------------------------------------------------------------
---------------------------------------------------------------------------------
Finished RTL Optimization Phase 1 : Time (s): cpu = 00:00:00 ; elapsed = 00:00:06 . Memory (MB): peak = 1434.105 ; gain = 546.051
---------------------------------------------------------------------------------
Netlist sorting complete. Time (s): cpu = 00:00:00 ; elapsed = 00:00:00 . Memory (MB): peak = 1434.105 ; gain = 0.000
INFO: [Netlist 29-17] Analyzing 1 Unisim elements for replacement
INFO: [Netlist 29-28] Unisim Transformation completed in 0 CPU seconds
INFO: [Project 1-570] Preparing netlist for logic optimization

Processing XDC Constraints
Initializing timing engine
Parsing XDC File [c:/02_PXL/SoC_PXL_2024/hardware_block/Speed_Sensor/Speed_Sensor.gen/sources_1/bd/design_1/ip/design_1_clk_wiz_0_1/design_1_clk_wiz_0_1_ooc.xdc] for cell 'inst'
Finished Parsing XDC File [c:/02_PXL/SoC_PXL_2024/hardware_block/Speed_Sensor/Speed_Sensor.gen/sources_1/bd/design_1/ip/design_1_clk_wiz_0_1/design_1_clk_wiz_0_1_ooc.xdc] for cell 'inst'
Parsing XDC File [c:/02_PXL/SoC_PXL_2024/hardware_block/Speed_Sensor/Speed_Sensor.gen/sources_1/bd/design_1/ip/design_1_clk_wiz_0_1/design_1_clk_wiz_0_1_board.xdc] for cell 'inst'
Finished Parsing XDC File [c:/02_PXL/SoC_PXL_2024/hardware_block/Speed_Sensor/Speed_Sensor.gen/sources_1/bd/design_1/ip/design_1_clk_wiz_0_1/design_1_clk_wiz_0_1_board.xdc] for cell 'inst'
Parsing XDC File [c:/02_PXL/SoC_PXL_2024/hardware_block/Speed_Sensor/Speed_Sensor.gen/sources_1/bd/design_1/ip/design_1_clk_wiz_0_1/design_1_clk_wiz_0_1.xdc] for cell 'inst'
Finished Parsing XDC File [c:/02_PXL/SoC_PXL_2024/hardware_block/Speed_Sensor/Speed_Sensor.gen/sources_1/bd/design_1/ip/design_1_clk_wiz_0_1/design_1_clk_wiz_0_1.xdc] for cell 'inst'
INFO: [Project 1-236] Implementation specific constraints were found while reading constraint file [c:/02_PXL/SoC_PXL_2024/hardware_block/Speed_Sensor/Speed_Sensor.gen/sources_1/bd/design_1/ip/design_1_clk_wiz_0_1/design_1_clk_wiz_0_1.xdc]. These constraints will be ignored for synthesis but will be used in implementation. Impacted constraints are listed in the file [.Xil/design_1_clk_wiz_0_1_propImpl.xdc].
Resolution: To avoid this warning, move constraints listed in [.Xil/design_1_clk_wiz_0_1_propImpl.xdc] to another XDC file and exclude this new file from synthesis with the used_in_synthesis property (File Properties dialog in GUI) and re-run elaboration/synthesis.
INFO: [Timing 38-2] Deriving generated clocks
Parsing XDC File [C:/02_PXL/SoC_PXL_2024/hardware_block/Speed_Sensor/Speed_Sensor.runs/design_1_clk_wiz_0_1_synth_1/dont_touch.xdc]
Finished Parsing XDC File [C:/02_PXL/SoC_PXL_2024/hardware_block/Speed_Sensor/Speed_Sensor.runs/design_1_clk_wiz_0_1_synth_1/dont_touch.xdc]
Completed Processing XDC Constraints

Netlist sorting complete. Time (s): cpu = 00:00:00 ; elapsed = 00:00:00 . Memory (MB): peak = 1434.105 ; gain = 0.000
INFO: [Project 1-111] Unisim Transformation Summary:
No Unisim elements were transformed.

The system cannot find the path specified.
Constraint Validation Runtime : Time (s): cpu = 00:00:00 ; elapsed = 00:00:00.015 . Memory (MB): peak = 1434.105 ; gain = 0.000
INFO: [Designutils 20-5008] Incremental synthesis strategy off
---------------------------------------------------------------------------------
Finished Constraint Validation : Time (s): cpu = 00:00:00 ; elapsed = 00:00:13 . Memory (MB): peak = 1434.105 ; gain = 546.051
---------------------------------------------------------------------------------
---------------------------------------------------------------------------------
Start Loading Part and Timing Information
---------------------------------------------------------------------------------
Loading part: xc7z020clg400-1
---------------------------------------------------------------------------------
Finished Loading Part and Timing Information : Time (s): cpu = 00:00:00 ; elapsed = 00:00:13 . Memory (MB): peak = 1434.105 ; gain = 546.051
---------------------------------------------------------------------------------
---------------------------------------------------------------------------------
Start Applying 'set_property' XDC Constraints
---------------------------------------------------------------------------------
Applied set_property KEEP_HIERARCHY = SOFT for inst. (constraint file  C:/02_PXL/SoC_PXL_2024/hardware_block/Speed_Sensor/Speed_Sensor.runs/design_1_clk_wiz_0_1_synth_1/dont_touch.xdc, line 9).
---------------------------------------------------------------------------------
Finished applying 'set_property' XDC Constraints : Time (s): cpu = 00:00:00 ; elapsed = 00:00:13 . Memory (MB): peak = 1434.105 ; gain = 546.051
---------------------------------------------------------------------------------
---------------------------------------------------------------------------------
Finished RTL Optimization Phase 2 : Time (s): cpu = 00:00:00 ; elapsed = 00:00:14 . Memory (MB): peak = 1434.105 ; gain = 546.051
---------------------------------------------------------------------------------
---------------------------------------------------------------------------------
Start RTL Component Statistics 
---------------------------------------------------------------------------------
Detailed RTL Component Info : 
---------------------------------------------------------------------------------
Finished RTL Component Statistics 
---------------------------------------------------------------------------------
---------------------------------------------------------------------------------
Start Part Resource Summary
---------------------------------------------------------------------------------
Part Resources:
DSPs: 220 (col length:60)
BRAMs: 280 (col length: RAMB18 60 RAMB36 30)
---------------------------------------------------------------------------------
Finished Part Resource Summary
---------------------------------------------------------------------------------
---------------------------------------------------------------------------------
Start Cross Boundary and Area Optimization
---------------------------------------------------------------------------------
WARNING: [Synth 8-7080] Parallel synthesis criteria is not met
---------------------------------------------------------------------------------
Finished Cross Boundary and Area Optimization : Time (s): cpu = 00:00:00 ; elapsed = 00:00:15 . Memory (MB): peak = 1434.105 ; gain = 546.051
---------------------------------------------------------------------------------
---------------------------------------------------------------------------------
Start Applying XDC Timing Constraints
---------------------------------------------------------------------------------
---------------------------------------------------------------------------------
Finished Applying XDC Timing Constraints : Time (s): cpu = 00:00:00 ; elapsed = 00:00:20 . Memory (MB): peak = 1434.105 ; gain = 546.051
---------------------------------------------------------------------------------
---------------------------------------------------------------------------------
Start Timing Optimization
---------------------------------------------------------------------------------
---------------------------------------------------------------------------------
Finished Timing Optimization : Time (s): cpu = 00:00:00 ; elapsed = 00:00:20 . Memory (MB): peak = 1434.105 ; gain = 546.051
---------------------------------------------------------------------------------
---------------------------------------------------------------------------------
Start Technology Mapping
---------------------------------------------------------------------------------
---------------------------------------------------------------------------------
Finished Technology Mapping : Time (s): cpu = 00:00:00 ; elapsed = 00:00:20 . Memory (MB): peak = 1434.105 ; gain = 546.051
---------------------------------------------------------------------------------
---------------------------------------------------------------------------------
Start IO Insertion
---------------------------------------------------------------------------------
---------------------------------------------------------------------------------
Start Flattening Before IO Insertion
---------------------------------------------------------------------------------
---------------------------------------------------------------------------------
Finished Flattening Before IO Insertion
---------------------------------------------------------------------------------
---------------------------------------------------------------------------------
Start Final Netlist Cleanup
---------------------------------------------------------------------------------
---------------------------------------------------------------------------------
Finished Final Netlist Cleanup
---------------------------------------------------------------------------------
---------------------------------------------------------------------------------
Finished IO Insertion : Time (s): cpu = 00:00:00 ; elapsed = 00:00:24 . Memory (MB): peak = 1434.105 ; gain = 546.051
---------------------------------------------------------------------------------
---------------------------------------------------------------------------------
Start Renaming Generated Instances
---------------------------------------------------------------------------------
---------------------------------------------------------------------------------
Finished Renaming Generated Instances : Time (s): cpu = 00:00:00 ; elapsed = 00:00:24 . Memory (MB): peak = 1434.105 ; gain = 546.051
---------------------------------------------------------------------------------
---------------------------------------------------------------------------------
Start Rebuilding User Hierarchy
---------------------------------------------------------------------------------
---------------------------------------------------------------------------------
Finished Rebuilding User Hierarchy : Time (s): cpu = 00:00:00 ; elapsed = 00:00:24 . Memory (MB): peak = 1434.105 ; gain = 546.051
---------------------------------------------------------------------------------
---------------------------------------------------------------------------------
Start Renaming Generated Ports
---------------------------------------------------------------------------------
---------------------------------------------------------------------------------
Finished Renaming Generated Ports : Time (s): cpu = 00:00:00 ; elapsed = 00:00:24 . Memory (MB): peak = 1434.105 ; gain = 546.051
---------------------------------------------------------------------------------
---------------------------------------------------------------------------------
Start Handling Custom Attributes
---------------------------------------------------------------------------------
---------------------------------------------------------------------------------
Finished Handling Custom Attributes : Time (s): cpu = 00:00:00 ; elapsed = 00:00:24 . Memory (MB): peak = 1434.105 ; gain = 546.051
---------------------------------------------------------------------------------
---------------------------------------------------------------------------------
Start Renaming Generated Nets
---------------------------------------------------------------------------------
---------------------------------------------------------------------------------
Finished Renaming Generated Nets : Time (s): cpu = 00:00:00 ; elapsed = 00:00:24 . Memory (MB): peak = 1434.105 ; gain = 546.051
---------------------------------------------------------------------------------
---------------------------------------------------------------------------------
Start Writing Synthesis Report
---------------------------------------------------------------------------------

Report BlackBoxes: 
+-+--------------+----------+
| |BlackBox name |Instances |
+-+--------------+----------+
+-+--------------+----------+

Report Cell Usage: 
+------+-----------+------+
|      |Cell       |Count |
+------+-----------+------+
|1     |BUFG       |     2|
|2     |MMCME2_ADV |     1|
|3     |IBUF       |     1|
+------+-----------+------+
---------------------------------------------------------------------------------
Finished Writing Synthesis Report : Time (s): cpu = 00:00:00 ; elapsed = 00:00:24 . Memory (MB): peak = 1434.105 ; gain = 546.051
---------------------------------------------------------------------------------
Synthesis finished with 0 errors, 0 critical warnings and 1 warnings.
Synthesis Optimization Runtime : Time (s): cpu = 00:00:00 ; elapsed = 00:00:22 . Memory (MB): peak = 1434.105 ; gain = 546.051
Synthesis Optimization Complete : Time (s): cpu = 00:00:00 ; elapsed = 00:00:24 . Memory (MB): peak = 1434.105 ; gain = 546.051
INFO: [Project 1-571] Translating synthesized netlist
Netlist sorting complete. Time (s): cpu = 00:00:00 ; elapsed = 00:00:00 . Memory (MB): peak = 1434.105 ; gain = 0.000
INFO: [Netlist 29-17] Analyzing 1 Unisim elements for replacement
INFO: [Netlist 29-28] Unisim Transformation completed in 0 CPU seconds
INFO: [Project 1-570] Preparing netlist for logic optimization
INFO: [Opt 31-138] Pushed 0 inverter(s) to 0 load pin(s).
Netlist sorting complete. Time (s): cpu = 00:00:00 ; elapsed = 00:00:00 . Memory (MB): peak = 1438.766 ; gain = 0.000
INFO: [Project 1-111] Unisim Transformation Summary:
No Unisim elements were transformed.

The system cannot find the path specified.
Synth Design complete | Checksum: da12f842
INFO: [Common 17-83] Releasing license: Synthesis
30 Infos, 1 Warnings, 0 Critical Warnings and 0 Errors encountered.
synth_design completed successfully
synth_design: Time (s): cpu = 00:00:00 ; elapsed = 00:00:28 . Memory (MB): peak = 1438.766 ; gain = 971.418
Write ShapeDB Complete: Time (s): cpu = 00:00:00 ; elapsed = 00:00:00.001 . Memory (MB): peak = 1438.766 ; gain = 0.000
INFO: [Common 17-1381] The checkpoint 'C:/02_PXL/SoC_PXL_2024/hardware_block/Speed_Sensor/Speed_Sensor.runs/design_1_clk_wiz_0_1_synth_1/design_1_clk_wiz_0_1.dcp' has been generated.
INFO: [Coretcl 2-1648] Added synthesis output to IP cache for IP design_1_clk_wiz_0_1, cache-ID = 14a7bc2b6a4ab03d
Write ShapeDB Complete: Time (s): cpu = 00:00:00 ; elapsed = 00:00:00 . Memory (MB): peak = 1438.766 ; gain = 0.000
INFO: [Common 17-1381] The checkpoint 'C:/02_PXL/SoC_PXL_2024/hardware_block/Speed_Sensor/Speed_Sensor.runs/design_1_clk_wiz_0_1_synth_1/design_1_clk_wiz_0_1.dcp' has been generated.
INFO: [runtcl-4] Executing : report_utilization -file design_1_clk_wiz_0_1_utilization_synth.rpt -pb design_1_clk_wiz_0_1_utilization_synth.pb
INFO: [Common 17-206] Exiting Vivado at Fri Mar 29 10:18:25 2024...
