14:10:57 DEBUG : Logs will be stored at 'C:/02_PXL/SoC_PXL_2024/VHDL/HC_SR04/vitis/IDE.log'.
14:11:45 INFO  : Launching XSCT server: xsct.bat -n  -interactive C:\02_PXL\SoC_PXL_2024\VHDL\HC_SR04\vitis\temp_xsdb_launch_script.tcl
14:11:45 INFO  : Registering command handlers for Vitis TCF services
14:11:45 INFO  : Platform repository initialization has completed.
14:11:49 INFO  : XSCT server has started successfully.
14:11:54 INFO  : plnx-install-location is set to ''
14:11:54 INFO  : Successfully done setting XSCT server connection channel  
14:11:54 INFO  : Successfully done query RDI_DATADIR 
14:11:54 INFO  : Successfully done setting workspace for the tool. 
14:48:52 INFO  : Result from executing command 'getProjects': design_1_wrapper
14:48:52 INFO  : Result from executing command 'getPlatforms': 
14:48:52 WARN  : An unexpected exception occurred in the module 'platform project logging'
14:48:52 INFO  : Platform 'design_1_wrapper' is added to custom repositories.
14:49:02 INFO  : Platform 'design_1_wrapper' is added to custom repositories.
15:03:47 INFO  : Connected to target on host '127.0.0.1' and port '3121'.
15:03:47 INFO  : Jtag cable 'Xilinx TUL 1234-tulA' is selected.
15:03:47 INFO  : 'jtag frequency' command is executed.
15:03:47 INFO  : Context for 'APU' is selected.
15:03:47 INFO  : System reset is completed.
15:03:50 INFO  : 'after 3000' command is executed.
15:03:50 INFO  : 'targets -set -filter {jtag_cable_name =~ "Xilinx TUL 1234-tulA" && level==0 && jtag_device_ctx=="jsn-TUL-1234-tulA-23727093-0"}' command is executed.
15:03:53 INFO  : Device configured successfully with "C:/02_PXL/SoC_PXL_2024/VHDL/HC_SR04/vitis/Ultrasoon/_ide/bitstream/design_1_wrapper.bit"
15:03:53 INFO  : Context for 'APU' is selected.
15:03:53 INFO  : Hardware design and registers information is loaded from 'C:/02_PXL/SoC_PXL_2024/VHDL/HC_SR04/vitis/design_1_wrapper/export/design_1_wrapper/hw/design_1_wrapper.xsa'.
15:03:53 INFO  : 'configparams force-mem-access 1' command is executed.
15:03:53 INFO  : Context for 'APU' is selected.
15:03:53 INFO  : Sourcing of 'C:/02_PXL/SoC_PXL_2024/VHDL/HC_SR04/vitis/Ultrasoon/_ide/psinit/ps7_init.tcl' is done.
15:03:53 INFO  : 'ps7_init' command is executed.
15:03:53 INFO  : 'ps7_post_config' command is executed.
15:03:53 INFO  : 'configparams force-mem-access 0' command is executed.
15:03:53 INFO  : ----------------XSDB Script----------------
connect -url tcp:127.0.0.1:3121
targets -set -nocase -filter {name =~"APU*"}
rst -system
after 3000
targets -set -filter {jtag_cable_name =~ "Xilinx TUL 1234-tulA" && level==0 && jtag_device_ctx=="jsn-TUL-1234-tulA-23727093-0"}
fpga -file C:/02_PXL/SoC_PXL_2024/VHDL/HC_SR04/vitis/Ultrasoon/_ide/bitstream/design_1_wrapper.bit
targets -set -nocase -filter {name =~"APU*"}
loadhw -hw C:/02_PXL/SoC_PXL_2024/VHDL/HC_SR04/vitis/design_1_wrapper/export/design_1_wrapper/hw/design_1_wrapper.xsa -mem-ranges [list {0x40000000 0xbfffffff}] -regs
configparams force-mem-access 1
targets -set -nocase -filter {name =~"APU*"}
source C:/02_PXL/SoC_PXL_2024/VHDL/HC_SR04/vitis/Ultrasoon/_ide/psinit/ps7_init.tcl
ps7_init
ps7_post_config
configparams force-mem-access 0
----------------End of Script----------------

15:03:53 INFO  : Launch script is exported to file 'C:\02_PXL\SoC_PXL_2024\VHDL\HC_SR04\vitis\Ultrasoon_system\_ide\scripts\debugger_ultrasoon-default.tcl'
15:04:48 INFO  : Checking for BSP changes to sync application flags for project 'Ultrasoon'...
15:04:48 INFO  : Result from executing command 'getProjects': RemoteSystemsTempFiles;Ultrasoon;Ultrasoon_system;design_1_wrapper
15:04:48 WARN  : Failed to closehw "C:/02_PXL/SoC_PXL_2024/VHDL/HC_SR04/vitis/design_1_wrapper/export/design_1_wrapper/hw/design_1_wrapper.xsa"
Reason: C:/02_PXL/SoC_PXL_2024/VHDL/HC_SR04/vitis/design_1_wrapper/export/design_1_wrapper/hw/design_1_wrapper.xsa is not available in the current workspace
use 'getprojects' command to see list of available projects in current workspace
15:04:48 INFO  : Result from executing command 'getProjects': RemoteSystemsTempFiles;Ultrasoon;Ultrasoon_system;design_1_wrapper
15:04:48 ERROR : Failed to openhw "C:/02_PXL/SoC_PXL_2024/VHDL/HC_SR04/vitis/design_1_wrapper/export/design_1_wrapper/hw/design_1_wrapper.xsa"
Reason: C:/02_PXL/SoC_PXL_2024/VHDL/HC_SR04/vitis/design_1_wrapper/export/design_1_wrapper/hw/design_1_wrapper.xsa is not available in the current workspace
use 'getprojects' command to see list of available projects in current workspace
15:04:48 ERROR : Failed to update application flags from BSP for 'Ultrasoon'. Reason: null
java.lang.NullPointerException: null
	at com.xilinx.sdx.sw.internal.SDxSwPlatform.<init>(SDxSwPlatform.java:305) ~[com.xilinx.sdx.sw_1.0.0.202310091710.jar:?]
	at com.xilinx.sdx.sw.internal.SDxSwPlatform.create(SDxSwPlatform.java:214) ~[com.xilinx.sdx.sw_1.0.0.202310091710.jar:?]
	at com.xilinx.sdx.sdk.core.util.SdkPlatformHelper.getSwPlatform(SdkPlatformHelper.java:64) ~[com.xilinx.sdx.sdk.core_1.0.0.202310091710.jar:?]
	at com.xilinx.sdx.sdk.core.build.SdkMakefileGenerationListener.getSwPlatform(SdkMakefileGenerationListener.java:160) ~[com.xilinx.sdx.sdk.core_1.0.0.202310091710.jar:?]
	at com.xilinx.sdx.sdk.core.build.SdkMakefileGenerationListener.syncAppFlags(SdkMakefileGenerationListener.java:78) [com.xilinx.sdx.sdk.core_1.0.0.202310091710.jar:?]
	at com.xilinx.sdx.sdk.core.build.SdkMakefileGenerationListener.preMakefileGeneration(SdkMakefileGenerationListener.java:48) [com.xilinx.sdx.sdk.core_1.0.0.202310091710.jar:?]
	at com.xilinx.sdk.managedbuilder.XilinxGnuMakefileGenerator.notifyPreMakefileGenerationListeners(XilinxGnuMakefileGenerator.java:91) [com.xilinx.sdk.managedbuilder_1.0.0.202310091710.jar:?]
	at com.xilinx.sdk.managedbuilder.XilinxGnuMakefileGenerator.regenerateMakefiles(XilinxGnuMakefileGenerator.java:75) [com.xilinx.sdk.managedbuilder_1.0.0.202310091710.jar:?]
	at org.eclipse.cdt.managedbuilder.internal.core.CommonBuilder.performMakefileGeneration(CommonBuilder.java:1006) [org.eclipse.cdt.managedbuilder.core_8.6.0.201802261533.jar:?]
	at org.eclipse.cdt.managedbuilder.internal.core.CommonBuilder.performPrebuildGeneration(CommonBuilder.java:873) [org.eclipse.cdt.managedbuilder.core_8.6.0.201802261533.jar:?]
	at org.eclipse.cdt.managedbuilder.internal.core.CommonBuilder.build(CommonBuilder.java:748) [org.eclipse.cdt.managedbuilder.core_8.6.0.201802261533.jar:?]
	at org.eclipse.cdt.managedbuilder.internal.core.CommonBuilder.build(CommonBuilder.java:513) [org.eclipse.cdt.managedbuilder.core_8.6.0.201802261533.jar:?]
	at org.eclipse.cdt.managedbuilder.internal.core.CommonBuilder.build(CommonBuilder.java:459) [org.eclipse.cdt.managedbuilder.core_8.6.0.201802261533.jar:?]
	at org.eclipse.core.internal.events.BuildManager$2.run(BuildManager.java:832) [org.eclipse.core.resources_3.13.700.v20200209-1624.jar:?]
	at org.eclipse.core.runtime.SafeRunner.run(SafeRunner.java:45) [org.eclipse.equinox.common_3.11.0.v20200206-0817.jar:?]
	at org.eclipse.core.internal.events.BuildManager.basicBuild(BuildManager.java:220) [org.eclipse.core.resources_3.13.700.v20200209-1624.jar:?]
	at org.eclipse.core.internal.events.BuildManager.basicBuild(BuildManager.java:263) [org.eclipse.core.resources_3.13.700.v20200209-1624.jar:?]
	at org.eclipse.core.internal.events.BuildManager$1.run(BuildManager.java:316) [org.eclipse.core.resources_3.13.700.v20200209-1624.jar:?]
	at org.eclipse.core.runtime.SafeRunner.run(SafeRunner.java:45) [org.eclipse.equinox.common_3.11.0.v20200206-0817.jar:?]
	at org.eclipse.core.internal.events.BuildManager.basicBuild(BuildManager.java:319) [org.eclipse.core.resources_3.13.700.v20200209-1624.jar:?]
	at org.eclipse.core.internal.events.BuildManager.basicBuildLoop(BuildManager.java:371) [org.eclipse.core.resources_3.13.700.v20200209-1624.jar:?]
	at org.eclipse.core.internal.events.BuildManager.build(BuildManager.java:392) [org.eclipse.core.resources_3.13.700.v20200209-1624.jar:?]
	at org.eclipse.core.internal.resources.Workspace.buildInternal(Workspace.java:515) [org.eclipse.core.resources_3.13.700.v20200209-1624.jar:?]
	at org.eclipse.core.internal.resources.Workspace.build(Workspace.java:412) [org.eclipse.core.resources_3.13.700.v20200209-1624.jar:?]
	at org.eclipse.ui.actions.BuildAction$1.runInWorkspace(BuildAction.java:291) [org.eclipse.ui.ide_3.17.0.v20200217-1511.jar:?]
	at org.eclipse.core.internal.resources.InternalWorkspaceJob.run(InternalWorkspaceJob.java:42) [org.eclipse.core.resources_3.13.700.v20200209-1624.jar:?]
	at org.eclipse.core.internal.jobs.Worker.run(Worker.java:63) [org.eclipse.core.jobs_3.10.700.v20200106-1020.jar:?]
15:05:34 INFO  : Checking for BSP changes to sync application flags for project 'Ultrasoon'...
15:05:34 INFO  : Result from executing command 'getProjects': RemoteSystemsTempFiles;Ultrasoon;Ultrasoon_system;design_1_wrapper
15:05:34 ERROR : Failed to openhw "C:/02_PXL/SoC_PXL_2024/VHDL/HC_SR04/vitis/design_1_wrapper/export/design_1_wrapper/hw/design_1_wrapper.xsa"
Reason: C:/02_PXL/SoC_PXL_2024/VHDL/HC_SR04/vitis/design_1_wrapper/export/design_1_wrapper/hw/design_1_wrapper.xsa is not available in the current workspace
use 'getprojects' command to see list of available projects in current workspace
15:05:34 ERROR : Failed to update application flags from BSP for 'Ultrasoon'. Reason: null
java.lang.NullPointerException: null
	at com.xilinx.sdx.sw.internal.SDxSwPlatform.<init>(SDxSwPlatform.java:305) ~[com.xilinx.sdx.sw_1.0.0.202310091710.jar:?]
	at com.xilinx.sdx.sw.internal.SDxSwPlatform.create(SDxSwPlatform.java:214) ~[com.xilinx.sdx.sw_1.0.0.202310091710.jar:?]
	at com.xilinx.sdx.sdk.core.util.SdkPlatformHelper.getSwPlatform(SdkPlatformHelper.java:64) ~[com.xilinx.sdx.sdk.core_1.0.0.202310091710.jar:?]
	at com.xilinx.sdx.sdk.core.build.SdkMakefileGenerationListener.getSwPlatform(SdkMakefileGenerationListener.java:160) ~[com.xilinx.sdx.sdk.core_1.0.0.202310091710.jar:?]
	at com.xilinx.sdx.sdk.core.build.SdkMakefileGenerationListener.syncAppFlags(SdkMakefileGenerationListener.java:78) [com.xilinx.sdx.sdk.core_1.0.0.202310091710.jar:?]
	at com.xilinx.sdx.sdk.core.build.SdkMakefileGenerationListener.preMakefileGeneration(SdkMakefileGenerationListener.java:48) [com.xilinx.sdx.sdk.core_1.0.0.202310091710.jar:?]
	at com.xilinx.sdk.managedbuilder.XilinxGnuMakefileGenerator.notifyPreMakefileGenerationListeners(XilinxGnuMakefileGenerator.java:91) [com.xilinx.sdk.managedbuilder_1.0.0.202310091710.jar:?]
	at com.xilinx.sdk.managedbuilder.XilinxGnuMakefileGenerator.generateMakefiles(XilinxGnuMakefileGenerator.java:40) [com.xilinx.sdk.managedbuilder_1.0.0.202310091710.jar:?]
	at org.eclipse.cdt.managedbuilder.internal.core.CommonBuilder.performMakefileGeneration(CommonBuilder.java:1008) [org.eclipse.cdt.managedbuilder.core_8.6.0.201802261533.jar:?]
	at org.eclipse.cdt.managedbuilder.internal.core.CommonBuilder.performPrebuildGeneration(CommonBuilder.java:873) [org.eclipse.cdt.managedbuilder.core_8.6.0.201802261533.jar:?]
	at org.eclipse.cdt.managedbuilder.internal.core.CommonBuilder.build(CommonBuilder.java:748) [org.eclipse.cdt.managedbuilder.core_8.6.0.201802261533.jar:?]
	at org.eclipse.cdt.managedbuilder.internal.core.CommonBuilder.build(CommonBuilder.java:510) [org.eclipse.cdt.managedbuilder.core_8.6.0.201802261533.jar:?]
	at org.eclipse.cdt.managedbuilder.internal.core.CommonBuilder.build(CommonBuilder.java:459) [org.eclipse.cdt.managedbuilder.core_8.6.0.201802261533.jar:?]
	at org.eclipse.core.internal.events.BuildManager$2.run(BuildManager.java:832) [org.eclipse.core.resources_3.13.700.v20200209-1624.jar:?]
	at org.eclipse.core.runtime.SafeRunner.run(SafeRunner.java:45) [org.eclipse.equinox.common_3.11.0.v20200206-0817.jar:?]
	at org.eclipse.core.internal.events.BuildManager.basicBuild(BuildManager.java:220) [org.eclipse.core.resources_3.13.700.v20200209-1624.jar:?]
	at org.eclipse.core.internal.events.BuildManager.basicBuild(BuildManager.java:263) [org.eclipse.core.resources_3.13.700.v20200209-1624.jar:?]
	at org.eclipse.core.internal.events.BuildManager$1.run(BuildManager.java:316) [org.eclipse.core.resources_3.13.700.v20200209-1624.jar:?]
	at org.eclipse.core.runtime.SafeRunner.run(SafeRunner.java:45) [org.eclipse.equinox.common_3.11.0.v20200206-0817.jar:?]
	at org.eclipse.core.internal.events.BuildManager.basicBuild(BuildManager.java:319) [org.eclipse.core.resources_3.13.700.v20200209-1624.jar:?]
	at org.eclipse.core.internal.events.BuildManager.basicBuildLoop(BuildManager.java:371) [org.eclipse.core.resources_3.13.700.v20200209-1624.jar:?]
	at org.eclipse.core.internal.events.BuildManager.build(BuildManager.java:392) [org.eclipse.core.resources_3.13.700.v20200209-1624.jar:?]
	at org.eclipse.core.internal.resources.Workspace.buildInternal(Workspace.java:515) [org.eclipse.core.resources_3.13.700.v20200209-1624.jar:?]
	at org.eclipse.core.internal.resources.Workspace.build(Workspace.java:412) [org.eclipse.core.resources_3.13.700.v20200209-1624.jar:?]
	at org.eclipse.ui.actions.BuildAction$1.runInWorkspace(BuildAction.java:291) [org.eclipse.ui.ide_3.17.0.v20200217-1511.jar:?]
	at org.eclipse.core.internal.resources.InternalWorkspaceJob.run(InternalWorkspaceJob.java:42) [org.eclipse.core.resources_3.13.700.v20200209-1624.jar:?]
	at org.eclipse.core.internal.jobs.Worker.run(Worker.java:63) [org.eclipse.core.jobs_3.10.700.v20200106-1020.jar:?]
15:05:46 INFO  : Checking for BSP changes to sync application flags for project 'Ultrasoon'...
15:05:46 INFO  : Result from executing command 'getProjects': RemoteSystemsTempFiles;Ultrasoon;Ultrasoon_system;design_1_wrapper
15:05:46 ERROR : Failed to openhw "C:/02_PXL/SoC_PXL_2024/VHDL/HC_SR04/vitis/design_1_wrapper/export/design_1_wrapper/hw/design_1_wrapper.xsa"
Reason: C:/02_PXL/SoC_PXL_2024/VHDL/HC_SR04/vitis/design_1_wrapper/export/design_1_wrapper/hw/design_1_wrapper.xsa is not available in the current workspace
use 'getprojects' command to see list of available projects in current workspace
15:05:46 ERROR : Failed to update application flags from BSP for 'Ultrasoon'. Reason: null
java.lang.NullPointerException: null
	at com.xilinx.sdx.sw.internal.SDxSwPlatform.<init>(SDxSwPlatform.java:305) ~[com.xilinx.sdx.sw_1.0.0.202310091710.jar:?]
	at com.xilinx.sdx.sw.internal.SDxSwPlatform.create(SDxSwPlatform.java:214) ~[com.xilinx.sdx.sw_1.0.0.202310091710.jar:?]
	at com.xilinx.sdx.sdk.core.util.SdkPlatformHelper.getSwPlatform(SdkPlatformHelper.java:64) ~[com.xilinx.sdx.sdk.core_1.0.0.202310091710.jar:?]
	at com.xilinx.sdx.sdk.core.build.SdkMakefileGenerationListener.getSwPlatform(SdkMakefileGenerationListener.java:160) ~[com.xilinx.sdx.sdk.core_1.0.0.202310091710.jar:?]
	at com.xilinx.sdx.sdk.core.build.SdkMakefileGenerationListener.syncAppFlags(SdkMakefileGenerationListener.java:78) [com.xilinx.sdx.sdk.core_1.0.0.202310091710.jar:?]
	at com.xilinx.sdx.sdk.core.build.SdkMakefileGenerationListener.preMakefileGeneration(SdkMakefileGenerationListener.java:48) [com.xilinx.sdx.sdk.core_1.0.0.202310091710.jar:?]
	at com.xilinx.sdk.managedbuilder.XilinxGnuMakefileGenerator.notifyPreMakefileGenerationListeners(XilinxGnuMakefileGenerator.java:91) [com.xilinx.sdk.managedbuilder_1.0.0.202310091710.jar:?]
	at com.xilinx.sdk.managedbuilder.XilinxGnuMakefileGenerator.generateMakefiles(XilinxGnuMakefileGenerator.java:40) [com.xilinx.sdk.managedbuilder_1.0.0.202310091710.jar:?]
	at org.eclipse.cdt.managedbuilder.internal.core.CommonBuilder.performMakefileGeneration(CommonBuilder.java:1008) [org.eclipse.cdt.managedbuilder.core_8.6.0.201802261533.jar:?]
	at org.eclipse.cdt.managedbuilder.internal.core.CommonBuilder.performPrebuildGeneration(CommonBuilder.java:873) [org.eclipse.cdt.managedbuilder.core_8.6.0.201802261533.jar:?]
	at org.eclipse.cdt.managedbuilder.internal.core.CommonBuilder.build(CommonBuilder.java:748) [org.eclipse.cdt.managedbuilder.core_8.6.0.201802261533.jar:?]
	at org.eclipse.cdt.managedbuilder.internal.core.CommonBuilder.build(CommonBuilder.java:510) [org.eclipse.cdt.managedbuilder.core_8.6.0.201802261533.jar:?]
	at org.eclipse.cdt.managedbuilder.internal.core.CommonBuilder.build(CommonBuilder.java:459) [org.eclipse.cdt.managedbuilder.core_8.6.0.201802261533.jar:?]
	at org.eclipse.core.internal.events.BuildManager$2.run(BuildManager.java:832) [org.eclipse.core.resources_3.13.700.v20200209-1624.jar:?]
	at org.eclipse.core.runtime.SafeRunner.run(SafeRunner.java:45) [org.eclipse.equinox.common_3.11.0.v20200206-0817.jar:?]
	at org.eclipse.core.internal.events.BuildManager.basicBuild(BuildManager.java:220) [org.eclipse.core.resources_3.13.700.v20200209-1624.jar:?]
	at org.eclipse.core.internal.events.BuildManager.basicBuild(BuildManager.java:263) [org.eclipse.core.resources_3.13.700.v20200209-1624.jar:?]
	at org.eclipse.core.internal.events.BuildManager$1.run(BuildManager.java:316) [org.eclipse.core.resources_3.13.700.v20200209-1624.jar:?]
	at org.eclipse.core.runtime.SafeRunner.run(SafeRunner.java:45) [org.eclipse.equinox.common_3.11.0.v20200206-0817.jar:?]
	at org.eclipse.core.internal.events.BuildManager.basicBuild(BuildManager.java:319) [org.eclipse.core.resources_3.13.700.v20200209-1624.jar:?]
	at org.eclipse.core.internal.events.BuildManager.basicBuildLoop(BuildManager.java:371) [org.eclipse.core.resources_3.13.700.v20200209-1624.jar:?]
	at org.eclipse.core.internal.events.BuildManager.build(BuildManager.java:392) [org.eclipse.core.resources_3.13.700.v20200209-1624.jar:?]
	at org.eclipse.core.internal.resources.Workspace.buildInternal(Workspace.java:515) [org.eclipse.core.resources_3.13.700.v20200209-1624.jar:?]
	at org.eclipse.core.internal.resources.Workspace.build(Workspace.java:412) [org.eclipse.core.resources_3.13.700.v20200209-1624.jar:?]
	at org.eclipse.ui.actions.BuildAction$1.runInWorkspace(BuildAction.java:291) [org.eclipse.ui.ide_3.17.0.v20200217-1511.jar:?]
	at org.eclipse.core.internal.resources.InternalWorkspaceJob.run(InternalWorkspaceJob.java:42) [org.eclipse.core.resources_3.13.700.v20200209-1624.jar:?]
	at org.eclipse.core.internal.jobs.Worker.run(Worker.java:63) [org.eclipse.core.jobs_3.10.700.v20200106-1020.jar:?]
15:09:58 INFO  : Result from executing command 'getProjects': design_1_wrapper
15:09:58 INFO  : Result from executing command 'getPlatforms': design_1_wrapper|C:/02_PXL/SoC_PXL_2024/VHDL/HC_SR04/vitis/design_1_wrapper/export/design_1_wrapper/design_1_wrapper.xpfm
15:10:03 INFO  : Checking for BSP changes to sync application flags for project 'Ultrasoon'...
15:10:09 INFO  : Checking for BSP changes to sync application flags for project 'Ultrasoon'...
15:11:04 INFO  : Checking for BSP changes to sync application flags for project 'Ultrasoon'...
15:11:16 INFO  : Checking for BSP changes to sync application flags for project 'Ultrasoon'...
15:16:16 INFO  : Checking for BSP changes to sync application flags for project 'Ultrasoon'...
15:16:31 INFO  : Checking for BSP changes to sync application flags for project 'Ultrasoon'...
15:17:11 INFO  : Checking for BSP changes to sync application flags for project 'Ultrasoon'...
15:17:21 INFO  : Disconnected from the channel tcfchan#1.
15:17:22 INFO  : Connected to target on host '127.0.0.1' and port '3121'.
15:17:22 INFO  : Jtag cable 'Xilinx TUL 1234-tulA' is selected.
15:17:22 INFO  : 'jtag frequency' command is executed.
15:17:22 INFO  : Context for 'APU' is selected.
15:17:22 INFO  : System reset is completed.
15:17:25 INFO  : 'after 3000' command is executed.
15:17:25 INFO  : 'targets -set -filter {jtag_cable_name =~ "Xilinx TUL 1234-tulA" && level==0 && jtag_device_ctx=="jsn-TUL-1234-tulA-23727093-0"}' command is executed.
15:17:28 INFO  : Device configured successfully with "C:/02_PXL/SoC_PXL_2024/VHDL/HC_SR04/vitis/Ultrasoon/_ide/bitstream/design_1_wrapper.bit"
15:17:28 INFO  : Context for 'APU' is selected.
15:17:28 INFO  : Hardware design and registers information is loaded from 'C:/02_PXL/SoC_PXL_2024/VHDL/HC_SR04/vitis/design_1_wrapper/export/design_1_wrapper/hw/design_1_wrapper.xsa'.
15:17:28 INFO  : 'configparams force-mem-access 1' command is executed.
15:17:28 INFO  : Context for 'APU' is selected.
15:17:28 INFO  : Sourcing of 'C:/02_PXL/SoC_PXL_2024/VHDL/HC_SR04/vitis/Ultrasoon/_ide/psinit/ps7_init.tcl' is done.
15:17:28 INFO  : 'ps7_init' command is executed.
15:17:28 INFO  : 'ps7_post_config' command is executed.
15:17:28 INFO  : Context for processor 'ps7_cortexa9_0' is selected.
15:17:28 INFO  : The application 'C:/02_PXL/SoC_PXL_2024/VHDL/HC_SR04/vitis/Ultrasoon/Debug/Ultrasoon.elf' is downloaded to processor 'ps7_cortexa9_0'.
15:17:29 INFO  : 'configparams force-mem-access 0' command is executed.
15:17:29 INFO  : ----------------XSDB Script----------------
connect -url tcp:127.0.0.1:3121
targets -set -nocase -filter {name =~"APU*"}
rst -system
after 3000
targets -set -filter {jtag_cable_name =~ "Xilinx TUL 1234-tulA" && level==0 && jtag_device_ctx=="jsn-TUL-1234-tulA-23727093-0"}
fpga -file C:/02_PXL/SoC_PXL_2024/VHDL/HC_SR04/vitis/Ultrasoon/_ide/bitstream/design_1_wrapper.bit
targets -set -nocase -filter {name =~"APU*"}
loadhw -hw C:/02_PXL/SoC_PXL_2024/VHDL/HC_SR04/vitis/design_1_wrapper/export/design_1_wrapper/hw/design_1_wrapper.xsa -mem-ranges [list {0x40000000 0xbfffffff}] -regs
configparams force-mem-access 1
targets -set -nocase -filter {name =~"APU*"}
source C:/02_PXL/SoC_PXL_2024/VHDL/HC_SR04/vitis/Ultrasoon/_ide/psinit/ps7_init.tcl
ps7_init
ps7_post_config
targets -set -nocase -filter {name =~ "*A9*#0"}
dow C:/02_PXL/SoC_PXL_2024/VHDL/HC_SR04/vitis/Ultrasoon/Debug/Ultrasoon.elf
configparams force-mem-access 0
----------------End of Script----------------

15:17:29 INFO  : Context for processor 'ps7_cortexa9_0' is selected.
15:17:29 INFO  : 'con' command is executed.
15:17:29 INFO  : ----------------XSDB Script (After Launch)----------------
targets -set -nocase -filter {name =~ "*A9*#0"}
con
----------------End of Script----------------

15:17:29 INFO  : Launch script is exported to file 'C:\02_PXL\SoC_PXL_2024\VHDL\HC_SR04\vitis\Ultrasoon_system\_ide\scripts\debugger_ultrasoon-default.tcl'
15:20:54 INFO  : Disconnected from the channel tcfchan#7.
