14:32:45 DEBUG : Logs will be stored at 'C:/02_PXL/SoC_PXL_2024/VHDL/PYNQ_RGB/vitis/IDE.log'.
14:32:51 INFO  : Launching XSCT server: xsct.bat -n  -interactive C:\02_PXL\SoC_PXL_2024\VHDL\PYNQ_RGB\vitis\temp_xsdb_launch_script.tcl
14:32:51 INFO  : Registering command handlers for Vitis TCF services
14:32:51 INFO  : Platform repository initialization has completed.
14:32:58 INFO  : XSCT server has started successfully.
14:33:03 INFO  : plnx-install-location is set to ''
14:33:03 INFO  : Successfully done setting XSCT server connection channel  
14:33:03 INFO  : Successfully done query RDI_DATADIR 
14:33:03 INFO  : Successfully done setting workspace for the tool. 
14:35:44 INFO  : Result from executing command 'getProjects': design_1_wrapper
14:35:44 INFO  : Result from executing command 'getPlatforms': 
14:35:44 WARN  : An unexpected exception occurred in the module 'platform project logging'
14:35:44 INFO  : Platform 'design_1_wrapper' is added to custom repositories.
14:36:01 INFO  : Platform 'design_1_wrapper' is added to custom repositories.
14:38:55 INFO  : Result from executing command 'getProjects': design_1_wrapper
14:38:55 INFO  : Result from executing command 'getPlatforms': design_1_wrapper|C:/02_PXL/SoC_PXL_2024/VHDL/PYNQ_RGB/vitis/design_1_wrapper/export/design_1_wrapper/design_1_wrapper.xpfm
14:38:56 INFO  : Checking for BSP changes to sync application flags for project 'RGB'...
14:39:46 INFO  : Checking for BSP changes to sync application flags for project 'RGB'...
14:40:21 INFO  : Checking for BSP changes to sync application flags for project 'RGB'...
14:44:38 INFO  : Checking for BSP changes to sync application flags for project 'RGB'...
14:44:49 INFO  : Checking for BSP changes to sync application flags for project 'RGB'...
14:45:21 INFO  : Checking for BSP changes to sync application flags for project 'RGB'...
14:45:39 INFO  : Connected to target on host '127.0.0.1' and port '3121'.
14:45:40 INFO  : Jtag cable 'Xilinx TUL 1234-tulA' is selected.
14:45:40 INFO  : 'jtag frequency' command is executed.
14:45:40 INFO  : Context for 'APU' is selected.
14:45:40 INFO  : System reset is completed.
14:45:43 INFO  : 'after 3000' command is executed.
14:45:43 INFO  : 'targets -set -filter {jtag_cable_name =~ "Xilinx TUL 1234-tulA" && level==0 && jtag_device_ctx=="jsn-TUL-1234-tulA-23727093-0"}' command is executed.
14:45:46 INFO  : Device configured successfully with "C:/02_PXL/SoC_PXL_2024/VHDL/PYNQ_RGB/vitis/RGB/_ide/bitstream/design_1_wrapper.bit"
14:45:46 INFO  : Context for 'APU' is selected.
14:45:46 INFO  : Hardware design and registers information is loaded from 'C:/02_PXL/SoC_PXL_2024/VHDL/PYNQ_RGB/vitis/design_1_wrapper/export/design_1_wrapper/hw/design_1_wrapper.xsa'.
14:45:46 INFO  : 'configparams force-mem-access 1' command is executed.
14:45:46 INFO  : Context for 'APU' is selected.
14:45:46 INFO  : Sourcing of 'C:/02_PXL/SoC_PXL_2024/VHDL/PYNQ_RGB/vitis/RGB/_ide/psinit/ps7_init.tcl' is done.
14:45:47 INFO  : 'ps7_init' command is executed.
14:45:47 INFO  : 'ps7_post_config' command is executed.
14:45:47 INFO  : Context for processor 'ps7_cortexa9_0' is selected.
14:45:47 INFO  : The application 'C:/02_PXL/SoC_PXL_2024/VHDL/PYNQ_RGB/vitis/RGB/Debug/RGB.elf' is downloaded to processor 'ps7_cortexa9_0'.
14:45:47 INFO  : 'configparams force-mem-access 0' command is executed.
14:45:47 INFO  : ----------------XSDB Script----------------
connect -url tcp:127.0.0.1:3121
targets -set -nocase -filter {name =~"APU*"}
rst -system
after 3000
targets -set -filter {jtag_cable_name =~ "Xilinx TUL 1234-tulA" && level==0 && jtag_device_ctx=="jsn-TUL-1234-tulA-23727093-0"}
fpga -file C:/02_PXL/SoC_PXL_2024/VHDL/PYNQ_RGB/vitis/RGB/_ide/bitstream/design_1_wrapper.bit
targets -set -nocase -filter {name =~"APU*"}
loadhw -hw C:/02_PXL/SoC_PXL_2024/VHDL/PYNQ_RGB/vitis/design_1_wrapper/export/design_1_wrapper/hw/design_1_wrapper.xsa -mem-ranges [list {0x40000000 0xbfffffff}] -regs
configparams force-mem-access 1
targets -set -nocase -filter {name =~"APU*"}
source C:/02_PXL/SoC_PXL_2024/VHDL/PYNQ_RGB/vitis/RGB/_ide/psinit/ps7_init.tcl
ps7_init
ps7_post_config
targets -set -nocase -filter {name =~ "*A9*#0"}
dow C:/02_PXL/SoC_PXL_2024/VHDL/PYNQ_RGB/vitis/RGB/Debug/RGB.elf
configparams force-mem-access 0
----------------End of Script----------------

14:45:47 INFO  : Context for processor 'ps7_cortexa9_0' is selected.
14:45:47 INFO  : 'con' command is executed.
14:45:47 INFO  : ----------------XSDB Script (After Launch)----------------
targets -set -nocase -filter {name =~ "*A9*#0"}
con
----------------End of Script----------------

14:45:47 INFO  : Launch script is exported to file 'C:\02_PXL\SoC_PXL_2024\VHDL\PYNQ_RGB\vitis\RGB_system\_ide\scripts\debugger_rgb-default.tcl'
14:45:54 INFO  : Disconnected from the channel tcfchan#2.
14:45:55 INFO  : Connected to target on host '127.0.0.1' and port '3121'.
14:46:04 INFO  : ----------------XSDB Script----------------
connect -url tcp:127.0.0.1:3121
----------------End of Script----------------

14:46:04 ERROR : Could not find ARM device on the board for connection 'Local'.
Check if the target is in:
1. Split JTAG - No operations are possible with ARM DAP.
2. Non JTAG bootmode - Bootrom may need time to enable DAP.
Please try again.


Troubleshooting hints:
1. Check whether board is connected to system properly.
2. In case of zynq board, check whether Digilent/Xilinx cable switch settings are correct.
3. If you are using Xilinx Platform Cable USB, ensure that status LED is green.
14:47:27 INFO  : Checking for BSP changes to sync application flags for project 'RGB'...
14:47:32 INFO  : Connected to target on host '127.0.0.1' and port '3121'.
14:47:32 INFO  : Jtag cable 'Xilinx TUL 1234-tulA' is selected.
14:47:32 INFO  : 'jtag frequency' command is executed.
14:47:32 INFO  : Context for 'APU' is selected.
14:47:32 INFO  : System reset is completed.
14:47:35 INFO  : 'after 3000' command is executed.
14:47:36 INFO  : 'targets -set -filter {jtag_cable_name =~ "Xilinx TUL 1234-tulA" && level==0 && jtag_device_ctx=="jsn-TUL-1234-tulA-23727093-0"}' command is executed.
14:47:38 INFO  : Device configured successfully with "C:/02_PXL/SoC_PXL_2024/VHDL/PYNQ_RGB/vitis/RGB/_ide/bitstream/design_1_wrapper.bit"
14:47:38 INFO  : Context for 'APU' is selected.
14:47:38 INFO  : Hardware design and registers information is loaded from 'C:/02_PXL/SoC_PXL_2024/VHDL/PYNQ_RGB/vitis/design_1_wrapper/export/design_1_wrapper/hw/design_1_wrapper.xsa'.
14:47:38 INFO  : 'configparams force-mem-access 1' command is executed.
14:47:38 INFO  : Context for 'APU' is selected.
14:47:38 INFO  : Sourcing of 'C:/02_PXL/SoC_PXL_2024/VHDL/PYNQ_RGB/vitis/RGB/_ide/psinit/ps7_init.tcl' is done.
14:47:39 INFO  : 'ps7_init' command is executed.
14:47:39 INFO  : 'ps7_post_config' command is executed.
14:47:39 INFO  : Context for processor 'ps7_cortexa9_0' is selected.
14:47:39 INFO  : The application 'C:/02_PXL/SoC_PXL_2024/VHDL/PYNQ_RGB/vitis/RGB/Debug/RGB.elf' is downloaded to processor 'ps7_cortexa9_0'.
14:47:39 INFO  : 'configparams force-mem-access 0' command is executed.
14:47:39 INFO  : ----------------XSDB Script----------------
connect -url tcp:127.0.0.1:3121
targets -set -nocase -filter {name =~"APU*"}
rst -system
after 3000
targets -set -filter {jtag_cable_name =~ "Xilinx TUL 1234-tulA" && level==0 && jtag_device_ctx=="jsn-TUL-1234-tulA-23727093-0"}
fpga -file C:/02_PXL/SoC_PXL_2024/VHDL/PYNQ_RGB/vitis/RGB/_ide/bitstream/design_1_wrapper.bit
targets -set -nocase -filter {name =~"APU*"}
loadhw -hw C:/02_PXL/SoC_PXL_2024/VHDL/PYNQ_RGB/vitis/design_1_wrapper/export/design_1_wrapper/hw/design_1_wrapper.xsa -mem-ranges [list {0x40000000 0xbfffffff}] -regs
configparams force-mem-access 1
targets -set -nocase -filter {name =~"APU*"}
source C:/02_PXL/SoC_PXL_2024/VHDL/PYNQ_RGB/vitis/RGB/_ide/psinit/ps7_init.tcl
ps7_init
ps7_post_config
targets -set -nocase -filter {name =~ "*A9*#0"}
dow C:/02_PXL/SoC_PXL_2024/VHDL/PYNQ_RGB/vitis/RGB/Debug/RGB.elf
configparams force-mem-access 0
----------------End of Script----------------

14:47:39 INFO  : Context for processor 'ps7_cortexa9_0' is selected.
14:47:39 INFO  : 'con' command is executed.
14:47:39 INFO  : ----------------XSDB Script (After Launch)----------------
targets -set -nocase -filter {name =~ "*A9*#0"}
con
----------------End of Script----------------

14:47:39 INFO  : Launch script is exported to file 'C:\02_PXL\SoC_PXL_2024\VHDL\PYNQ_RGB\vitis\RGB_system\_ide\scripts\debugger_rgb-default.tcl'
14:48:31 INFO  : Checking for BSP changes to sync application flags for project 'RGB'...
14:48:47 INFO  : Disconnected from the channel tcfchan#3.
14:48:48 INFO  : Connected to target on host '127.0.0.1' and port '3121'.
14:48:49 INFO  : Jtag cable 'Xilinx TUL 1234-tulA' is selected.
14:48:49 INFO  : 'jtag frequency' command is executed.
14:48:49 INFO  : Context for 'APU' is selected.
14:48:49 INFO  : System reset is completed.
14:48:52 INFO  : 'after 3000' command is executed.
14:48:52 INFO  : 'targets -set -filter {jtag_cable_name =~ "Xilinx TUL 1234-tulA" && level==0 && jtag_device_ctx=="jsn-TUL-1234-tulA-23727093-0"}' command is executed.
14:48:54 INFO  : Device configured successfully with "C:/02_PXL/SoC_PXL_2024/VHDL/PYNQ_RGB/vitis/RGB/_ide/bitstream/design_1_wrapper.bit"
14:48:54 INFO  : Context for 'APU' is selected.
14:48:54 INFO  : Hardware design and registers information is loaded from 'C:/02_PXL/SoC_PXL_2024/VHDL/PYNQ_RGB/vitis/design_1_wrapper/export/design_1_wrapper/hw/design_1_wrapper.xsa'.
14:48:54 INFO  : 'configparams force-mem-access 1' command is executed.
14:48:54 INFO  : Context for 'APU' is selected.
14:48:54 INFO  : Sourcing of 'C:/02_PXL/SoC_PXL_2024/VHDL/PYNQ_RGB/vitis/RGB/_ide/psinit/ps7_init.tcl' is done.
14:48:55 INFO  : 'ps7_init' command is executed.
14:48:55 INFO  : 'ps7_post_config' command is executed.
14:48:55 INFO  : Context for processor 'ps7_cortexa9_0' is selected.
14:48:55 INFO  : The application 'C:/02_PXL/SoC_PXL_2024/VHDL/PYNQ_RGB/vitis/RGB/Debug/RGB.elf' is downloaded to processor 'ps7_cortexa9_0'.
14:48:55 INFO  : 'configparams force-mem-access 0' command is executed.
14:48:55 INFO  : ----------------XSDB Script----------------
connect -url tcp:127.0.0.1:3121
targets -set -nocase -filter {name =~"APU*"}
rst -system
after 3000
targets -set -filter {jtag_cable_name =~ "Xilinx TUL 1234-tulA" && level==0 && jtag_device_ctx=="jsn-TUL-1234-tulA-23727093-0"}
fpga -file C:/02_PXL/SoC_PXL_2024/VHDL/PYNQ_RGB/vitis/RGB/_ide/bitstream/design_1_wrapper.bit
targets -set -nocase -filter {name =~"APU*"}
loadhw -hw C:/02_PXL/SoC_PXL_2024/VHDL/PYNQ_RGB/vitis/design_1_wrapper/export/design_1_wrapper/hw/design_1_wrapper.xsa -mem-ranges [list {0x40000000 0xbfffffff}] -regs
configparams force-mem-access 1
targets -set -nocase -filter {name =~"APU*"}
source C:/02_PXL/SoC_PXL_2024/VHDL/PYNQ_RGB/vitis/RGB/_ide/psinit/ps7_init.tcl
ps7_init
ps7_post_config
targets -set -nocase -filter {name =~ "*A9*#0"}
dow C:/02_PXL/SoC_PXL_2024/VHDL/PYNQ_RGB/vitis/RGB/Debug/RGB.elf
configparams force-mem-access 0
----------------End of Script----------------

14:48:56 INFO  : Context for processor 'ps7_cortexa9_0' is selected.
14:48:56 INFO  : 'con' command is executed.
14:48:56 INFO  : ----------------XSDB Script (After Launch)----------------
targets -set -nocase -filter {name =~ "*A9*#0"}
con
----------------End of Script----------------

14:48:56 INFO  : Launch script is exported to file 'C:\02_PXL\SoC_PXL_2024\VHDL\PYNQ_RGB\vitis\RGB_system\_ide\scripts\debugger_rgb-default.tcl'
14:49:25 INFO  : Checking for BSP changes to sync application flags for project 'RGB'...
14:49:40 INFO  : Disconnected from the channel tcfchan#4.
14:49:41 INFO  : Connected to target on host '127.0.0.1' and port '3121'.
14:49:42 INFO  : Jtag cable 'Xilinx TUL 1234-tulA' is selected.
14:49:42 INFO  : 'jtag frequency' command is executed.
14:49:42 INFO  : Context for 'APU' is selected.
14:49:42 INFO  : System reset is completed.
14:49:45 INFO  : 'after 3000' command is executed.
14:49:45 INFO  : 'targets -set -filter {jtag_cable_name =~ "Xilinx TUL 1234-tulA" && level==0 && jtag_device_ctx=="jsn-TUL-1234-tulA-23727093-0"}' command is executed.
14:49:47 INFO  : Device configured successfully with "C:/02_PXL/SoC_PXL_2024/VHDL/PYNQ_RGB/vitis/RGB/_ide/bitstream/design_1_wrapper.bit"
14:49:47 INFO  : Context for 'APU' is selected.
14:49:47 INFO  : Hardware design and registers information is loaded from 'C:/02_PXL/SoC_PXL_2024/VHDL/PYNQ_RGB/vitis/design_1_wrapper/export/design_1_wrapper/hw/design_1_wrapper.xsa'.
14:49:47 INFO  : 'configparams force-mem-access 1' command is executed.
14:49:47 INFO  : Context for 'APU' is selected.
14:49:47 INFO  : Sourcing of 'C:/02_PXL/SoC_PXL_2024/VHDL/PYNQ_RGB/vitis/RGB/_ide/psinit/ps7_init.tcl' is done.
14:49:48 INFO  : 'ps7_init' command is executed.
14:49:48 INFO  : 'ps7_post_config' command is executed.
14:49:48 INFO  : Context for processor 'ps7_cortexa9_0' is selected.
14:49:48 INFO  : The application 'C:/02_PXL/SoC_PXL_2024/VHDL/PYNQ_RGB/vitis/RGB/Debug/RGB.elf' is downloaded to processor 'ps7_cortexa9_0'.
14:49:48 INFO  : 'configparams force-mem-access 0' command is executed.
14:49:48 INFO  : ----------------XSDB Script----------------
connect -url tcp:127.0.0.1:3121
targets -set -nocase -filter {name =~"APU*"}
rst -system
after 3000
targets -set -filter {jtag_cable_name =~ "Xilinx TUL 1234-tulA" && level==0 && jtag_device_ctx=="jsn-TUL-1234-tulA-23727093-0"}
fpga -file C:/02_PXL/SoC_PXL_2024/VHDL/PYNQ_RGB/vitis/RGB/_ide/bitstream/design_1_wrapper.bit
targets -set -nocase -filter {name =~"APU*"}
loadhw -hw C:/02_PXL/SoC_PXL_2024/VHDL/PYNQ_RGB/vitis/design_1_wrapper/export/design_1_wrapper/hw/design_1_wrapper.xsa -mem-ranges [list {0x40000000 0xbfffffff}] -regs
configparams force-mem-access 1
targets -set -nocase -filter {name =~"APU*"}
source C:/02_PXL/SoC_PXL_2024/VHDL/PYNQ_RGB/vitis/RGB/_ide/psinit/ps7_init.tcl
ps7_init
ps7_post_config
targets -set -nocase -filter {name =~ "*A9*#0"}
dow C:/02_PXL/SoC_PXL_2024/VHDL/PYNQ_RGB/vitis/RGB/Debug/RGB.elf
configparams force-mem-access 0
----------------End of Script----------------

14:49:49 INFO  : Context for processor 'ps7_cortexa9_0' is selected.
14:49:49 INFO  : 'con' command is executed.
14:49:49 INFO  : ----------------XSDB Script (After Launch)----------------
targets -set -nocase -filter {name =~ "*A9*#0"}
con
----------------End of Script----------------

14:49:49 INFO  : Launch script is exported to file 'C:\02_PXL\SoC_PXL_2024\VHDL\PYNQ_RGB\vitis\RGB_system\_ide\scripts\debugger_rgb-default.tcl'
14:55:33 INFO  : Disconnected from the channel tcfchan#5.
