
*** Running vivado
    with args -log design_1_axi_timer_0_10.vds -m64 -product Vivado -mode batch -messageDb vivado.pb -notrace -source design_1_axi_timer_0_10.tcl


ECHO is off.
ECHO is off.

****** Vivado v2023.2 (64-bit)
  **** SW Build 4029153 on Fri Oct 13 20:14:34 MDT 2023
  **** IP Build 4028589 on Sat Oct 14 00:45:43 MDT 2023
  **** SharedData Build 4025554 on Tue Oct 10 17:18:54 MDT 2023
    ** Copyright 1986-2022 Xilinx, Inc. All Rights Reserved.
    ** Copyright 2022-2023 Advanced Micro Devices, Inc. All Rights Reserved.

source design_1_axi_timer_0_10.tcl -notrace
create_project: Time (s): cpu = 00:00:03 ; elapsed = 00:00:07 . Memory (MB): peak = 450.816 ; gain = 182.750
INFO: [IP_Flow 19-234] Refreshing IP repositories
INFO: [IP_Flow 19-1700] Loaded user IP repository 'c:/XilinxDev/SOC/Seppe-en-Kobe/VHDL/ip_repo'.
INFO: [IP_Flow 19-2313] Loaded Vivado IP repository 'C:/Xilinx/Vivado/2023.2/data/ip'.
INFO: [IP_Flow 19-6924] IPCACHE: Running cache check for IP inst: design_1_axi_timer_0_10
INFO: [IP_Flow 19-6922] IPCACHE: Exporting cached entry c46dd916e9da082c to dir: C:/XilinxDev/SOC/Seppe-en-Kobe/VHDL/MotorControl/MotorControl.runs/design_1_axi_timer_0_10_synth_1
INFO: [IP_Flow 19-6928] IPCACHE: copied cached file c:/XilinxDev/SOC/Seppe-en-Kobe/VHDL/MotorControl/MotorControl.cache/ip/2023.2/c/4/c46dd916e9da082c/design_1_axi_timer_0_0.dcp to C:/XilinxDev/SOC/Seppe-en-Kobe/VHDL/MotorControl/MotorControl.runs/design_1_axi_timer_0_10_synth_1/design_1_axi_timer_0_10.dcp.
INFO: [IP_Flow 19-6928] IPCACHE: copied cached file c:/XilinxDev/SOC/Seppe-en-Kobe/VHDL/MotorControl/MotorControl.cache/ip/2023.2/c/4/c46dd916e9da082c/design_1_axi_timer_0_0_sim_netlist.v to C:/XilinxDev/SOC/Seppe-en-Kobe/VHDL/MotorControl/MotorControl.runs/design_1_axi_timer_0_10_synth_1/design_1_axi_timer_0_10_sim_netlist.v.
INFO: [IP_Flow 19-6928] IPCACHE: copied cached file c:/XilinxDev/SOC/Seppe-en-Kobe/VHDL/MotorControl/MotorControl.cache/ip/2023.2/c/4/c46dd916e9da082c/design_1_axi_timer_0_0_sim_netlist.vhdl to C:/XilinxDev/SOC/Seppe-en-Kobe/VHDL/MotorControl/MotorControl.runs/design_1_axi_timer_0_10_synth_1/design_1_axi_timer_0_10_sim_netlist.vhdl.
INFO: [IP_Flow 19-6928] IPCACHE: copied cached file c:/XilinxDev/SOC/Seppe-en-Kobe/VHDL/MotorControl/MotorControl.cache/ip/2023.2/c/4/c46dd916e9da082c/design_1_axi_timer_0_0_stub.v to C:/XilinxDev/SOC/Seppe-en-Kobe/VHDL/MotorControl/MotorControl.runs/design_1_axi_timer_0_10_synth_1/design_1_axi_timer_0_10_stub.v.
INFO: [IP_Flow 19-6928] IPCACHE: copied cached file c:/XilinxDev/SOC/Seppe-en-Kobe/VHDL/MotorControl/MotorControl.cache/ip/2023.2/c/4/c46dd916e9da082c/design_1_axi_timer_0_0_stub.vhdl to C:/XilinxDev/SOC/Seppe-en-Kobe/VHDL/MotorControl/MotorControl.runs/design_1_axi_timer_0_10_synth_1/design_1_axi_timer_0_10_stub.vhdl.
INFO: [IP_Flow 19-4838] Using cached IP synthesis design for IP design_1_axi_timer_0_10, cache-ID = c46dd916e9da082c.
INFO: [Common 17-206] Exiting Vivado at Fri Apr 26 10:27:34 2024...
