
*** Running vivado
    with args -log design_1_wrapper.vds -m64 -product Vivado -mode batch -messageDb vivado.pb -notrace -source design_1_wrapper.tcl


ECHO is off.
ECHO is off.

****** Vivado v2023.2 (64-bit)
  **** SW Build 4029153 on Fri Oct 13 20:14:34 MDT 2023
  **** IP Build 4028589 on Sat Oct 14 00:45:43 MDT 2023
  **** SharedData Build 4025554 on Tue Oct 10 17:18:54 MDT 2023
    ** Copyright 1986-2022 Xilinx, Inc. All Rights Reserved.
    ** Copyright 2022-2023 Advanced Micro Devices, Inc. All Rights Reserved.

source design_1_wrapper.tcl -notrace
create_project: Time (s): cpu = 00:00:01 ; elapsed = 00:00:06 . Memory (MB): peak = 451.551 ; gain = 183.062
INFO: [IP_Flow 19-234] Refreshing IP repositories
INFO: [IP_Flow 19-1704] No user IP repositories specified
INFO: [IP_Flow 19-2313] Loaded Vivado IP repository 'C:/Xilinx/Vivado/2023.2/data/ip'.
Command: read_checkpoint -auto_incremental -incremental C:/02_PXL/SoC_PXL_2024/hardware_block/Speed_Sensor/Speed_Sensor.srcs/utils_1/imports/synth_1/SpeedCounter.dcp
INFO: [Vivado 12-5825] Read reference checkpoint from C:/02_PXL/SoC_PXL_2024/hardware_block/Speed_Sensor/Speed_Sensor.srcs/utils_1/imports/synth_1/SpeedCounter.dcp for incremental synthesis
INFO: [Vivado 12-7989] Please ensure there are no constraint changes
Command: synth_design -top design_1_wrapper -part xc7z020clg400-1
Starting synth_design
Attempting to get a license for feature 'Synthesis' and/or device 'xc7z020'
INFO: [Common 17-349] Got license for feature 'Synthesis' and/or device 'xc7z020'
INFO: [Device 21-403] Loading part xc7z020clg400-1
INFO: [Designutils 20-5440] No compile time benefit to using incremental synthesis; A full resynthesis will be run
INFO: [Designutils 20-4379] Flow is switching to default flow due to incremental criteria not met. If you would like to alter this behaviour and have the flow terminate instead, please set the following parameter config_implementation {autoIncr.Synth.RejectBehavior Terminate}
INFO: [Synth 8-7079] Multithreading enabled for synth_design using a maximum of 2 processes.
INFO: [Synth 8-7078] Launching helper process for spawning children vivado processes
INFO: [Synth 8-7075] Helper process launched with PID 19984
---------------------------------------------------------------------------------
Starting RTL Elaboration : Time (s): cpu = 00:00:02 ; elapsed = 00:00:05 . Memory (MB): peak = 1335.344 ; gain = 440.051
---------------------------------------------------------------------------------
INFO: [Synth 8-638] synthesizing module 'design_1_wrapper' [c:/02_PXL/SoC_PXL_2024/hardware_block/Speed_Sensor/Speed_Sensor.gen/sources_1/bd/design_1/hdl/design_1_wrapper.vhd:22]
INFO: [Synth 8-3491] module 'design_1' declared at 'c:/02_PXL/SoC_PXL_2024/hardware_block/Speed_Sensor/Speed_Sensor.gen/sources_1/bd/design_1/synth/design_1.vhd:15' bound to instance 'design_1_i' of component 'design_1' [c:/02_PXL/SoC_PXL_2024/hardware_block/Speed_Sensor/Speed_Sensor.gen/sources_1/bd/design_1/hdl/design_1_wrapper.vhd:30]
INFO: [Synth 8-638] synthesizing module 'design_1' [c:/02_PXL/SoC_PXL_2024/hardware_block/Speed_Sensor/Speed_Sensor.gen/sources_1/bd/design_1/synth/design_1.vhd:26]
INFO: [Synth 8-3491] module 'design_1_SpeedCounter_0_0' declared at 'C:/02_PXL/SoC_PXL_2024/hardware_block/Speed_Sensor/Speed_Sensor.runs/synth_1/.Xil/Vivado-7952-Wheatley/realtime/design_1_SpeedCounter_0_0_stub.vhdl:6' bound to instance 'SpeedCounter_0' of component 'design_1_SpeedCounter_0_0' [c:/02_PXL/SoC_PXL_2024/hardware_block/Speed_Sensor/Speed_Sensor.gen/sources_1/bd/design_1/synth/design_1.vhd:63]
INFO: [Synth 8-638] synthesizing module 'design_1_SpeedCounter_0_0' [C:/02_PXL/SoC_PXL_2024/hardware_block/Speed_Sensor/Speed_Sensor.runs/synth_1/.Xil/Vivado-7952-Wheatley/realtime/design_1_SpeedCounter_0_0_stub.vhdl:17]
INFO: [Synth 8-3491] module 'design_1_clk_wiz_0_1' declared at 'C:/02_PXL/SoC_PXL_2024/hardware_block/Speed_Sensor/Speed_Sensor.runs/synth_1/.Xil/Vivado-7952-Wheatley/realtime/design_1_clk_wiz_0_1_stub.vhdl:6' bound to instance 'clk_wiz_0' of component 'design_1_clk_wiz_0_1' [c:/02_PXL/SoC_PXL_2024/hardware_block/Speed_Sensor/Speed_Sensor.gen/sources_1/bd/design_1/synth/design_1.vhd:71]
INFO: [Synth 8-638] synthesizing module 'design_1_clk_wiz_0_1' [C:/02_PXL/SoC_PXL_2024/hardware_block/Speed_Sensor/Speed_Sensor.runs/synth_1/.Xil/Vivado-7952-Wheatley/realtime/design_1_clk_wiz_0_1_stub.vhdl:14]
INFO: [Synth 8-3491] module 'design_1_vio_0_1' declared at 'C:/02_PXL/SoC_PXL_2024/hardware_block/Speed_Sensor/Speed_Sensor.runs/synth_1/.Xil/Vivado-7952-Wheatley/realtime/design_1_vio_0_1_stub.vhdl:6' bound to instance 'vio_0' of component 'design_1_vio_0_1' [c:/02_PXL/SoC_PXL_2024/hardware_block/Speed_Sensor/Speed_Sensor.gen/sources_1/bd/design_1/synth/design_1.vhd:76]
INFO: [Synth 8-638] synthesizing module 'design_1_vio_0_1' [C:/02_PXL/SoC_PXL_2024/hardware_block/Speed_Sensor/Speed_Sensor.runs/synth_1/.Xil/Vivado-7952-Wheatley/realtime/design_1_vio_0_1_stub.vhdl:16]
INFO: [Synth 8-256] done synthesizing module 'design_1' (0#1) [c:/02_PXL/SoC_PXL_2024/hardware_block/Speed_Sensor/Speed_Sensor.gen/sources_1/bd/design_1/synth/design_1.vhd:26]
INFO: [Synth 8-256] done synthesizing module 'design_1_wrapper' (0#1) [c:/02_PXL/SoC_PXL_2024/hardware_block/Speed_Sensor/Speed_Sensor.gen/sources_1/bd/design_1/hdl/design_1_wrapper.vhd:22]
---------------------------------------------------------------------------------
Finished RTL Elaboration : Time (s): cpu = 00:00:02 ; elapsed = 00:00:07 . Memory (MB): peak = 1442.434 ; gain = 547.141
---------------------------------------------------------------------------------
---------------------------------------------------------------------------------
Start Handling Custom Attributes
---------------------------------------------------------------------------------
---------------------------------------------------------------------------------
Finished Handling Custom Attributes : Time (s): cpu = 00:00:02 ; elapsed = 00:00:07 . Memory (MB): peak = 1442.434 ; gain = 547.141
---------------------------------------------------------------------------------
---------------------------------------------------------------------------------
Finished RTL Optimization Phase 1 : Time (s): cpu = 00:00:02 ; elapsed = 00:00:07 . Memory (MB): peak = 1442.434 ; gain = 547.141
---------------------------------------------------------------------------------
Netlist sorting complete. Time (s): cpu = 00:00:00 ; elapsed = 00:00:00.001 . Memory (MB): peak = 1442.434 ; gain = 0.000
INFO: [Project 1-570] Preparing netlist for logic optimization

Processing XDC Constraints
Initializing timing engine
Parsing XDC File [c:/02_PXL/SoC_PXL_2024/hardware_block/Speed_Sensor/Speed_Sensor.gen/sources_1/bd/design_1/ip/design_1_SpeedCounter_0_0/design_1_SpeedCounter_0_0/design_1_SpeedCounter_0_0_in_context.xdc] for cell 'design_1_i/SpeedCounter_0'
Finished Parsing XDC File [c:/02_PXL/SoC_PXL_2024/hardware_block/Speed_Sensor/Speed_Sensor.gen/sources_1/bd/design_1/ip/design_1_SpeedCounter_0_0/design_1_SpeedCounter_0_0/design_1_SpeedCounter_0_0_in_context.xdc] for cell 'design_1_i/SpeedCounter_0'
Parsing XDC File [c:/02_PXL/SoC_PXL_2024/hardware_block/Speed_Sensor/Speed_Sensor.gen/sources_1/bd/design_1/ip/design_1_vio_0_1/design_1_vio_0_1/design_1_vio_0_1_in_context.xdc] for cell 'design_1_i/vio_0'
Finished Parsing XDC File [c:/02_PXL/SoC_PXL_2024/hardware_block/Speed_Sensor/Speed_Sensor.gen/sources_1/bd/design_1/ip/design_1_vio_0_1/design_1_vio_0_1/design_1_vio_0_1_in_context.xdc] for cell 'design_1_i/vio_0'
Parsing XDC File [c:/02_PXL/SoC_PXL_2024/hardware_block/Speed_Sensor/Speed_Sensor.gen/sources_1/bd/design_1/ip/design_1_clk_wiz_0_1/design_1_clk_wiz_0_1/design_1_clk_wiz_0_1_in_context.xdc] for cell 'design_1_i/clk_wiz_0'
Finished Parsing XDC File [c:/02_PXL/SoC_PXL_2024/hardware_block/Speed_Sensor/Speed_Sensor.gen/sources_1/bd/design_1/ip/design_1_clk_wiz_0_1/design_1_clk_wiz_0_1/design_1_clk_wiz_0_1_in_context.xdc] for cell 'design_1_i/clk_wiz_0'
Parsing XDC File [C:/02_PXL/SoC_PXL_2024/hardware_block/Speed_Sensor/Speed_Sensor.srcs/constrs_1/new/io.xdc]
WARNING: [Vivado 12-584] No ports matched 'speed_pin'. [C:/02_PXL/SoC_PXL_2024/hardware_block/Speed_Sensor/Speed_Sensor.srcs/constrs_1/new/io.xdc:6]
WARNING: [Vivado 12-584] No ports matched 'speed_pin'. [C:/02_PXL/SoC_PXL_2024/hardware_block/Speed_Sensor/Speed_Sensor.srcs/constrs_1/new/io.xdc:7]
Finished Parsing XDC File [C:/02_PXL/SoC_PXL_2024/hardware_block/Speed_Sensor/Speed_Sensor.srcs/constrs_1/new/io.xdc]
WARNING: [Project 1-498] One or more constraints failed evaluation while reading constraint file [C:/02_PXL/SoC_PXL_2024/hardware_block/Speed_Sensor/Speed_Sensor.srcs/constrs_1/new/io.xdc] and the design contains unresolved black boxes. These constraints will be read post-synthesis (as long as their source constraint file is marked as used_in_implementation) and should be applied correctly then. You should review the constraints listed in the file [.Xil/design_1_wrapper_propImpl.xdc] and check the run log file to verify that these constraints were correctly applied.
INFO: [Project 1-236] Implementation specific constraints were found while reading constraint file [C:/02_PXL/SoC_PXL_2024/hardware_block/Speed_Sensor/Speed_Sensor.srcs/constrs_1/new/io.xdc]. These constraints will be ignored for synthesis but will be used in implementation. Impacted constraints are listed in the file [.Xil/design_1_wrapper_propImpl.xdc].
Resolution: To avoid this warning, move constraints listed in [.Xil/design_1_wrapper_propImpl.xdc] to another XDC file and exclude this new file from synthesis with the used_in_synthesis property (File Properties dialog in GUI) and re-run elaboration/synthesis.
Parsing XDC File [C:/02_PXL/SoC_PXL_2024/hardware_block/Speed_Sensor/Speed_Sensor.runs/synth_1/dont_touch.xdc]
Finished Parsing XDC File [C:/02_PXL/SoC_PXL_2024/hardware_block/Speed_Sensor/Speed_Sensor.runs/synth_1/dont_touch.xdc]
Completed Processing XDC Constraints

Netlist sorting complete. Time (s): cpu = 00:00:00 ; elapsed = 00:00:00 . Memory (MB): peak = 1442.434 ; gain = 0.000
INFO: [Project 1-111] Unisim Transformation Summary:
No Unisim elements were transformed.

The system cannot find the path specified.
Constraint Validation Runtime : Time (s): cpu = 00:00:00 ; elapsed = 00:00:00.003 . Memory (MB): peak = 1442.434 ; gain = 0.000
INFO: [Designutils 20-5440] No compile time benefit to using incremental synthesis; A full resynthesis will be run
INFO: [Designutils 20-4379] Flow is switching to default flow due to incremental criteria not met. If you would like to alter this behaviour and have the flow terminate instead, please set the following parameter config_implementation {autoIncr.Synth.RejectBehavior Terminate}
---------------------------------------------------------------------------------
Finished Constraint Validation : Time (s): cpu = 00:00:02 ; elapsed = 00:00:14 . Memory (MB): peak = 1442.434 ; gain = 547.141
---------------------------------------------------------------------------------
---------------------------------------------------------------------------------
Start Loading Part and Timing Information
---------------------------------------------------------------------------------
Loading part: xc7z020clg400-1
---------------------------------------------------------------------------------
Finished Loading Part and Timing Information : Time (s): cpu = 00:00:02 ; elapsed = 00:00:14 . Memory (MB): peak = 1442.434 ; gain = 547.141
---------------------------------------------------------------------------------
---------------------------------------------------------------------------------
Start Applying 'set_property' XDC Constraints
---------------------------------------------------------------------------------
Applied set_property IO_BUFFER_TYPE = NONE for clk_in1_0. (constraint file  c:/02_PXL/SoC_PXL_2024/hardware_block/Speed_Sensor/Speed_Sensor.gen/sources_1/bd/design_1/ip/design_1_clk_wiz_0_1/design_1_clk_wiz_0_1/design_1_clk_wiz_0_1_in_context.xdc, line 3).
Applied set_property CLOCK_BUFFER_TYPE = NONE for clk_in1_0. (constraint file  c:/02_PXL/SoC_PXL_2024/hardware_block/Speed_Sensor/Speed_Sensor.gen/sources_1/bd/design_1/ip/design_1_clk_wiz_0_1/design_1_clk_wiz_0_1/design_1_clk_wiz_0_1_in_context.xdc, line 4).
Applied set_property KEEP_HIERARCHY = SOFT for design_1_i. (constraint file  auto generated constraint).
Applied set_property KEEP_HIERARCHY = SOFT for design_1_i/SpeedCounter_0. (constraint file  auto generated constraint).
Applied set_property KEEP_HIERARCHY = SOFT for design_1_i/vio_0. (constraint file  auto generated constraint).
Applied set_property KEEP_HIERARCHY = SOFT for design_1_i/clk_wiz_0. (constraint file  auto generated constraint).
---------------------------------------------------------------------------------
Finished applying 'set_property' XDC Constraints : Time (s): cpu = 00:00:02 ; elapsed = 00:00:14 . Memory (MB): peak = 1442.434 ; gain = 547.141
---------------------------------------------------------------------------------
---------------------------------------------------------------------------------
Finished RTL Optimization Phase 2 : Time (s): cpu = 00:00:02 ; elapsed = 00:00:14 . Memory (MB): peak = 1442.434 ; gain = 547.141
---------------------------------------------------------------------------------
---------------------------------------------------------------------------------
Start RTL Component Statistics 
---------------------------------------------------------------------------------
Detailed RTL Component Info : 
---------------------------------------------------------------------------------
Finished RTL Component Statistics 
---------------------------------------------------------------------------------
---------------------------------------------------------------------------------
Start Part Resource Summary
---------------------------------------------------------------------------------
Part Resources:
DSPs: 220 (col length:60)
BRAMs: 280 (col length: RAMB18 60 RAMB36 30)
---------------------------------------------------------------------------------
Finished Part Resource Summary
---------------------------------------------------------------------------------
---------------------------------------------------------------------------------
Start Cross Boundary and Area Optimization
---------------------------------------------------------------------------------
WARNING: [Synth 8-7080] Parallel synthesis criteria is not met
---------------------------------------------------------------------------------
Finished Cross Boundary and Area Optimization : Time (s): cpu = 00:00:03 ; elapsed = 00:00:16 . Memory (MB): peak = 1442.434 ; gain = 547.141
---------------------------------------------------------------------------------
---------------------------------------------------------------------------------
Start Applying XDC Timing Constraints
---------------------------------------------------------------------------------
---------------------------------------------------------------------------------
Finished Applying XDC Timing Constraints : Time (s): cpu = 00:00:03 ; elapsed = 00:00:21 . Memory (MB): peak = 1442.434 ; gain = 547.141
---------------------------------------------------------------------------------
---------------------------------------------------------------------------------
Start Timing Optimization
---------------------------------------------------------------------------------
---------------------------------------------------------------------------------
Finished Timing Optimization : Time (s): cpu = 00:00:03 ; elapsed = 00:00:21 . Memory (MB): peak = 1442.434 ; gain = 547.141
---------------------------------------------------------------------------------
---------------------------------------------------------------------------------
Start Technology Mapping
---------------------------------------------------------------------------------
---------------------------------------------------------------------------------
Finished Technology Mapping : Time (s): cpu = 00:00:03 ; elapsed = 00:00:21 . Memory (MB): peak = 1442.434 ; gain = 547.141
---------------------------------------------------------------------------------
---------------------------------------------------------------------------------
Start IO Insertion
---------------------------------------------------------------------------------
---------------------------------------------------------------------------------
Start Flattening Before IO Insertion
---------------------------------------------------------------------------------
---------------------------------------------------------------------------------
Finished Flattening Before IO Insertion
---------------------------------------------------------------------------------
---------------------------------------------------------------------------------
Start Final Netlist Cleanup
---------------------------------------------------------------------------------
---------------------------------------------------------------------------------
Finished Final Netlist Cleanup
---------------------------------------------------------------------------------
---------------------------------------------------------------------------------
Finished IO Insertion : Time (s): cpu = 00:00:03 ; elapsed = 00:00:25 . Memory (MB): peak = 1442.434 ; gain = 547.141
---------------------------------------------------------------------------------
---------------------------------------------------------------------------------
Start Renaming Generated Instances
---------------------------------------------------------------------------------
---------------------------------------------------------------------------------
Finished Renaming Generated Instances : Time (s): cpu = 00:00:03 ; elapsed = 00:00:25 . Memory (MB): peak = 1442.434 ; gain = 547.141
---------------------------------------------------------------------------------
---------------------------------------------------------------------------------
Start Rebuilding User Hierarchy
---------------------------------------------------------------------------------
---------------------------------------------------------------------------------
Finished Rebuilding User Hierarchy : Time (s): cpu = 00:00:03 ; elapsed = 00:00:25 . Memory (MB): peak = 1442.434 ; gain = 547.141
---------------------------------------------------------------------------------
---------------------------------------------------------------------------------
Start Renaming Generated Ports
---------------------------------------------------------------------------------
---------------------------------------------------------------------------------
Finished Renaming Generated Ports : Time (s): cpu = 00:00:03 ; elapsed = 00:00:25 . Memory (MB): peak = 1442.434 ; gain = 547.141
---------------------------------------------------------------------------------
---------------------------------------------------------------------------------
Start Handling Custom Attributes
---------------------------------------------------------------------------------
---------------------------------------------------------------------------------
Finished Handling Custom Attributes : Time (s): cpu = 00:00:03 ; elapsed = 00:00:25 . Memory (MB): peak = 1442.434 ; gain = 547.141
---------------------------------------------------------------------------------
---------------------------------------------------------------------------------
Start Renaming Generated Nets
---------------------------------------------------------------------------------
---------------------------------------------------------------------------------
Finished Renaming Generated Nets : Time (s): cpu = 00:00:03 ; elapsed = 00:00:25 . Memory (MB): peak = 1442.434 ; gain = 547.141
---------------------------------------------------------------------------------
---------------------------------------------------------------------------------
Start Writing Synthesis Report
---------------------------------------------------------------------------------

Report BlackBoxes: 
+------+--------------------------+----------+
|      |BlackBox name             |Instances |
+------+--------------------------+----------+
|1     |design_1_SpeedCounter_0_0 |         1|
|2     |design_1_clk_wiz_0_1      |         1|
|3     |design_1_vio_0_1          |         1|
+------+--------------------------+----------+

Report Cell Usage: 
+------+-------------------------------+------+
|      |Cell                           |Count |
+------+-------------------------------+------+
|1     |design_1_SpeedCounter_0_0_bbox |     1|
|2     |design_1_clk_wiz_0_1_bbox      |     1|
|3     |design_1_vio_0_1_bbox          |     1|
|4     |IBUF                           |     1|
+------+-------------------------------+------+
---------------------------------------------------------------------------------
Finished Writing Synthesis Report : Time (s): cpu = 00:00:03 ; elapsed = 00:00:25 . Memory (MB): peak = 1442.434 ; gain = 547.141
---------------------------------------------------------------------------------
Synthesis finished with 0 errors, 0 critical warnings and 1 warnings.
Synthesis Optimization Runtime : Time (s): cpu = 00:00:01 ; elapsed = 00:00:23 . Memory (MB): peak = 1442.434 ; gain = 547.141
Synthesis Optimization Complete : Time (s): cpu = 00:00:03 ; elapsed = 00:00:25 . Memory (MB): peak = 1442.434 ; gain = 547.141
INFO: [Project 1-571] Translating synthesized netlist
Netlist sorting complete. Time (s): cpu = 00:00:00 ; elapsed = 00:00:00 . Memory (MB): peak = 1442.434 ; gain = 0.000
INFO: [Project 1-570] Preparing netlist for logic optimization
INFO: [Opt 31-138] Pushed 0 inverter(s) to 0 load pin(s).
Netlist sorting complete. Time (s): cpu = 00:00:00 ; elapsed = 00:00:00 . Memory (MB): peak = 1442.434 ; gain = 0.000
INFO: [Project 1-111] Unisim Transformation Summary:
No Unisim elements were transformed.

The system cannot find the path specified.
Synth Design complete | Checksum: eb52e828
INFO: [Common 17-83] Releasing license: Synthesis
33 Infos, 4 Warnings, 0 Critical Warnings and 0 Errors encountered.
synth_design completed successfully
synth_design: Time (s): cpu = 00:00:05 ; elapsed = 00:00:30 . Memory (MB): peak = 1442.434 ; gain = 969.598
Write ShapeDB Complete: Time (s): cpu = 00:00:00 ; elapsed = 00:00:00 . Memory (MB): peak = 1442.434 ; gain = 0.000
INFO: [Common 17-1381] The checkpoint 'C:/02_PXL/SoC_PXL_2024/hardware_block/Speed_Sensor/Speed_Sensor.runs/synth_1/design_1_wrapper.dcp' has been generated.
INFO: [runtcl-4] Executing : report_utilization -file design_1_wrapper_utilization_synth.rpt -pb design_1_wrapper_utilization_synth.pb
INFO: [Common 17-206] Exiting Vivado at Fri Mar 29 11:50:33 2024...
